ARM GAS  /tmp/ccGKNPWd.s 			page 1


   1              		.cpu cortex-m3
   2              		.eabi_attribute 20, 1
   3              		.eabi_attribute 21, 1
   4              		.eabi_attribute 23, 3
   5              		.eabi_attribute 24, 1
   6              		.eabi_attribute 25, 1
   7              		.eabi_attribute 26, 1
   8              		.eabi_attribute 30, 1
   9              		.eabi_attribute 34, 1
  10              		.eabi_attribute 18, 4
  11              		.file	"BLDC_controller_data.c"
  12              		.text
  13              	.Ltext0:
  14              		.cfi_sections	.debug_frame
  15              		.global	rtP_Left
  16              		.global	rtConstP
  17              		.section	.data.rtP_Left,"aw"
  18              		.align	2
  21              	rtP_Left:
  22 0000 00300000 		.word	12288
  23 0004 2800     		.short	40
  24 0006 1400     		.short	20
  25 0008 0000     		.short	0
  26 000a D007     		.short	2000
  27 000c AB29     		.short	10667
  28 000e 8025     		.short	9600
  29 0010 0005     		.short	1280
  30 0012 4038     		.short	14400
  31 0014 4038     		.short	14400
  32 0016 3C38     		.short	14396
  33 0018 3238     		.short	14386
  34 001a 2038     		.short	14368
  35 001c 0738     		.short	14343
  36 001e E737     		.short	14311
  37 0020 BF37     		.short	14271
  38 0022 9137     		.short	14225
  39 0024 5B37     		.short	14171
  40 0026 1D37     		.short	14109
  41 0028 D836     		.short	14040
  42 002a 8B36     		.short	13963
  43 002c 3736     		.short	13879
  44 002e DA35     		.short	13786
  45 0030 7535     		.short	13685
  46 0032 0835     		.short	13576
  47 0034 9334     		.short	13459
  48 0036 1534     		.short	13333
  49 0038 8E33     		.short	13198
  50 003a FD32     		.short	13053
  51 003c 6432     		.short	12900
  52 003e C031     		.short	12736
  53 0040 1231     		.short	12562
  54 0042 5930     		.short	12377
  55 0044 952F     		.short	12181
  56 0046 C52E     		.short	11973
  57 0048 E92D     		.short	11753
  58 004a 002D     		.short	11520
  59 004c 092C     		.short	11273
ARM GAS  /tmp/ccGKNPWd.s 			page 2


  60 004e 032B     		.short	11011
  61 0050 ED29     		.short	10733
  62 0052 C628     		.short	10438
  63 0054 8C27     		.short	10124
  64 0056 3E26     		.short	9790
  65 0058 D924     		.short	9433
  66 005a 5B23     		.short	9051
  67 005c C021     		.short	8640
  68 005e 0420     		.short	8196
  69 0060 211E     		.short	7713
  70 0062 101C     		.short	7184
  71 0064 C519     		.short	6597
  72 0066 2F17     		.short	5935
  73 0068 3214     		.short	5170
  74 006a 9510     		.short	4245
  75 006c CB0B     		.short	3019
  76 006e 0000     		.short	0
  77 0070 0000     		.short	0
  78 0072 4001     		.short	320
  79 0074 8002     		.short	640
  80 0076 C003     		.short	960
  81 0078 0005     		.short	1280
  82 007a 4006     		.short	1600
  83 007c 8007     		.short	1920
  84 007e C008     		.short	2240
  85 0080 000A     		.short	2560
  86 0082 400B     		.short	2880
  87 0084 800C     		.short	3200
  88 0086 C00D     		.short	3520
  89 0088 000F     		.short	3840
  90 008a 4010     		.short	4160
  91 008c 8011     		.short	4480
  92 008e C012     		.short	4800
  93 0090 0014     		.short	5120
  94 0092 4015     		.short	5440
  95 0094 8016     		.short	5760
  96 0096 C017     		.short	6080
  97 0098 0019     		.short	6400
  98 009a 401A     		.short	6720
  99 009c 801B     		.short	7040
 100 009e C01C     		.short	7360
 101 00a0 001E     		.short	7680
 102 00a2 401F     		.short	8000
 103 00a4 8020     		.short	8320
 104 00a6 C021     		.short	8640
 105 00a8 0023     		.short	8960
 106 00aa 4024     		.short	9280
 107 00ac 8025     		.short	9600
 108 00ae C026     		.short	9920
 109 00b0 0028     		.short	10240
 110 00b2 4029     		.short	10560
 111 00b4 802A     		.short	10880
 112 00b6 C02B     		.short	11200
 113 00b8 002D     		.short	11520
 114 00ba 402E     		.short	11840
 115 00bc 802F     		.short	12160
 116 00be C030     		.short	12480
ARM GAS  /tmp/ccGKNPWd.s 			page 3


 117 00c0 0032     		.short	12800
 118 00c2 4033     		.short	13120
 119 00c4 8034     		.short	13440
 120 00c6 C035     		.short	13760
 121 00c8 0037     		.short	14080
 122 00ca 4038     		.short	14400
 123 00cc 9001     		.short	400
 124 00ce E02E     		.short	12000
 125 00d0 A00F     		.short	4000
 126 00d2 F000     		.short	240
 127 00d4 E001     		.short	480
 128 00d6 0019     		.short	6400
 129 00d8 C012     		.short	4800
 130 00da 803E     		.short	16000
 131 00dc 3000     		.short	48
 132 00de 8025     		.short	9600
 133 00e0 803E     		.short	16000
 134 00e2 E02E     		.short	12000
 135 00e4 0003     		.short	768
 136 00e6 3303     		.short	819
 137 00e8 CD04     		.short	1229
 138 00ea E112     		.short	4833
 139 00ec B81E     		.short	7864
 140 00ee E102     		.short	737
 141 00f0 CD04     		.short	1229
 142 00f2 E102     		.short	737
 143 00f4 FB00     		.short	251
 144 00f6 F600     		.short	246
 145 00f8 0F       		.byte	15
 146 00f9 02       		.byte	2
 147 00fa 00       		.byte	0
 148 00fb 00       		.byte	0
 149 00fc 00       		.byte	0
 150 00fd 01       		.byte	1
 151 00fe 00       		.byte	0
 152 00ff 00       		.space	1
 153              		.section	.rodata.rtConstP,"a"
 154              		.align	2
 157              	rtConstP:
 158 0000 0020     		.short	8192
 159 0002 EA21     		.short	8682
 160 0004 CA23     		.short	9162
 161 0006 9E25     		.short	9630
 162 0008 6727     		.short	10087
 163 000a 2329     		.short	10531
 164 000c D32A     		.short	10963
 165 000e 752C     		.short	11381
 166 0010 0A2E     		.short	11786
 167 0012 902F     		.short	12176
 168 0014 0731     		.short	12551
 169 0016 6F32     		.short	12911
 170 0018 C733     		.short	13255
 171 001a 0F35     		.short	13583
 172 001c 4636     		.short	13894
 173 001e 6D37     		.short	14189
 174 0020 8238     		.short	14466
 175 0022 8639     		.short	14726
ARM GAS  /tmp/ccGKNPWd.s 			page 4


 176 0024 783A     		.short	14968
 177 0026 573B     		.short	15191
 178 0028 243C     		.short	15396
 179 002a DE3C     		.short	15582
 180 002c 853D     		.short	15749
 181 002e 193E     		.short	15897
 182 0030 9A3E     		.short	16026
 183 0032 073F     		.short	16135
 184 0034 613F     		.short	16225
 185 0036 A63F     		.short	16294
 186 0038 D83F     		.short	16344
 187 003a F63F     		.short	16374
 188 003c 0040     		.short	16384
 189 003e F63F     		.short	16374
 190 0040 D83F     		.short	16344
 191 0042 A63F     		.short	16294
 192 0044 613F     		.short	16225
 193 0046 073F     		.short	16135
 194 0048 9A3E     		.short	16026
 195 004a 193E     		.short	15897
 196 004c 853D     		.short	15749
 197 004e DE3C     		.short	15582
 198 0050 243C     		.short	15396
 199 0052 573B     		.short	15191
 200 0054 783A     		.short	14968
 201 0056 8639     		.short	14726
 202 0058 8238     		.short	14466
 203 005a 6D37     		.short	14189
 204 005c 4636     		.short	13894
 205 005e 0F35     		.short	13583
 206 0060 C733     		.short	13255
 207 0062 6F32     		.short	12911
 208 0064 0731     		.short	12551
 209 0066 902F     		.short	12176
 210 0068 0A2E     		.short	11786
 211 006a 752C     		.short	11381
 212 006c D32A     		.short	10963
 213 006e 2329     		.short	10531
 214 0070 6727     		.short	10087
 215 0072 9E25     		.short	9630
 216 0074 CA23     		.short	9162
 217 0076 EA21     		.short	8682
 218 0078 0020     		.short	8192
 219 007a 0C1E     		.short	7692
 220 007c 0E1C     		.short	7182
 221 007e 081A     		.short	6664
 222 0080 FA17     		.short	6138
 223 0082 E415     		.short	5604
 224 0084 C713     		.short	5063
 225 0086 A411     		.short	4516
 226 0088 7C0F     		.short	3964
 227 008a 4E0D     		.short	3406
 228 008c 1D0B     		.short	2845
 229 008e E808     		.short	2280
 230 0090 B106     		.short	1713
 231 0092 7704     		.short	1143
 232 0094 3C02     		.short	572
ARM GAS  /tmp/ccGKNPWd.s 			page 5


 233 0096 0000     		.short	0
 234 0098 C4FD     		.short	-572
 235 009a 89FB     		.short	-1143
 236 009c 4FF9     		.short	-1713
 237 009e 18F7     		.short	-2280
 238 00a0 E3F4     		.short	-2845
 239 00a2 B2F2     		.short	-3406
 240 00a4 84F0     		.short	-3964
 241 00a6 5CEE     		.short	-4516
 242 00a8 39EC     		.short	-5063
 243 00aa 1CEA     		.short	-5604
 244 00ac 06E8     		.short	-6138
 245 00ae F8E5     		.short	-6664
 246 00b0 F2E3     		.short	-7182
 247 00b2 F4E1     		.short	-7692
 248 00b4 00E0     		.short	-8192
 249 00b6 16DE     		.short	-8682
 250 00b8 36DC     		.short	-9162
 251 00ba 62DA     		.short	-9630
 252 00bc 99D8     		.short	-10087
 253 00be DDD6     		.short	-10531
 254 00c0 2DD5     		.short	-10963
 255 00c2 8BD3     		.short	-11381
 256 00c4 F6D1     		.short	-11786
 257 00c6 70D0     		.short	-12176
 258 00c8 F9CE     		.short	-12551
 259 00ca 91CD     		.short	-12911
 260 00cc 39CC     		.short	-13255
 261 00ce F1CA     		.short	-13583
 262 00d0 BAC9     		.short	-13894
 263 00d2 93C8     		.short	-14189
 264 00d4 7EC7     		.short	-14466
 265 00d6 7AC6     		.short	-14726
 266 00d8 88C5     		.short	-14968
 267 00da A9C4     		.short	-15191
 268 00dc DCC3     		.short	-15396
 269 00de 22C3     		.short	-15582
 270 00e0 7BC2     		.short	-15749
 271 00e2 E7C1     		.short	-15897
 272 00e4 66C1     		.short	-16026
 273 00e6 F9C0     		.short	-16135
 274 00e8 9FC0     		.short	-16225
 275 00ea 5AC0     		.short	-16294
 276 00ec 28C0     		.short	-16344
 277 00ee 0AC0     		.short	-16374
 278 00f0 00C0     		.short	-16384
 279 00f2 0AC0     		.short	-16374
 280 00f4 28C0     		.short	-16344
 281 00f6 5AC0     		.short	-16294
 282 00f8 9FC0     		.short	-16225
 283 00fa F9C0     		.short	-16135
 284 00fc 66C1     		.short	-16026
 285 00fe E7C1     		.short	-15897
 286 0100 7BC2     		.short	-15749
 287 0102 22C3     		.short	-15582
 288 0104 DCC3     		.short	-15396
 289 0106 A9C4     		.short	-15191
ARM GAS  /tmp/ccGKNPWd.s 			page 6


 290 0108 88C5     		.short	-14968
 291 010a 7AC6     		.short	-14726
 292 010c 7EC7     		.short	-14466
 293 010e 93C8     		.short	-14189
 294 0110 BAC9     		.short	-13894
 295 0112 F1CA     		.short	-13583
 296 0114 39CC     		.short	-13255
 297 0116 91CD     		.short	-12911
 298 0118 F9CE     		.short	-12551
 299 011a 70D0     		.short	-12176
 300 011c F6D1     		.short	-11786
 301 011e 8BD3     		.short	-11381
 302 0120 2DD5     		.short	-10963
 303 0122 DDD6     		.short	-10531
 304 0124 99D8     		.short	-10087
 305 0126 62DA     		.short	-9630
 306 0128 36DC     		.short	-9162
 307 012a 16DE     		.short	-8682
 308 012c 00E0     		.short	-8192
 309 012e F4E1     		.short	-7692
 310 0130 F2E3     		.short	-7182
 311 0132 F8E5     		.short	-6664
 312 0134 06E8     		.short	-6138
 313 0136 1CEA     		.short	-5604
 314 0138 39EC     		.short	-5063
 315 013a 5CEE     		.short	-4516
 316 013c 84F0     		.short	-3964
 317 013e B2F2     		.short	-3406
 318 0140 E3F4     		.short	-2845
 319 0142 18F7     		.short	-2280
 320 0144 4FF9     		.short	-1713
 321 0146 89FB     		.short	-1143
 322 0148 C4FD     		.short	-572
 323 014a 0000     		.short	0
 324 014c 3C02     		.short	572
 325 014e 7704     		.short	1143
 326 0150 B106     		.short	1713
 327 0152 E808     		.short	2280
 328 0154 1D0B     		.short	2845
 329 0156 4E0D     		.short	3406
 330 0158 7C0F     		.short	3964
 331 015a A411     		.short	4516
 332 015c C713     		.short	5063
 333 015e E415     		.short	5604
 334 0160 FA17     		.short	6138
 335 0162 081A     		.short	6664
 336 0164 0E1C     		.short	7182
 337 0166 0C1E     		.short	7692
 338 0168 0020     		.short	8192
 339 016a 6D37     		.short	14189
 340 016c 4636     		.short	13894
 341 016e 0F35     		.short	13583
 342 0170 C733     		.short	13255
 343 0172 6F32     		.short	12911
 344 0174 0731     		.short	12551
 345 0176 902F     		.short	12176
 346 0178 0A2E     		.short	11786
ARM GAS  /tmp/ccGKNPWd.s 			page 7


 347 017a 752C     		.short	11381
 348 017c D32A     		.short	10963
 349 017e 2329     		.short	10531
 350 0180 6727     		.short	10087
 351 0182 9E25     		.short	9630
 352 0184 CA23     		.short	9162
 353 0186 EA21     		.short	8682
 354 0188 0020     		.short	8192
 355 018a 0C1E     		.short	7692
 356 018c 0E1C     		.short	7182
 357 018e 081A     		.short	6664
 358 0190 FA17     		.short	6138
 359 0192 E415     		.short	5604
 360 0194 C713     		.short	5063
 361 0196 A411     		.short	4516
 362 0198 7C0F     		.short	3964
 363 019a 4E0D     		.short	3406
 364 019c 1D0B     		.short	2845
 365 019e E808     		.short	2280
 366 01a0 B106     		.short	1713
 367 01a2 7704     		.short	1143
 368 01a4 3C02     		.short	572
 369 01a6 0000     		.short	0
 370 01a8 C4FD     		.short	-572
 371 01aa 89FB     		.short	-1143
 372 01ac 4FF9     		.short	-1713
 373 01ae 18F7     		.short	-2280
 374 01b0 E3F4     		.short	-2845
 375 01b2 B2F2     		.short	-3406
 376 01b4 84F0     		.short	-3964
 377 01b6 5CEE     		.short	-4516
 378 01b8 39EC     		.short	-5063
 379 01ba 1CEA     		.short	-5604
 380 01bc 06E8     		.short	-6138
 381 01be F8E5     		.short	-6664
 382 01c0 F2E3     		.short	-7182
 383 01c2 F4E1     		.short	-7692
 384 01c4 00E0     		.short	-8192
 385 01c6 16DE     		.short	-8682
 386 01c8 36DC     		.short	-9162
 387 01ca 62DA     		.short	-9630
 388 01cc 99D8     		.short	-10087
 389 01ce DDD6     		.short	-10531
 390 01d0 2DD5     		.short	-10963
 391 01d2 8BD3     		.short	-11381
 392 01d4 F6D1     		.short	-11786
 393 01d6 70D0     		.short	-12176
 394 01d8 F9CE     		.short	-12551
 395 01da 91CD     		.short	-12911
 396 01dc 39CC     		.short	-13255
 397 01de F1CA     		.short	-13583
 398 01e0 BAC9     		.short	-13894
 399 01e2 93C8     		.short	-14189
 400 01e4 7EC7     		.short	-14466
 401 01e6 7AC6     		.short	-14726
 402 01e8 88C5     		.short	-14968
 403 01ea A9C4     		.short	-15191
ARM GAS  /tmp/ccGKNPWd.s 			page 8


 404 01ec DCC3     		.short	-15396
 405 01ee 22C3     		.short	-15582
 406 01f0 7BC2     		.short	-15749
 407 01f2 E7C1     		.short	-15897
 408 01f4 66C1     		.short	-16026
 409 01f6 F9C0     		.short	-16135
 410 01f8 9FC0     		.short	-16225
 411 01fa 5AC0     		.short	-16294
 412 01fc 28C0     		.short	-16344
 413 01fe 0AC0     		.short	-16374
 414 0200 00C0     		.short	-16384
 415 0202 0AC0     		.short	-16374
 416 0204 28C0     		.short	-16344
 417 0206 5AC0     		.short	-16294
 418 0208 9FC0     		.short	-16225
 419 020a F9C0     		.short	-16135
 420 020c 66C1     		.short	-16026
 421 020e E7C1     		.short	-15897
 422 0210 7BC2     		.short	-15749
 423 0212 22C3     		.short	-15582
 424 0214 DCC3     		.short	-15396
 425 0216 A9C4     		.short	-15191
 426 0218 88C5     		.short	-14968
 427 021a 7AC6     		.short	-14726
 428 021c 7EC7     		.short	-14466
 429 021e 93C8     		.short	-14189
 430 0220 BAC9     		.short	-13894
 431 0222 F1CA     		.short	-13583
 432 0224 39CC     		.short	-13255
 433 0226 91CD     		.short	-12911
 434 0228 F9CE     		.short	-12551
 435 022a 70D0     		.short	-12176
 436 022c F6D1     		.short	-11786
 437 022e 8BD3     		.short	-11381
 438 0230 2DD5     		.short	-10963
 439 0232 DDD6     		.short	-10531
 440 0234 99D8     		.short	-10087
 441 0236 62DA     		.short	-9630
 442 0238 36DC     		.short	-9162
 443 023a 16DE     		.short	-8682
 444 023c 00E0     		.short	-8192
 445 023e F4E1     		.short	-7692
 446 0240 F2E3     		.short	-7182
 447 0242 F8E5     		.short	-6664
 448 0244 06E8     		.short	-6138
 449 0246 1CEA     		.short	-5604
 450 0248 39EC     		.short	-5063
 451 024a 5CEE     		.short	-4516
 452 024c 84F0     		.short	-3964
 453 024e B2F2     		.short	-3406
 454 0250 E3F4     		.short	-2845
 455 0252 18F7     		.short	-2280
 456 0254 4FF9     		.short	-1713
 457 0256 89FB     		.short	-1143
 458 0258 C4FD     		.short	-572
 459 025a 0000     		.short	0
 460 025c 3C02     		.short	572
ARM GAS  /tmp/ccGKNPWd.s 			page 9


 461 025e 7704     		.short	1143
 462 0260 B106     		.short	1713
 463 0262 E808     		.short	2280
 464 0264 1D0B     		.short	2845
 465 0266 4E0D     		.short	3406
 466 0268 7C0F     		.short	3964
 467 026a A411     		.short	4516
 468 026c C713     		.short	5063
 469 026e E415     		.short	5604
 470 0270 FA17     		.short	6138
 471 0272 081A     		.short	6664
 472 0274 0E1C     		.short	7182
 473 0276 0C1E     		.short	7692
 474 0278 0020     		.short	8192
 475 027a EA21     		.short	8682
 476 027c CA23     		.short	9162
 477 027e 9E25     		.short	9630
 478 0280 6727     		.short	10087
 479 0282 2329     		.short	10531
 480 0284 D32A     		.short	10963
 481 0286 752C     		.short	11381
 482 0288 0A2E     		.short	11786
 483 028a 902F     		.short	12176
 484 028c 0731     		.short	12551
 485 028e 6F32     		.short	12911
 486 0290 C733     		.short	13255
 487 0292 0F35     		.short	13583
 488 0294 4636     		.short	13894
 489 0296 6D37     		.short	14189
 490 0298 8238     		.short	14466
 491 029a 8639     		.short	14726
 492 029c 783A     		.short	14968
 493 029e 573B     		.short	15191
 494 02a0 243C     		.short	15396
 495 02a2 DE3C     		.short	15582
 496 02a4 853D     		.short	15749
 497 02a6 193E     		.short	15897
 498 02a8 9A3E     		.short	16026
 499 02aa 073F     		.short	16135
 500 02ac 613F     		.short	16225
 501 02ae A63F     		.short	16294
 502 02b0 D83F     		.short	16344
 503 02b2 F63F     		.short	16374
 504 02b4 0040     		.short	16384
 505 02b6 F63F     		.short	16374
 506 02b8 D83F     		.short	16344
 507 02ba A63F     		.short	16294
 508 02bc 613F     		.short	16225
 509 02be 073F     		.short	16135
 510 02c0 9A3E     		.short	16026
 511 02c2 193E     		.short	15897
 512 02c4 853D     		.short	15749
 513 02c6 DE3C     		.short	15582
 514 02c8 243C     		.short	15396
 515 02ca 573B     		.short	15191
 516 02cc 783A     		.short	14968
 517 02ce 8639     		.short	14726
ARM GAS  /tmp/ccGKNPWd.s 			page 10


 518 02d0 8238     		.short	14466
 519 02d2 6D37     		.short	14189
 520 02d4 DDCC     		.short	-13091
 521 02d6 BECA     		.short	-13634
 522 02d8 D2C8     		.short	-14126
 523 02da 1BC7     		.short	-14565
 524 02dc 97C5     		.short	-14953
 525 02de 47C4     		.short	-15289
 526 02e0 27C3     		.short	-15577
 527 02e2 38C2     		.short	-15816
 528 02e4 77C1     		.short	-16009
 529 02e6 E1C0     		.short	-16159
 530 02e8 73C0     		.short	-16269
 531 02ea 2CC0     		.short	-16340
 532 02ec 07C0     		.short	-16377
 533 02ee 01C0     		.short	-16383
 534 02f0 16C0     		.short	-16362
 535 02f2 43C0     		.short	-16317
 536 02f4 83C0     		.short	-16253
 537 02f6 D4C0     		.short	-16172
 538 02f8 31C1     		.short	-16079
 539 02fa 97C1     		.short	-15977
 540 02fc 02C2     		.short	-15870
 541 02fe 6EC2     		.short	-15762
 542 0300 D8C2     		.short	-15656
 543 0302 3DC3     		.short	-15555
 544 0304 9BC3     		.short	-15461
 545 0306 EFC3     		.short	-15377
 546 0308 36C4     		.short	-15306
 547 030a 70C4     		.short	-15248
 548 030c 9AC4     		.short	-15206
 549 030e B4C4     		.short	-15180
 550 0310 BCC4     		.short	-15172
 551 0312 B4C4     		.short	-15180
 552 0314 9AC4     		.short	-15206
 553 0316 70C4     		.short	-15248
 554 0318 36C4     		.short	-15306
 555 031a EFC3     		.short	-15377
 556 031c 9BC3     		.short	-15461
 557 031e 3DC3     		.short	-15555
 558 0320 D8C2     		.short	-15656
 559 0322 6EC2     		.short	-15762
 560 0324 02C2     		.short	-15870
 561 0326 97C1     		.short	-15977
 562 0328 31C1     		.short	-16079
 563 032a D4C0     		.short	-16172
 564 032c 83C0     		.short	-16253
 565 032e 43C0     		.short	-16317
 566 0330 16C0     		.short	-16362
 567 0332 01C0     		.short	-16383
 568 0334 07C0     		.short	-16377
 569 0336 2CC0     		.short	-16340
 570 0338 73C0     		.short	-16269
 571 033a E1C0     		.short	-16159
 572 033c 77C1     		.short	-16009
 573 033e 38C2     		.short	-15816
 574 0340 27C3     		.short	-15577
ARM GAS  /tmp/ccGKNPWd.s 			page 11


 575 0342 47C4     		.short	-15289
 576 0344 97C5     		.short	-14953
 577 0346 1BC7     		.short	-14565
 578 0348 D2C8     		.short	-14126
 579 034a BECA     		.short	-13634
 580 034c DDCC     		.short	-13091
 581 034e 30CF     		.short	-12496
 582 0350 B7D1     		.short	-11849
 583 0352 6ED4     		.short	-11154
 584 0354 55D7     		.short	-10411
 585 0356 69DA     		.short	-9623
 586 0358 A9DD     		.short	-8791
 587 035a 0FE1     		.short	-7921
 588 035c 9AE4     		.short	-7014
 589 035e 45E8     		.short	-6075
 590 0360 0DEC     		.short	-5107
 591 0362 EDEF     		.short	-4115
 592 0364 E0F3     		.short	-3104
 593 0366 E3F7     		.short	-2077
 594 0368 EFFB     		.short	-1041
 595 036a 0000     		.short	0
 596 036c 1104     		.short	1041
 597 036e 1D08     		.short	2077
 598 0370 200C     		.short	3104
 599 0372 1310     		.short	4115
 600 0374 F313     		.short	5107
 601 0376 BB17     		.short	6075
 602 0378 661B     		.short	7014
 603 037a F11E     		.short	7921
 604 037c 5722     		.short	8791
 605 037e 9725     		.short	9623
 606 0380 AB28     		.short	10411
 607 0382 922B     		.short	11154
 608 0384 492E     		.short	11849
 609 0386 D030     		.short	12496
 610 0388 2333     		.short	13091
 611 038a 4235     		.short	13634
 612 038c 2E37     		.short	14126
 613 038e E538     		.short	14565
 614 0390 693A     		.short	14953
 615 0392 B93B     		.short	15289
 616 0394 D93C     		.short	15577
 617 0396 C83D     		.short	15816
 618 0398 893E     		.short	16009
 619 039a 1F3F     		.short	16159
 620 039c 8D3F     		.short	16269
 621 039e D43F     		.short	16340
 622 03a0 F93F     		.short	16377
 623 03a2 FF3F     		.short	16383
 624 03a4 EA3F     		.short	16362
 625 03a6 BD3F     		.short	16317
 626 03a8 7D3F     		.short	16253
 627 03aa 2C3F     		.short	16172
 628 03ac CF3E     		.short	16079
 629 03ae 693E     		.short	15977
 630 03b0 FE3D     		.short	15870
 631 03b2 923D     		.short	15762
ARM GAS  /tmp/ccGKNPWd.s 			page 12


 632 03b4 283D     		.short	15656
 633 03b6 C33C     		.short	15555
 634 03b8 653C     		.short	15461
 635 03ba 113C     		.short	15377
 636 03bc CA3B     		.short	15306
 637 03be 903B     		.short	15248
 638 03c0 663B     		.short	15206
 639 03c2 4C3B     		.short	15180
 640 03c4 443B     		.short	15172
 641 03c6 4C3B     		.short	15180
 642 03c8 663B     		.short	15206
 643 03ca 903B     		.short	15248
 644 03cc CA3B     		.short	15306
 645 03ce 113C     		.short	15377
 646 03d0 653C     		.short	15461
 647 03d2 C33C     		.short	15555
 648 03d4 283D     		.short	15656
 649 03d6 923D     		.short	15762
 650 03d8 FE3D     		.short	15870
 651 03da 693E     		.short	15977
 652 03dc CF3E     		.short	16079
 653 03de 2C3F     		.short	16172
 654 03e0 7D3F     		.short	16253
 655 03e2 BD3F     		.short	16317
 656 03e4 EA3F     		.short	16362
 657 03e6 FF3F     		.short	16383
 658 03e8 F93F     		.short	16377
 659 03ea D43F     		.short	16340
 660 03ec 8D3F     		.short	16269
 661 03ee 1F3F     		.short	16159
 662 03f0 893E     		.short	16009
 663 03f2 C83D     		.short	15816
 664 03f4 D93C     		.short	15577
 665 03f6 B93B     		.short	15289
 666 03f8 693A     		.short	14953
 667 03fa E538     		.short	14565
 668 03fc 2E37     		.short	14126
 669 03fe 4235     		.short	13634
 670 0400 2333     		.short	13091
 671 0402 D030     		.short	12496
 672 0404 492E     		.short	11849
 673 0406 922B     		.short	11154
 674 0408 AB28     		.short	10411
 675 040a 9725     		.short	9623
 676 040c 5722     		.short	8791
 677 040e F11E     		.short	7921
 678 0410 661B     		.short	7014
 679 0412 BB17     		.short	6075
 680 0414 F313     		.short	5107
 681 0416 1310     		.short	4115
 682 0418 200C     		.short	3104
 683 041a 1D08     		.short	2077
 684 041c 1104     		.short	1041
 685 041e 0000     		.short	0
 686 0420 EFFB     		.short	-1041
 687 0422 E3F7     		.short	-2077
 688 0424 E0F3     		.short	-3104
ARM GAS  /tmp/ccGKNPWd.s 			page 13


 689 0426 EDEF     		.short	-4115
 690 0428 0DEC     		.short	-5107
 691 042a 45E8     		.short	-6075
 692 042c 9AE4     		.short	-7014
 693 042e 0FE1     		.short	-7921
 694 0430 A9DD     		.short	-8791
 695 0432 69DA     		.short	-9623
 696 0434 55D7     		.short	-10411
 697 0436 6ED4     		.short	-11154
 698 0438 B7D1     		.short	-11849
 699 043a 30CF     		.short	-12496
 700 043c DDCC     		.short	-13091
 701 043e 443B     		.short	15172
 702 0440 4C3B     		.short	15180
 703 0442 663B     		.short	15206
 704 0444 903B     		.short	15248
 705 0446 CA3B     		.short	15306
 706 0448 113C     		.short	15377
 707 044a 653C     		.short	15461
 708 044c C33C     		.short	15555
 709 044e 283D     		.short	15656
 710 0450 923D     		.short	15762
 711 0452 FE3D     		.short	15870
 712 0454 693E     		.short	15977
 713 0456 CF3E     		.short	16079
 714 0458 2C3F     		.short	16172
 715 045a 7D3F     		.short	16253
 716 045c BD3F     		.short	16317
 717 045e EA3F     		.short	16362
 718 0460 FF3F     		.short	16383
 719 0462 F93F     		.short	16377
 720 0464 D43F     		.short	16340
 721 0466 8D3F     		.short	16269
 722 0468 1F3F     		.short	16159
 723 046a 893E     		.short	16009
 724 046c C83D     		.short	15816
 725 046e D93C     		.short	15577
 726 0470 B93B     		.short	15289
 727 0472 693A     		.short	14953
 728 0474 E538     		.short	14565
 729 0476 2E37     		.short	14126
 730 0478 4235     		.short	13634
 731 047a 2333     		.short	13091
 732 047c D030     		.short	12496
 733 047e 492E     		.short	11849
 734 0480 922B     		.short	11154
 735 0482 AB28     		.short	10411
 736 0484 9725     		.short	9623
 737 0486 5722     		.short	8791
 738 0488 F11E     		.short	7921
 739 048a 661B     		.short	7014
 740 048c BB17     		.short	6075
 741 048e F313     		.short	5107
 742 0490 1310     		.short	4115
 743 0492 200C     		.short	3104
 744 0494 1D08     		.short	2077
 745 0496 1104     		.short	1041
ARM GAS  /tmp/ccGKNPWd.s 			page 14


 746 0498 0000     		.short	0
 747 049a EFFB     		.short	-1041
 748 049c E3F7     		.short	-2077
 749 049e E0F3     		.short	-3104
 750 04a0 EDEF     		.short	-4115
 751 04a2 0DEC     		.short	-5107
 752 04a4 45E8     		.short	-6075
 753 04a6 9AE4     		.short	-7014
 754 04a8 0FE1     		.short	-7921
 755 04aa A9DD     		.short	-8791
 756 04ac 69DA     		.short	-9623
 757 04ae 55D7     		.short	-10411
 758 04b0 6ED4     		.short	-11154
 759 04b2 B7D1     		.short	-11849
 760 04b4 30CF     		.short	-12496
 761 04b6 DDCC     		.short	-13091
 762 04b8 BECA     		.short	-13634
 763 04ba D2C8     		.short	-14126
 764 04bc 1BC7     		.short	-14565
 765 04be 97C5     		.short	-14953
 766 04c0 47C4     		.short	-15289
 767 04c2 27C3     		.short	-15577
 768 04c4 38C2     		.short	-15816
 769 04c6 77C1     		.short	-16009
 770 04c8 E1C0     		.short	-16159
 771 04ca 73C0     		.short	-16269
 772 04cc 2CC0     		.short	-16340
 773 04ce 07C0     		.short	-16377
 774 04d0 01C0     		.short	-16383
 775 04d2 16C0     		.short	-16362
 776 04d4 43C0     		.short	-16317
 777 04d6 83C0     		.short	-16253
 778 04d8 D4C0     		.short	-16172
 779 04da 31C1     		.short	-16079
 780 04dc 97C1     		.short	-15977
 781 04de 02C2     		.short	-15870
 782 04e0 6EC2     		.short	-15762
 783 04e2 D8C2     		.short	-15656
 784 04e4 3DC3     		.short	-15555
 785 04e6 9BC3     		.short	-15461
 786 04e8 EFC3     		.short	-15377
 787 04ea 36C4     		.short	-15306
 788 04ec 70C4     		.short	-15248
 789 04ee 9AC4     		.short	-15206
 790 04f0 B4C4     		.short	-15180
 791 04f2 BCC4     		.short	-15172
 792 04f4 B4C4     		.short	-15180
 793 04f6 9AC4     		.short	-15206
 794 04f8 70C4     		.short	-15248
 795 04fa 36C4     		.short	-15306
 796 04fc EFC3     		.short	-15377
 797 04fe 9BC3     		.short	-15461
 798 0500 3DC3     		.short	-15555
 799 0502 D8C2     		.short	-15656
 800 0504 6EC2     		.short	-15762
 801 0506 02C2     		.short	-15870
 802 0508 97C1     		.short	-15977
ARM GAS  /tmp/ccGKNPWd.s 			page 15


 803 050a 31C1     		.short	-16079
 804 050c D4C0     		.short	-16172
 805 050e 83C0     		.short	-16253
 806 0510 43C0     		.short	-16317
 807 0512 16C0     		.short	-16362
 808 0514 01C0     		.short	-16383
 809 0516 07C0     		.short	-16377
 810 0518 2CC0     		.short	-16340
 811 051a 73C0     		.short	-16269
 812 051c E1C0     		.short	-16159
 813 051e 77C1     		.short	-16009
 814 0520 38C2     		.short	-15816
 815 0522 27C3     		.short	-15577
 816 0524 47C4     		.short	-15289
 817 0526 97C5     		.short	-14953
 818 0528 1BC7     		.short	-14565
 819 052a D2C8     		.short	-14126
 820 052c BECA     		.short	-13634
 821 052e DDCC     		.short	-13091
 822 0530 30CF     		.short	-12496
 823 0532 B7D1     		.short	-11849
 824 0534 6ED4     		.short	-11154
 825 0536 55D7     		.short	-10411
 826 0538 69DA     		.short	-9623
 827 053a A9DD     		.short	-8791
 828 053c 0FE1     		.short	-7921
 829 053e 9AE4     		.short	-7014
 830 0540 45E8     		.short	-6075
 831 0542 0DEC     		.short	-5107
 832 0544 EDEF     		.short	-4115
 833 0546 E0F3     		.short	-3104
 834 0548 E3F7     		.short	-2077
 835 054a EFFB     		.short	-1041
 836 054c 0000     		.short	0
 837 054e 1104     		.short	1041
 838 0550 1D08     		.short	2077
 839 0552 200C     		.short	3104
 840 0554 1310     		.short	4115
 841 0556 F313     		.short	5107
 842 0558 BB17     		.short	6075
 843 055a 661B     		.short	7014
 844 055c F11E     		.short	7921
 845 055e 5722     		.short	8791
 846 0560 9725     		.short	9623
 847 0562 AB28     		.short	10411
 848 0564 922B     		.short	11154
 849 0566 492E     		.short	11849
 850 0568 D030     		.short	12496
 851 056a 2333     		.short	13091
 852 056c 4235     		.short	13634
 853 056e 2E37     		.short	14126
 854 0570 E538     		.short	14565
 855 0572 693A     		.short	14953
 856 0574 B93B     		.short	15289
 857 0576 D93C     		.short	15577
 858 0578 C83D     		.short	15816
 859 057a 893E     		.short	16009
ARM GAS  /tmp/ccGKNPWd.s 			page 16


 860 057c 1F3F     		.short	16159
 861 057e 8D3F     		.short	16269
 862 0580 D43F     		.short	16340
 863 0582 F93F     		.short	16377
 864 0584 FF3F     		.short	16383
 865 0586 EA3F     		.short	16362
 866 0588 BD3F     		.short	16317
 867 058a 7D3F     		.short	16253
 868 058c 2C3F     		.short	16172
 869 058e CF3E     		.short	16079
 870 0590 693E     		.short	15977
 871 0592 FE3D     		.short	15870
 872 0594 923D     		.short	15762
 873 0596 283D     		.short	15656
 874 0598 C33C     		.short	15555
 875 059a 653C     		.short	15461
 876 059c 113C     		.short	15377
 877 059e CA3B     		.short	15306
 878 05a0 903B     		.short	15248
 879 05a2 663B     		.short	15206
 880 05a4 4C3B     		.short	15180
 881 05a6 443B     		.short	15172
 882 05a8 DDCC     		.short	-13091
 883 05aa 30CF     		.short	-12496
 884 05ac B7D1     		.short	-11849
 885 05ae 6ED4     		.short	-11154
 886 05b0 55D7     		.short	-10411
 887 05b2 69DA     		.short	-9623
 888 05b4 A9DD     		.short	-8791
 889 05b6 0FE1     		.short	-7921
 890 05b8 9AE4     		.short	-7014
 891 05ba 45E8     		.short	-6075
 892 05bc 0DEC     		.short	-5107
 893 05be EDEF     		.short	-4115
 894 05c0 E0F3     		.short	-3104
 895 05c2 E3F7     		.short	-2077
 896 05c4 EFFB     		.short	-1041
 897 05c6 0000     		.short	0
 898 05c8 1104     		.short	1041
 899 05ca 1D08     		.short	2077
 900 05cc 200C     		.short	3104
 901 05ce 1310     		.short	4115
 902 05d0 F313     		.short	5107
 903 05d2 BB17     		.short	6075
 904 05d4 661B     		.short	7014
 905 05d6 F11E     		.short	7921
 906 05d8 5722     		.short	8791
 907 05da 9725     		.short	9623
 908 05dc AB28     		.short	10411
 909 05de 922B     		.short	11154
 910 05e0 492E     		.short	11849
 911 05e2 D030     		.short	12496
 912 05e4 2333     		.short	13091
 913 05e6 4235     		.short	13634
 914 05e8 2E37     		.short	14126
 915 05ea E538     		.short	14565
 916 05ec 693A     		.short	14953
ARM GAS  /tmp/ccGKNPWd.s 			page 17


 917 05ee B93B     		.short	15289
 918 05f0 D93C     		.short	15577
 919 05f2 C83D     		.short	15816
 920 05f4 893E     		.short	16009
 921 05f6 1F3F     		.short	16159
 922 05f8 8D3F     		.short	16269
 923 05fa D43F     		.short	16340
 924 05fc F93F     		.short	16377
 925 05fe FF3F     		.short	16383
 926 0600 EA3F     		.short	16362
 927 0602 BD3F     		.short	16317
 928 0604 7D3F     		.short	16253
 929 0606 2C3F     		.short	16172
 930 0608 CF3E     		.short	16079
 931 060a 693E     		.short	15977
 932 060c FE3D     		.short	15870
 933 060e 923D     		.short	15762
 934 0610 283D     		.short	15656
 935 0612 C33C     		.short	15555
 936 0614 653C     		.short	15461
 937 0616 113C     		.short	15377
 938 0618 CA3B     		.short	15306
 939 061a 903B     		.short	15248
 940 061c 663B     		.short	15206
 941 061e 4C3B     		.short	15180
 942 0620 443B     		.short	15172
 943 0622 4C3B     		.short	15180
 944 0624 663B     		.short	15206
 945 0626 903B     		.short	15248
 946 0628 CA3B     		.short	15306
 947 062a 113C     		.short	15377
 948 062c 653C     		.short	15461
 949 062e C33C     		.short	15555
 950 0630 283D     		.short	15656
 951 0632 923D     		.short	15762
 952 0634 FE3D     		.short	15870
 953 0636 693E     		.short	15977
 954 0638 CF3E     		.short	16079
 955 063a 2C3F     		.short	16172
 956 063c 7D3F     		.short	16253
 957 063e BD3F     		.short	16317
 958 0640 EA3F     		.short	16362
 959 0642 FF3F     		.short	16383
 960 0644 F93F     		.short	16377
 961 0646 D43F     		.short	16340
 962 0648 8D3F     		.short	16269
 963 064a 1F3F     		.short	16159
 964 064c 893E     		.short	16009
 965 064e C83D     		.short	15816
 966 0650 D93C     		.short	15577
 967 0652 B93B     		.short	15289
 968 0654 693A     		.short	14953
 969 0656 E538     		.short	14565
 970 0658 2E37     		.short	14126
 971 065a 4235     		.short	13634
 972 065c 2333     		.short	13091
 973 065e D030     		.short	12496
ARM GAS  /tmp/ccGKNPWd.s 			page 18


 974 0660 492E     		.short	11849
 975 0662 922B     		.short	11154
 976 0664 AB28     		.short	10411
 977 0666 9725     		.short	9623
 978 0668 5722     		.short	8791
 979 066a F11E     		.short	7921
 980 066c 661B     		.short	7014
 981 066e BB17     		.short	6075
 982 0670 F313     		.short	5107
 983 0672 1310     		.short	4115
 984 0674 200C     		.short	3104
 985 0676 1D08     		.short	2077
 986 0678 1104     		.short	1041
 987 067a 0000     		.short	0
 988 067c EFFB     		.short	-1041
 989 067e E3F7     		.short	-2077
 990 0680 E0F3     		.short	-3104
 991 0682 EDEF     		.short	-4115
 992 0684 0DEC     		.short	-5107
 993 0686 45E8     		.short	-6075
 994 0688 9AE4     		.short	-7014
 995 068a 0FE1     		.short	-7921
 996 068c A9DD     		.short	-8791
 997 068e 69DA     		.short	-9623
 998 0690 55D7     		.short	-10411
 999 0692 6ED4     		.short	-11154
 1000 0694 B7D1     		.short	-11849
 1001 0696 30CF     		.short	-12496
 1002 0698 DDCC     		.short	-13091
 1003 069a BECA     		.short	-13634
 1004 069c D2C8     		.short	-14126
 1005 069e 1BC7     		.short	-14565
 1006 06a0 97C5     		.short	-14953
 1007 06a2 47C4     		.short	-15289
 1008 06a4 27C3     		.short	-15577
 1009 06a6 38C2     		.short	-15816
 1010 06a8 77C1     		.short	-16009
 1011 06aa E1C0     		.short	-16159
 1012 06ac 73C0     		.short	-16269
 1013 06ae 2CC0     		.short	-16340
 1014 06b0 07C0     		.short	-16377
 1015 06b2 01C0     		.short	-16383
 1016 06b4 16C0     		.short	-16362
 1017 06b6 43C0     		.short	-16317
 1018 06b8 83C0     		.short	-16253
 1019 06ba D4C0     		.short	-16172
 1020 06bc 31C1     		.short	-16079
 1021 06be 97C1     		.short	-15977
 1022 06c0 02C2     		.short	-15870
 1023 06c2 6EC2     		.short	-15762
 1024 06c4 D8C2     		.short	-15656
 1025 06c6 3DC3     		.short	-15555
 1026 06c8 9BC3     		.short	-15461
 1027 06ca EFC3     		.short	-15377
 1028 06cc 36C4     		.short	-15306
 1029 06ce 70C4     		.short	-15248
 1030 06d0 9AC4     		.short	-15206
ARM GAS  /tmp/ccGKNPWd.s 			page 19


 1031 06d2 B4C4     		.short	-15180
 1032 06d4 BCC4     		.short	-15172
 1033 06d6 B4C4     		.short	-15180
 1034 06d8 9AC4     		.short	-15206
 1035 06da 70C4     		.short	-15248
 1036 06dc 36C4     		.short	-15306
 1037 06de EFC3     		.short	-15377
 1038 06e0 9BC3     		.short	-15461
 1039 06e2 3DC3     		.short	-15555
 1040 06e4 D8C2     		.short	-15656
 1041 06e6 6EC2     		.short	-15762
 1042 06e8 02C2     		.short	-15870
 1043 06ea 97C1     		.short	-15977
 1044 06ec 31C1     		.short	-16079
 1045 06ee D4C0     		.short	-16172
 1046 06f0 83C0     		.short	-16253
 1047 06f2 43C0     		.short	-16317
 1048 06f4 16C0     		.short	-16362
 1049 06f6 01C0     		.short	-16383
 1050 06f8 07C0     		.short	-16377
 1051 06fa 2CC0     		.short	-16340
 1052 06fc 73C0     		.short	-16269
 1053 06fe E1C0     		.short	-16159
 1054 0700 77C1     		.short	-16009
 1055 0702 38C2     		.short	-15816
 1056 0704 27C3     		.short	-15577
 1057 0706 47C4     		.short	-15289
 1058 0708 97C5     		.short	-14953
 1059 070a 1BC7     		.short	-14565
 1060 070c D2C8     		.short	-14126
 1061 070e BECA     		.short	-13634
 1062 0710 DDCC     		.short	-13091
 1063 0712 FFFF     		.short	-1
 1064 0714 F3FF     		.short	-13
 1065 0716 CCFF     		.short	-52
 1066 0718 8AFF     		.short	-118
 1067 071a 2EFF     		.short	-210
 1068 071c B7FE     		.short	-329
 1069 071e 26FE     		.short	-474
 1070 0720 7AFD     		.short	-646
 1071 0722 B3FC     		.short	-845
 1072 0724 D1FB     		.short	-1071
 1073 0726 D3FA     		.short	-1325
 1074 0728 BAF9     		.short	-1606
 1075 072a 84F8     		.short	-1916
 1076 072c 31F7     		.short	-2255
 1077 072e C1F5     		.short	-2623
 1078 0730 34F4     		.short	-3020
 1079 0732 88F2     		.short	-3448
 1080 0734 BEF0     		.short	-3906
 1081 0736 D4EE     		.short	-4396
 1082 0738 CAEC     		.short	-4918
 1083 073a 9EEA     		.short	-5474
 1084 073c 51E8     		.short	-6063
 1085 073e E0E5     		.short	-6688
 1086 0740 4BE3     		.short	-7349
 1087 0742 91E0     		.short	-8047
ARM GAS  /tmp/ccGKNPWd.s 			page 20


 1088 0744 B0DD     		.short	-8784
 1089 0746 A6DA     		.short	-9562
 1090 0748 73D7     		.short	-10381
 1091 074a 13D4     		.short	-11245
 1092 074c 85D0     		.short	-12155
 1093 074e C6CC     		.short	-13114
 1094 0750 D5C8     		.short	-14123
 1095 0752 ADC4     		.short	-15187
 1096 0754 4BC0     		.short	-16309
 1097 0756 ABBB     		.short	-17493
 1098 0758 C8B6     		.short	-18744
 1099 075a 9EB1     		.short	-20066
 1100 075c 25AC     		.short	-21467
 1101 075e 55A6     		.short	-22955
 1102 0760 25A0     		.short	-24539
 1103 0762 8B99     		.short	-26229
 1104 0764 7692     		.short	-28042
 1105 0766 D58A     		.short	-29995
 1106 0768 8E82     		.short	-32114
 1107 076a 8179     		.short	31105
 1108 076c 7C6F     		.short	28540
 1109 076e 3764     		.short	25655
 1110 0770 3357     		.short	22323
 1111 0772 8047     		.short	18304
 1112 0774 AE32     		.short	12974
 1113 0776 FF0100FF 		.ascii	"\377\001\000\377\000\001\000\377\001\001\377\000\001"
 1113      000100FF 
 1113      0101FF00 
 1113      01
 1114 0783 00FF0001 		.ascii	"\000\377\000\001\377"
 1114      FF
 1115 0788 00020001 		.ascii	"\000\002\000\001\004\003\005\000"
 1115      04030500 
 1116              		.text
 1117              	.Letext0:
 1118              		.file 1 "Inc/rtwtypes.h"
 1119              		.file 2 "Inc/BLDC_controller.h"
 1120              		.file 3 "Src/BLDC_controller_data.c"
ARM GAS  /tmp/ccGKNPWd.s 			page 21


DEFINED SYMBOLS
                            *ABS*:0000000000000000 BLDC_controller_data.c
     /tmp/ccGKNPWd.s:21     .data.rtP_Left:0000000000000000 rtP_Left
     /tmp/ccGKNPWd.s:157    .rodata.rtConstP:0000000000000000 rtConstP
     /tmp/ccGKNPWd.s:18     .data.rtP_Left:0000000000000000 $d
     /tmp/ccGKNPWd.s:154    .rodata.rtConstP:0000000000000000 $d

NO UNDEFINED SYMBOLS
