ARM GAS  /tmp/ccfoJAV3.s 			page 1


   1              		.cpu cortex-m3
   2              		.eabi_attribute 20, 1
   3              		.eabi_attribute 21, 1
   4              		.eabi_attribute 23, 3
   5              		.eabi_attribute 24, 1
   6              		.eabi_attribute 25, 1
   7              		.eabi_attribute 26, 1
   8              		.eabi_attribute 30, 1
   9              		.eabi_attribute 34, 1
  10              		.eabi_attribute 18, 4
  11              		.file	"stm32f1xx_hal_rcc_ex.c"
  12              		.text
  13              	.Ltext0:
  14              		.cfi_sections	.debug_frame
  15              		.section	.text.HAL_RCCEx_PeriphCLKConfig,"ax",%progbits
  16              		.align	1
  17              		.global	HAL_RCCEx_PeriphCLKConfig
  18              		.arch armv7-m
  19              		.syntax unified
  20              		.thumb
  21              		.thumb_func
  22              		.fpu softvfp
  24              	HAL_RCCEx_PeriphCLKConfig:
  25              	.LVL0:
  26              	.LFB66:
  27              		.file 1 "Drivers/STM32F1xx_HAL_Driver/Src/stm32f1xx_hal_rcc_ex.c"
   1:Drivers/STM32F1xx_HAL_Driver/Src/stm32f1xx_hal_rcc_ex.c **** /**
   2:Drivers/STM32F1xx_HAL_Driver/Src/stm32f1xx_hal_rcc_ex.c ****   ******************************************************************************
   3:Drivers/STM32F1xx_HAL_Driver/Src/stm32f1xx_hal_rcc_ex.c ****   * @file    stm32f1xx_hal_rcc_ex.c
   4:Drivers/STM32F1xx_HAL_Driver/Src/stm32f1xx_hal_rcc_ex.c ****   * @author  MCD Application Team
   5:Drivers/STM32F1xx_HAL_Driver/Src/stm32f1xx_hal_rcc_ex.c ****   * @version V1.1.1
   6:Drivers/STM32F1xx_HAL_Driver/Src/stm32f1xx_hal_rcc_ex.c ****   * @date    12-May-2017
   7:Drivers/STM32F1xx_HAL_Driver/Src/stm32f1xx_hal_rcc_ex.c ****   * @brief   Extended RCC HAL module driver.
   8:Drivers/STM32F1xx_HAL_Driver/Src/stm32f1xx_hal_rcc_ex.c ****   *          This file provides firmware functions to manage the following 
   9:Drivers/STM32F1xx_HAL_Driver/Src/stm32f1xx_hal_rcc_ex.c ****   *          functionalities RCC extension peripheral:
  10:Drivers/STM32F1xx_HAL_Driver/Src/stm32f1xx_hal_rcc_ex.c ****   *           + Extended Peripheral Control functions
  11:Drivers/STM32F1xx_HAL_Driver/Src/stm32f1xx_hal_rcc_ex.c ****   *  
  12:Drivers/STM32F1xx_HAL_Driver/Src/stm32f1xx_hal_rcc_ex.c ****   ******************************************************************************
  13:Drivers/STM32F1xx_HAL_Driver/Src/stm32f1xx_hal_rcc_ex.c ****   * @attention
  14:Drivers/STM32F1xx_HAL_Driver/Src/stm32f1xx_hal_rcc_ex.c ****   *
  15:Drivers/STM32F1xx_HAL_Driver/Src/stm32f1xx_hal_rcc_ex.c ****   * <h2><center>&copy; COPYRIGHT(c) 2016 STMicroelectronics</center></h2>
  16:Drivers/STM32F1xx_HAL_Driver/Src/stm32f1xx_hal_rcc_ex.c ****   *
  17:Drivers/STM32F1xx_HAL_Driver/Src/stm32f1xx_hal_rcc_ex.c ****   * Redistribution and use in source and binary forms, with or without modification,
  18:Drivers/STM32F1xx_HAL_Driver/Src/stm32f1xx_hal_rcc_ex.c ****   * are permitted provided that the following conditions are met:
  19:Drivers/STM32F1xx_HAL_Driver/Src/stm32f1xx_hal_rcc_ex.c ****   *   1. Redistributions of source code must retain the above copyright notice,
  20:Drivers/STM32F1xx_HAL_Driver/Src/stm32f1xx_hal_rcc_ex.c ****   *      this list of conditions and the following disclaimer.
  21:Drivers/STM32F1xx_HAL_Driver/Src/stm32f1xx_hal_rcc_ex.c ****   *   2. Redistributions in binary form must reproduce the above copyright notice,
  22:Drivers/STM32F1xx_HAL_Driver/Src/stm32f1xx_hal_rcc_ex.c ****   *      this list of conditions and the following disclaimer in the documentation
  23:Drivers/STM32F1xx_HAL_Driver/Src/stm32f1xx_hal_rcc_ex.c ****   *      and/or other materials provided with the distribution.
  24:Drivers/STM32F1xx_HAL_Driver/Src/stm32f1xx_hal_rcc_ex.c ****   *   3. Neither the name of STMicroelectronics nor the names of its contributors
  25:Drivers/STM32F1xx_HAL_Driver/Src/stm32f1xx_hal_rcc_ex.c ****   *      may be used to endorse or promote products derived from this software
  26:Drivers/STM32F1xx_HAL_Driver/Src/stm32f1xx_hal_rcc_ex.c ****   *      without specific prior written permission.
  27:Drivers/STM32F1xx_HAL_Driver/Src/stm32f1xx_hal_rcc_ex.c ****   *
  28:Drivers/STM32F1xx_HAL_Driver/Src/stm32f1xx_hal_rcc_ex.c ****   * THIS SOFTWARE IS PROVIDED BY THE COPYRIGHT HOLDERS AND CONTRIBUTORS "AS IS"
  29:Drivers/STM32F1xx_HAL_Driver/Src/stm32f1xx_hal_rcc_ex.c ****   * AND ANY EXPRESS OR IMPLIED WARRANTIES, INCLUDING, BUT NOT LIMITED TO, THE
  30:Drivers/STM32F1xx_HAL_Driver/Src/stm32f1xx_hal_rcc_ex.c ****   * IMPLIED WARRANTIES OF MERCHANTABILITY AND FITNESS FOR A PARTICULAR PURPOSE ARE
  31:Drivers/STM32F1xx_HAL_Driver/Src/stm32f1xx_hal_rcc_ex.c ****   * DISCLAIMED. IN NO EVENT SHALL THE COPYRIGHT HOLDER OR CONTRIBUTORS BE LIABLE
ARM GAS  /tmp/ccfoJAV3.s 			page 2


  32:Drivers/STM32F1xx_HAL_Driver/Src/stm32f1xx_hal_rcc_ex.c ****   * FOR ANY DIRECT, INDIRECT, INCIDENTAL, SPECIAL, EXEMPLARY, OR CONSEQUENTIAL
  33:Drivers/STM32F1xx_HAL_Driver/Src/stm32f1xx_hal_rcc_ex.c ****   * DAMAGES (INCLUDING, BUT NOT LIMITED TO, PROCUREMENT OF SUBSTITUTE GOODS OR
  34:Drivers/STM32F1xx_HAL_Driver/Src/stm32f1xx_hal_rcc_ex.c ****   * SERVICES; LOSS OF USE, DATA, OR PROFITS; OR BUSINESS INTERRUPTION) HOWEVER
  35:Drivers/STM32F1xx_HAL_Driver/Src/stm32f1xx_hal_rcc_ex.c ****   * CAUSED AND ON ANY THEORY OF LIABILITY, WHETHER IN CONTRACT, STRICT LIABILITY,
  36:Drivers/STM32F1xx_HAL_Driver/Src/stm32f1xx_hal_rcc_ex.c ****   * OR TORT (INCLUDING NEGLIGENCE OR OTHERWISE) ARISING IN ANY WAY OUT OF THE USE
  37:Drivers/STM32F1xx_HAL_Driver/Src/stm32f1xx_hal_rcc_ex.c ****   * OF THIS SOFTWARE, EVEN IF ADVISED OF THE POSSIBILITY OF SUCH DAMAGE.
  38:Drivers/STM32F1xx_HAL_Driver/Src/stm32f1xx_hal_rcc_ex.c ****   *
  39:Drivers/STM32F1xx_HAL_Driver/Src/stm32f1xx_hal_rcc_ex.c ****   ******************************************************************************  
  40:Drivers/STM32F1xx_HAL_Driver/Src/stm32f1xx_hal_rcc_ex.c ****   */ 
  41:Drivers/STM32F1xx_HAL_Driver/Src/stm32f1xx_hal_rcc_ex.c **** 
  42:Drivers/STM32F1xx_HAL_Driver/Src/stm32f1xx_hal_rcc_ex.c **** /* Includes ------------------------------------------------------------------*/
  43:Drivers/STM32F1xx_HAL_Driver/Src/stm32f1xx_hal_rcc_ex.c **** #include "stm32f1xx_hal.h"
  44:Drivers/STM32F1xx_HAL_Driver/Src/stm32f1xx_hal_rcc_ex.c **** 
  45:Drivers/STM32F1xx_HAL_Driver/Src/stm32f1xx_hal_rcc_ex.c **** /** @addtogroup STM32F1xx_HAL_Driver
  46:Drivers/STM32F1xx_HAL_Driver/Src/stm32f1xx_hal_rcc_ex.c ****   * @{
  47:Drivers/STM32F1xx_HAL_Driver/Src/stm32f1xx_hal_rcc_ex.c ****   */
  48:Drivers/STM32F1xx_HAL_Driver/Src/stm32f1xx_hal_rcc_ex.c **** 
  49:Drivers/STM32F1xx_HAL_Driver/Src/stm32f1xx_hal_rcc_ex.c **** #ifdef HAL_RCC_MODULE_ENABLED
  50:Drivers/STM32F1xx_HAL_Driver/Src/stm32f1xx_hal_rcc_ex.c **** 
  51:Drivers/STM32F1xx_HAL_Driver/Src/stm32f1xx_hal_rcc_ex.c **** /** @defgroup RCCEx RCCEx
  52:Drivers/STM32F1xx_HAL_Driver/Src/stm32f1xx_hal_rcc_ex.c ****   * @brief RCC Extension HAL module driver.
  53:Drivers/STM32F1xx_HAL_Driver/Src/stm32f1xx_hal_rcc_ex.c ****   * @{
  54:Drivers/STM32F1xx_HAL_Driver/Src/stm32f1xx_hal_rcc_ex.c ****   */
  55:Drivers/STM32F1xx_HAL_Driver/Src/stm32f1xx_hal_rcc_ex.c **** 
  56:Drivers/STM32F1xx_HAL_Driver/Src/stm32f1xx_hal_rcc_ex.c **** /* Private typedef -----------------------------------------------------------*/
  57:Drivers/STM32F1xx_HAL_Driver/Src/stm32f1xx_hal_rcc_ex.c **** /* Private define ------------------------------------------------------------*/
  58:Drivers/STM32F1xx_HAL_Driver/Src/stm32f1xx_hal_rcc_ex.c **** /** @defgroup RCCEx_Private_Constants RCCEx Private Constants
  59:Drivers/STM32F1xx_HAL_Driver/Src/stm32f1xx_hal_rcc_ex.c ****   * @{
  60:Drivers/STM32F1xx_HAL_Driver/Src/stm32f1xx_hal_rcc_ex.c ****   */
  61:Drivers/STM32F1xx_HAL_Driver/Src/stm32f1xx_hal_rcc_ex.c **** /**
  62:Drivers/STM32F1xx_HAL_Driver/Src/stm32f1xx_hal_rcc_ex.c ****   * @}
  63:Drivers/STM32F1xx_HAL_Driver/Src/stm32f1xx_hal_rcc_ex.c ****   */
  64:Drivers/STM32F1xx_HAL_Driver/Src/stm32f1xx_hal_rcc_ex.c **** 
  65:Drivers/STM32F1xx_HAL_Driver/Src/stm32f1xx_hal_rcc_ex.c **** /* Private macro -------------------------------------------------------------*/
  66:Drivers/STM32F1xx_HAL_Driver/Src/stm32f1xx_hal_rcc_ex.c **** /** @defgroup RCCEx_Private_Macros RCCEx Private Macros
  67:Drivers/STM32F1xx_HAL_Driver/Src/stm32f1xx_hal_rcc_ex.c ****   * @{
  68:Drivers/STM32F1xx_HAL_Driver/Src/stm32f1xx_hal_rcc_ex.c ****   */
  69:Drivers/STM32F1xx_HAL_Driver/Src/stm32f1xx_hal_rcc_ex.c **** /**
  70:Drivers/STM32F1xx_HAL_Driver/Src/stm32f1xx_hal_rcc_ex.c ****   * @}
  71:Drivers/STM32F1xx_HAL_Driver/Src/stm32f1xx_hal_rcc_ex.c ****   */
  72:Drivers/STM32F1xx_HAL_Driver/Src/stm32f1xx_hal_rcc_ex.c **** 
  73:Drivers/STM32F1xx_HAL_Driver/Src/stm32f1xx_hal_rcc_ex.c **** /* Private variables ---------------------------------------------------------*/
  74:Drivers/STM32F1xx_HAL_Driver/Src/stm32f1xx_hal_rcc_ex.c **** /* Private function prototypes -----------------------------------------------*/
  75:Drivers/STM32F1xx_HAL_Driver/Src/stm32f1xx_hal_rcc_ex.c **** /* Private functions ---------------------------------------------------------*/
  76:Drivers/STM32F1xx_HAL_Driver/Src/stm32f1xx_hal_rcc_ex.c **** 
  77:Drivers/STM32F1xx_HAL_Driver/Src/stm32f1xx_hal_rcc_ex.c **** /** @defgroup RCCEx_Exported_Functions RCCEx Exported Functions
  78:Drivers/STM32F1xx_HAL_Driver/Src/stm32f1xx_hal_rcc_ex.c ****   * @{
  79:Drivers/STM32F1xx_HAL_Driver/Src/stm32f1xx_hal_rcc_ex.c ****   */
  80:Drivers/STM32F1xx_HAL_Driver/Src/stm32f1xx_hal_rcc_ex.c **** 
  81:Drivers/STM32F1xx_HAL_Driver/Src/stm32f1xx_hal_rcc_ex.c **** /** @defgroup RCCEx_Exported_Functions_Group1 Peripheral Control functions 
  82:Drivers/STM32F1xx_HAL_Driver/Src/stm32f1xx_hal_rcc_ex.c ****   *  @brief  Extended Peripheral Control functions  
  83:Drivers/STM32F1xx_HAL_Driver/Src/stm32f1xx_hal_rcc_ex.c ****   *
  84:Drivers/STM32F1xx_HAL_Driver/Src/stm32f1xx_hal_rcc_ex.c **** @verbatim   
  85:Drivers/STM32F1xx_HAL_Driver/Src/stm32f1xx_hal_rcc_ex.c ****  ===============================================================================
  86:Drivers/STM32F1xx_HAL_Driver/Src/stm32f1xx_hal_rcc_ex.c ****                 ##### Extended Peripheral Control functions  #####
  87:Drivers/STM32F1xx_HAL_Driver/Src/stm32f1xx_hal_rcc_ex.c ****  ===============================================================================  
  88:Drivers/STM32F1xx_HAL_Driver/Src/stm32f1xx_hal_rcc_ex.c ****     [..]
ARM GAS  /tmp/ccfoJAV3.s 			page 3


  89:Drivers/STM32F1xx_HAL_Driver/Src/stm32f1xx_hal_rcc_ex.c ****     This subsection provides a set of functions allowing to control the RCC Clocks 
  90:Drivers/STM32F1xx_HAL_Driver/Src/stm32f1xx_hal_rcc_ex.c ****     frequencies.
  91:Drivers/STM32F1xx_HAL_Driver/Src/stm32f1xx_hal_rcc_ex.c ****     [..] 
  92:Drivers/STM32F1xx_HAL_Driver/Src/stm32f1xx_hal_rcc_ex.c ****     (@) Important note: Care must be taken when HAL_RCCEx_PeriphCLKConfig() is used to
  93:Drivers/STM32F1xx_HAL_Driver/Src/stm32f1xx_hal_rcc_ex.c ****         select the RTC clock source; in this case the Backup domain will be reset in  
  94:Drivers/STM32F1xx_HAL_Driver/Src/stm32f1xx_hal_rcc_ex.c ****         order to modify the RTC Clock source, as consequence RTC registers (including 
  95:Drivers/STM32F1xx_HAL_Driver/Src/stm32f1xx_hal_rcc_ex.c ****         the backup registers) are set to their reset values.
  96:Drivers/STM32F1xx_HAL_Driver/Src/stm32f1xx_hal_rcc_ex.c ****       
  97:Drivers/STM32F1xx_HAL_Driver/Src/stm32f1xx_hal_rcc_ex.c **** @endverbatim
  98:Drivers/STM32F1xx_HAL_Driver/Src/stm32f1xx_hal_rcc_ex.c ****   * @{
  99:Drivers/STM32F1xx_HAL_Driver/Src/stm32f1xx_hal_rcc_ex.c ****   */
 100:Drivers/STM32F1xx_HAL_Driver/Src/stm32f1xx_hal_rcc_ex.c **** 
 101:Drivers/STM32F1xx_HAL_Driver/Src/stm32f1xx_hal_rcc_ex.c **** /**
 102:Drivers/STM32F1xx_HAL_Driver/Src/stm32f1xx_hal_rcc_ex.c ****   * @brief  Initializes the RCC extended peripherals clocks according to the specified parameters i
 103:Drivers/STM32F1xx_HAL_Driver/Src/stm32f1xx_hal_rcc_ex.c ****   *         RCC_PeriphCLKInitTypeDef.
 104:Drivers/STM32F1xx_HAL_Driver/Src/stm32f1xx_hal_rcc_ex.c ****   * @param  PeriphClkInit pointer to an RCC_PeriphCLKInitTypeDef structure that
 105:Drivers/STM32F1xx_HAL_Driver/Src/stm32f1xx_hal_rcc_ex.c ****   *         contains the configuration information for the Extended Peripherals clocks(RTC clock).
 106:Drivers/STM32F1xx_HAL_Driver/Src/stm32f1xx_hal_rcc_ex.c ****   *
 107:Drivers/STM32F1xx_HAL_Driver/Src/stm32f1xx_hal_rcc_ex.c ****   * @note   Care must be taken when HAL_RCCEx_PeriphCLKConfig() is used to select 
 108:Drivers/STM32F1xx_HAL_Driver/Src/stm32f1xx_hal_rcc_ex.c ****   *         the RTC clock source; in this case the Backup domain will be reset in  
 109:Drivers/STM32F1xx_HAL_Driver/Src/stm32f1xx_hal_rcc_ex.c ****   *         order to modify the RTC Clock source, as consequence RTC registers (including 
 110:Drivers/STM32F1xx_HAL_Driver/Src/stm32f1xx_hal_rcc_ex.c ****   *         the backup registers) are set to their reset values.
 111:Drivers/STM32F1xx_HAL_Driver/Src/stm32f1xx_hal_rcc_ex.c ****   *
 112:Drivers/STM32F1xx_HAL_Driver/Src/stm32f1xx_hal_rcc_ex.c ****   * @note   In case of STM32F105xC or STM32F107xC devices, PLLI2S will be enabled if requested on 
 113:Drivers/STM32F1xx_HAL_Driver/Src/stm32f1xx_hal_rcc_ex.c ****   *         one of 2 I2S interfaces. When PLLI2S is enabled, you need to call HAL_RCCEx_DisablePLLI
 114:Drivers/STM32F1xx_HAL_Driver/Src/stm32f1xx_hal_rcc_ex.c ****   *         manually disable it.
 115:Drivers/STM32F1xx_HAL_Driver/Src/stm32f1xx_hal_rcc_ex.c ****   *
 116:Drivers/STM32F1xx_HAL_Driver/Src/stm32f1xx_hal_rcc_ex.c ****   * @retval HAL status
 117:Drivers/STM32F1xx_HAL_Driver/Src/stm32f1xx_hal_rcc_ex.c ****   */
 118:Drivers/STM32F1xx_HAL_Driver/Src/stm32f1xx_hal_rcc_ex.c **** HAL_StatusTypeDef HAL_RCCEx_PeriphCLKConfig(RCC_PeriphCLKInitTypeDef  *PeriphClkInit)
 119:Drivers/STM32F1xx_HAL_Driver/Src/stm32f1xx_hal_rcc_ex.c **** {
  28              		.loc 1 119 1 view -0
  29              		.cfi_startproc
  30              		@ args = 0, pretend = 0, frame = 8
  31              		@ frame_needed = 0, uses_anonymous_args = 0
  32              		.loc 1 119 1 is_stmt 0 view .LVU1
  33 0000 70B5     		push	{r4, r5, r6, lr}
  34              	.LCFI0:
  35              		.cfi_def_cfa_offset 16
  36              		.cfi_offset 4, -16
  37              		.cfi_offset 5, -12
  38              		.cfi_offset 6, -8
  39              		.cfi_offset 14, -4
  40 0002 82B0     		sub	sp, sp, #8
  41              	.LCFI1:
  42              		.cfi_def_cfa_offset 24
  43 0004 0446     		mov	r4, r0
 120:Drivers/STM32F1xx_HAL_Driver/Src/stm32f1xx_hal_rcc_ex.c ****   uint32_t tickstart = 0U, temp_reg = 0U;
  44              		.loc 1 120 3 is_stmt 1 view .LVU2
  45              	.LVL1:
 121:Drivers/STM32F1xx_HAL_Driver/Src/stm32f1xx_hal_rcc_ex.c **** #if defined(STM32F105xC) || defined(STM32F107xC)
 122:Drivers/STM32F1xx_HAL_Driver/Src/stm32f1xx_hal_rcc_ex.c ****   uint32_t  pllactive = 0U;
 123:Drivers/STM32F1xx_HAL_Driver/Src/stm32f1xx_hal_rcc_ex.c **** #endif /* STM32F105xC || STM32F107xC */
 124:Drivers/STM32F1xx_HAL_Driver/Src/stm32f1xx_hal_rcc_ex.c **** 
 125:Drivers/STM32F1xx_HAL_Driver/Src/stm32f1xx_hal_rcc_ex.c ****   /* Check the parameters */
 126:Drivers/STM32F1xx_HAL_Driver/Src/stm32f1xx_hal_rcc_ex.c ****   assert_param(IS_RCC_PERIPHCLOCK(PeriphClkInit->PeriphClockSelection));
  46              		.loc 1 126 3 view .LVU3
ARM GAS  /tmp/ccfoJAV3.s 			page 4


 127:Drivers/STM32F1xx_HAL_Driver/Src/stm32f1xx_hal_rcc_ex.c ****   
 128:Drivers/STM32F1xx_HAL_Driver/Src/stm32f1xx_hal_rcc_ex.c ****   /*------------------------------- RTC/LCD Configuration ------------------------*/ 
 129:Drivers/STM32F1xx_HAL_Driver/Src/stm32f1xx_hal_rcc_ex.c ****   if ((((PeriphClkInit->PeriphClockSelection) & RCC_PERIPHCLK_RTC) == RCC_PERIPHCLK_RTC))
  47              		.loc 1 129 3 view .LVU4
  48              		.loc 1 129 23 is_stmt 0 view .LVU5
  49 0006 0368     		ldr	r3, [r0]
  50              		.loc 1 129 6 view .LVU6
  51 0008 13F0010F 		tst	r3, #1
  52 000c 36D0     		beq	.L2
  53              	.LBB2:
 130:Drivers/STM32F1xx_HAL_Driver/Src/stm32f1xx_hal_rcc_ex.c ****   {
 131:Drivers/STM32F1xx_HAL_Driver/Src/stm32f1xx_hal_rcc_ex.c ****     /* check for RTC Parameters used to output RTCCLK */
 132:Drivers/STM32F1xx_HAL_Driver/Src/stm32f1xx_hal_rcc_ex.c ****     assert_param(IS_RCC_RTCCLKSOURCE(PeriphClkInit->RTCClockSelection));
  54              		.loc 1 132 5 is_stmt 1 view .LVU7
 133:Drivers/STM32F1xx_HAL_Driver/Src/stm32f1xx_hal_rcc_ex.c **** 
 134:Drivers/STM32F1xx_HAL_Driver/Src/stm32f1xx_hal_rcc_ex.c ****     FlagStatus       pwrclkchanged = RESET;
  55              		.loc 1 134 5 view .LVU8
  56              	.LVL2:
 135:Drivers/STM32F1xx_HAL_Driver/Src/stm32f1xx_hal_rcc_ex.c **** 
 136:Drivers/STM32F1xx_HAL_Driver/Src/stm32f1xx_hal_rcc_ex.c ****     /* As soon as function is called to change RTC clock source, activation of the 
 137:Drivers/STM32F1xx_HAL_Driver/Src/stm32f1xx_hal_rcc_ex.c ****        power domain is done. */
 138:Drivers/STM32F1xx_HAL_Driver/Src/stm32f1xx_hal_rcc_ex.c ****     /* Requires to enable write access to Backup Domain of necessary */
 139:Drivers/STM32F1xx_HAL_Driver/Src/stm32f1xx_hal_rcc_ex.c ****     if(__HAL_RCC_PWR_IS_CLK_DISABLED())
  57              		.loc 1 139 5 view .LVU9
  58              		.loc 1 139 8 is_stmt 0 view .LVU10
  59 000e 3F4B     		ldr	r3, .L20
  60 0010 DB69     		ldr	r3, [r3, #28]
  61              		.loc 1 139 7 view .LVU11
  62 0012 13F0805F 		tst	r3, #268435456
  63 0016 49D1     		bne	.L12
 140:Drivers/STM32F1xx_HAL_Driver/Src/stm32f1xx_hal_rcc_ex.c ****     {
 141:Drivers/STM32F1xx_HAL_Driver/Src/stm32f1xx_hal_rcc_ex.c ****     __HAL_RCC_PWR_CLK_ENABLE();
  64              		.loc 1 141 5 is_stmt 1 view .LVU12
  65              	.LBB3:
  66              		.loc 1 141 5 view .LVU13
  67              		.loc 1 141 5 view .LVU14
  68 0018 3C4B     		ldr	r3, .L20
  69 001a DA69     		ldr	r2, [r3, #28]
  70 001c 42F08052 		orr	r2, r2, #268435456
  71 0020 DA61     		str	r2, [r3, #28]
  72              		.loc 1 141 5 view .LVU15
  73 0022 DB69     		ldr	r3, [r3, #28]
  74 0024 03F08053 		and	r3, r3, #268435456
  75 0028 0193     		str	r3, [sp, #4]
  76              		.loc 1 141 5 view .LVU16
  77 002a 019B     		ldr	r3, [sp, #4]
  78              	.LBE3:
  79              		.loc 1 141 5 view .LVU17
 142:Drivers/STM32F1xx_HAL_Driver/Src/stm32f1xx_hal_rcc_ex.c ****       pwrclkchanged = SET;
  80              		.loc 1 142 7 view .LVU18
  81              	.LVL3:
  82              		.loc 1 142 21 is_stmt 0 view .LVU19
  83 002c 0125     		movs	r5, #1
  84              	.LVL4:
  85              	.L3:
 143:Drivers/STM32F1xx_HAL_Driver/Src/stm32f1xx_hal_rcc_ex.c ****     }
 144:Drivers/STM32F1xx_HAL_Driver/Src/stm32f1xx_hal_rcc_ex.c ****     
ARM GAS  /tmp/ccfoJAV3.s 			page 5


 145:Drivers/STM32F1xx_HAL_Driver/Src/stm32f1xx_hal_rcc_ex.c ****     if(HAL_IS_BIT_CLR(PWR->CR, PWR_CR_DBP))
  86              		.loc 1 145 5 is_stmt 1 view .LVU20
  87              		.loc 1 145 8 is_stmt 0 view .LVU21
  88 002e 384B     		ldr	r3, .L20+4
  89 0030 1B68     		ldr	r3, [r3]
  90              		.loc 1 145 7 view .LVU22
  91 0032 13F4807F 		tst	r3, #256
  92 0036 3BD0     		beq	.L17
  93              	.LVL5:
  94              	.L4:
 146:Drivers/STM32F1xx_HAL_Driver/Src/stm32f1xx_hal_rcc_ex.c ****     {
 147:Drivers/STM32F1xx_HAL_Driver/Src/stm32f1xx_hal_rcc_ex.c ****       /* Enable write access to Backup domain */
 148:Drivers/STM32F1xx_HAL_Driver/Src/stm32f1xx_hal_rcc_ex.c ****       SET_BIT(PWR->CR, PWR_CR_DBP);
 149:Drivers/STM32F1xx_HAL_Driver/Src/stm32f1xx_hal_rcc_ex.c ****       
 150:Drivers/STM32F1xx_HAL_Driver/Src/stm32f1xx_hal_rcc_ex.c ****       /* Wait for Backup domain Write protection disable */
 151:Drivers/STM32F1xx_HAL_Driver/Src/stm32f1xx_hal_rcc_ex.c ****       tickstart = HAL_GetTick();
 152:Drivers/STM32F1xx_HAL_Driver/Src/stm32f1xx_hal_rcc_ex.c ****       
 153:Drivers/STM32F1xx_HAL_Driver/Src/stm32f1xx_hal_rcc_ex.c ****       while(HAL_IS_BIT_CLR(PWR->CR, PWR_CR_DBP))
 154:Drivers/STM32F1xx_HAL_Driver/Src/stm32f1xx_hal_rcc_ex.c ****       {
 155:Drivers/STM32F1xx_HAL_Driver/Src/stm32f1xx_hal_rcc_ex.c ****         if((HAL_GetTick() - tickstart) > RCC_DBP_TIMEOUT_VALUE)
 156:Drivers/STM32F1xx_HAL_Driver/Src/stm32f1xx_hal_rcc_ex.c ****         {
 157:Drivers/STM32F1xx_HAL_Driver/Src/stm32f1xx_hal_rcc_ex.c ****           return HAL_TIMEOUT;
 158:Drivers/STM32F1xx_HAL_Driver/Src/stm32f1xx_hal_rcc_ex.c ****         }
 159:Drivers/STM32F1xx_HAL_Driver/Src/stm32f1xx_hal_rcc_ex.c ****       }
 160:Drivers/STM32F1xx_HAL_Driver/Src/stm32f1xx_hal_rcc_ex.c ****     }
 161:Drivers/STM32F1xx_HAL_Driver/Src/stm32f1xx_hal_rcc_ex.c ****       
 162:Drivers/STM32F1xx_HAL_Driver/Src/stm32f1xx_hal_rcc_ex.c ****     /* Reset the Backup domain only if the RTC Clock source selection is modified from reset value 
 163:Drivers/STM32F1xx_HAL_Driver/Src/stm32f1xx_hal_rcc_ex.c ****     temp_reg = (RCC->BDCR & RCC_BDCR_RTCSEL);
  95              		.loc 1 163 5 is_stmt 1 view .LVU23
  96              		.loc 1 163 20 is_stmt 0 view .LVU24
  97 0038 344B     		ldr	r3, .L20
  98 003a 1B6A     		ldr	r3, [r3, #32]
  99              	.LVL6:
 164:Drivers/STM32F1xx_HAL_Driver/Src/stm32f1xx_hal_rcc_ex.c ****     if((temp_reg != 0x00000000U) && (temp_reg != (PeriphClkInit->RTCClockSelection & RCC_BDCR_RTCSE
 100              		.loc 1 164 5 is_stmt 1 view .LVU25
 101              		.loc 1 164 7 is_stmt 0 view .LVU26
 102 003c 13F44073 		ands	r3, r3, #768
 103              	.LVL7:
 104              		.loc 1 164 7 view .LVU27
 105 0040 13D0     		beq	.L8
 106              		.loc 1 164 64 discriminator 1 view .LVU28
 107 0042 6268     		ldr	r2, [r4, #4]
 108              		.loc 1 164 84 discriminator 1 view .LVU29
 109 0044 02F44072 		and	r2, r2, #768
 110              		.loc 1 164 34 discriminator 1 view .LVU30
 111 0048 9A42     		cmp	r2, r3
 112 004a 0ED0     		beq	.L8
 165:Drivers/STM32F1xx_HAL_Driver/Src/stm32f1xx_hal_rcc_ex.c ****     {
 166:Drivers/STM32F1xx_HAL_Driver/Src/stm32f1xx_hal_rcc_ex.c ****       /* Store the content of BDCR register before the reset of Backup Domain */
 167:Drivers/STM32F1xx_HAL_Driver/Src/stm32f1xx_hal_rcc_ex.c ****       temp_reg = (RCC->BDCR & ~(RCC_BDCR_RTCSEL));
 113              		.loc 1 167 7 is_stmt 1 view .LVU31
 114              		.loc 1 167 22 is_stmt 0 view .LVU32
 115 004c 2F4A     		ldr	r2, .L20
 116 004e 136A     		ldr	r3, [r2, #32]
 117              	.LVL8:
 118              		.loc 1 167 16 view .LVU33
 119 0050 23F44070 		bic	r0, r3, #768
ARM GAS  /tmp/ccfoJAV3.s 			page 6


 120              	.LVL9:
 168:Drivers/STM32F1xx_HAL_Driver/Src/stm32f1xx_hal_rcc_ex.c ****       /* RTC Clock selection can be changed only if the Backup Domain is reset */
 169:Drivers/STM32F1xx_HAL_Driver/Src/stm32f1xx_hal_rcc_ex.c ****       __HAL_RCC_BACKUPRESET_FORCE();
 121              		.loc 1 169 7 is_stmt 1 view .LVU34
 122 0054 2F49     		ldr	r1, .L20+8
 123 0056 0126     		movs	r6, #1
 124 0058 C1F84064 		str	r6, [r1, #1088]
 170:Drivers/STM32F1xx_HAL_Driver/Src/stm32f1xx_hal_rcc_ex.c ****       __HAL_RCC_BACKUPRESET_RELEASE();
 125              		.loc 1 170 7 view .LVU35
 126 005c 0026     		movs	r6, #0
 127 005e C1F84064 		str	r6, [r1, #1088]
 171:Drivers/STM32F1xx_HAL_Driver/Src/stm32f1xx_hal_rcc_ex.c ****       /* Restore the Content of BDCR register */
 172:Drivers/STM32F1xx_HAL_Driver/Src/stm32f1xx_hal_rcc_ex.c ****       RCC->BDCR = temp_reg;
 128              		.loc 1 172 7 view .LVU36
 129              		.loc 1 172 17 is_stmt 0 view .LVU37
 130 0062 1062     		str	r0, [r2, #32]
 173:Drivers/STM32F1xx_HAL_Driver/Src/stm32f1xx_hal_rcc_ex.c **** 
 174:Drivers/STM32F1xx_HAL_Driver/Src/stm32f1xx_hal_rcc_ex.c ****       /* Wait for LSERDY if LSE was enabled */
 175:Drivers/STM32F1xx_HAL_Driver/Src/stm32f1xx_hal_rcc_ex.c ****       if (HAL_IS_BIT_SET(temp_reg, RCC_BDCR_LSEON))
 131              		.loc 1 175 7 is_stmt 1 view .LVU38
 132              		.loc 1 175 10 is_stmt 0 view .LVU39
 133 0064 13F0010F 		tst	r3, #1
 134 0068 36D1     		bne	.L18
 135              	.LVL10:
 136              	.L8:
 176:Drivers/STM32F1xx_HAL_Driver/Src/stm32f1xx_hal_rcc_ex.c ****       {
 177:Drivers/STM32F1xx_HAL_Driver/Src/stm32f1xx_hal_rcc_ex.c ****         /* Get Start Tick */
 178:Drivers/STM32F1xx_HAL_Driver/Src/stm32f1xx_hal_rcc_ex.c ****         tickstart = HAL_GetTick();
 179:Drivers/STM32F1xx_HAL_Driver/Src/stm32f1xx_hal_rcc_ex.c ****       
 180:Drivers/STM32F1xx_HAL_Driver/Src/stm32f1xx_hal_rcc_ex.c ****         /* Wait till LSE is ready */  
 181:Drivers/STM32F1xx_HAL_Driver/Src/stm32f1xx_hal_rcc_ex.c ****         while(__HAL_RCC_GET_FLAG(RCC_FLAG_LSERDY) == RESET)
 182:Drivers/STM32F1xx_HAL_Driver/Src/stm32f1xx_hal_rcc_ex.c ****         {
 183:Drivers/STM32F1xx_HAL_Driver/Src/stm32f1xx_hal_rcc_ex.c ****           if((HAL_GetTick() - tickstart) > RCC_LSE_TIMEOUT_VALUE)
 184:Drivers/STM32F1xx_HAL_Driver/Src/stm32f1xx_hal_rcc_ex.c ****           {
 185:Drivers/STM32F1xx_HAL_Driver/Src/stm32f1xx_hal_rcc_ex.c ****             return HAL_TIMEOUT;
 186:Drivers/STM32F1xx_HAL_Driver/Src/stm32f1xx_hal_rcc_ex.c ****           }      
 187:Drivers/STM32F1xx_HAL_Driver/Src/stm32f1xx_hal_rcc_ex.c ****         }  
 188:Drivers/STM32F1xx_HAL_Driver/Src/stm32f1xx_hal_rcc_ex.c ****       }
 189:Drivers/STM32F1xx_HAL_Driver/Src/stm32f1xx_hal_rcc_ex.c ****     }
 190:Drivers/STM32F1xx_HAL_Driver/Src/stm32f1xx_hal_rcc_ex.c ****     __HAL_RCC_RTC_CONFIG(PeriphClkInit->RTCClockSelection); 
 137              		.loc 1 190 5 is_stmt 1 view .LVU40
 138 006a 284A     		ldr	r2, .L20
 139 006c 136A     		ldr	r3, [r2, #32]
 140 006e 23F44073 		bic	r3, r3, #768
 141 0072 6168     		ldr	r1, [r4, #4]
 142 0074 0B43     		orrs	r3, r3, r1
 143 0076 1362     		str	r3, [r2, #32]
 191:Drivers/STM32F1xx_HAL_Driver/Src/stm32f1xx_hal_rcc_ex.c **** 
 192:Drivers/STM32F1xx_HAL_Driver/Src/stm32f1xx_hal_rcc_ex.c ****     /* Require to disable power clock if necessary */
 193:Drivers/STM32F1xx_HAL_Driver/Src/stm32f1xx_hal_rcc_ex.c ****     if(pwrclkchanged == SET)
 144              		.loc 1 193 5 view .LVU41
 145              		.loc 1 193 7 is_stmt 0 view .LVU42
 146 0078 002D     		cmp	r5, #0
 147 007a 3ED1     		bne	.L19
 148              	.LVL11:
 149              	.L2:
 150              		.loc 1 193 7 view .LVU43
ARM GAS  /tmp/ccfoJAV3.s 			page 7


 151              	.LBE2:
 194:Drivers/STM32F1xx_HAL_Driver/Src/stm32f1xx_hal_rcc_ex.c ****     {
 195:Drivers/STM32F1xx_HAL_Driver/Src/stm32f1xx_hal_rcc_ex.c ****       __HAL_RCC_PWR_CLK_DISABLE();
 196:Drivers/STM32F1xx_HAL_Driver/Src/stm32f1xx_hal_rcc_ex.c ****     }
 197:Drivers/STM32F1xx_HAL_Driver/Src/stm32f1xx_hal_rcc_ex.c ****   }
 198:Drivers/STM32F1xx_HAL_Driver/Src/stm32f1xx_hal_rcc_ex.c **** 
 199:Drivers/STM32F1xx_HAL_Driver/Src/stm32f1xx_hal_rcc_ex.c ****   /*------------------------------ ADC clock Configuration ------------------*/ 
 200:Drivers/STM32F1xx_HAL_Driver/Src/stm32f1xx_hal_rcc_ex.c ****   if(((PeriphClkInit->PeriphClockSelection) & RCC_PERIPHCLK_ADC) == RCC_PERIPHCLK_ADC)
 152              		.loc 1 200 3 is_stmt 1 view .LVU44
 153              		.loc 1 200 21 is_stmt 0 view .LVU45
 154 007c 2368     		ldr	r3, [r4]
 155              		.loc 1 200 5 view .LVU46
 156 007e 13F0020F 		tst	r3, #2
 157 0082 06D0     		beq	.L11
 201:Drivers/STM32F1xx_HAL_Driver/Src/stm32f1xx_hal_rcc_ex.c ****   {
 202:Drivers/STM32F1xx_HAL_Driver/Src/stm32f1xx_hal_rcc_ex.c ****     /* Check the parameters */
 203:Drivers/STM32F1xx_HAL_Driver/Src/stm32f1xx_hal_rcc_ex.c ****     assert_param(IS_RCC_ADCPLLCLK_DIV(PeriphClkInit->AdcClockSelection));
 158              		.loc 1 203 5 is_stmt 1 view .LVU47
 204:Drivers/STM32F1xx_HAL_Driver/Src/stm32f1xx_hal_rcc_ex.c ****     
 205:Drivers/STM32F1xx_HAL_Driver/Src/stm32f1xx_hal_rcc_ex.c ****     /* Configure the ADC clock source */
 206:Drivers/STM32F1xx_HAL_Driver/Src/stm32f1xx_hal_rcc_ex.c ****     __HAL_RCC_ADC_CONFIG(PeriphClkInit->AdcClockSelection);
 159              		.loc 1 206 5 view .LVU48
 160 0084 214A     		ldr	r2, .L20
 161 0086 5368     		ldr	r3, [r2, #4]
 162 0088 23F44043 		bic	r3, r3, #49152
 163 008c A168     		ldr	r1, [r4, #8]
 164 008e 0B43     		orrs	r3, r3, r1
 165 0090 5360     		str	r3, [r2, #4]
 166              	.L11:
 207:Drivers/STM32F1xx_HAL_Driver/Src/stm32f1xx_hal_rcc_ex.c ****   }
 208:Drivers/STM32F1xx_HAL_Driver/Src/stm32f1xx_hal_rcc_ex.c **** 
 209:Drivers/STM32F1xx_HAL_Driver/Src/stm32f1xx_hal_rcc_ex.c **** #if defined(STM32F105xC) || defined(STM32F107xC)
 210:Drivers/STM32F1xx_HAL_Driver/Src/stm32f1xx_hal_rcc_ex.c ****   /*------------------------------ I2S2 Configuration ------------------------*/ 
 211:Drivers/STM32F1xx_HAL_Driver/Src/stm32f1xx_hal_rcc_ex.c ****   if(((PeriphClkInit->PeriphClockSelection) & RCC_PERIPHCLK_I2S2) == RCC_PERIPHCLK_I2S2)
 212:Drivers/STM32F1xx_HAL_Driver/Src/stm32f1xx_hal_rcc_ex.c ****   {
 213:Drivers/STM32F1xx_HAL_Driver/Src/stm32f1xx_hal_rcc_ex.c ****     /* Check the parameters */
 214:Drivers/STM32F1xx_HAL_Driver/Src/stm32f1xx_hal_rcc_ex.c ****     assert_param(IS_RCC_I2S2CLKSOURCE(PeriphClkInit->I2s2ClockSelection));
 215:Drivers/STM32F1xx_HAL_Driver/Src/stm32f1xx_hal_rcc_ex.c **** 
 216:Drivers/STM32F1xx_HAL_Driver/Src/stm32f1xx_hal_rcc_ex.c ****     /* Configure the I2S2 clock source */
 217:Drivers/STM32F1xx_HAL_Driver/Src/stm32f1xx_hal_rcc_ex.c ****     __HAL_RCC_I2S2_CONFIG(PeriphClkInit->I2s2ClockSelection);
 218:Drivers/STM32F1xx_HAL_Driver/Src/stm32f1xx_hal_rcc_ex.c ****   }
 219:Drivers/STM32F1xx_HAL_Driver/Src/stm32f1xx_hal_rcc_ex.c **** 
 220:Drivers/STM32F1xx_HAL_Driver/Src/stm32f1xx_hal_rcc_ex.c ****   /*------------------------------ I2S3 Configuration ------------------------*/ 
 221:Drivers/STM32F1xx_HAL_Driver/Src/stm32f1xx_hal_rcc_ex.c ****   if(((PeriphClkInit->PeriphClockSelection) & RCC_PERIPHCLK_I2S3) == RCC_PERIPHCLK_I2S3)
 222:Drivers/STM32F1xx_HAL_Driver/Src/stm32f1xx_hal_rcc_ex.c ****   {
 223:Drivers/STM32F1xx_HAL_Driver/Src/stm32f1xx_hal_rcc_ex.c ****     /* Check the parameters */
 224:Drivers/STM32F1xx_HAL_Driver/Src/stm32f1xx_hal_rcc_ex.c ****     assert_param(IS_RCC_I2S3CLKSOURCE(PeriphClkInit->I2s3ClockSelection));
 225:Drivers/STM32F1xx_HAL_Driver/Src/stm32f1xx_hal_rcc_ex.c ****     
 226:Drivers/STM32F1xx_HAL_Driver/Src/stm32f1xx_hal_rcc_ex.c ****     /* Configure the I2S3 clock source */
 227:Drivers/STM32F1xx_HAL_Driver/Src/stm32f1xx_hal_rcc_ex.c ****     __HAL_RCC_I2S3_CONFIG(PeriphClkInit->I2s3ClockSelection);
 228:Drivers/STM32F1xx_HAL_Driver/Src/stm32f1xx_hal_rcc_ex.c ****   }
 229:Drivers/STM32F1xx_HAL_Driver/Src/stm32f1xx_hal_rcc_ex.c **** 
 230:Drivers/STM32F1xx_HAL_Driver/Src/stm32f1xx_hal_rcc_ex.c ****   /*------------------------------ PLL I2S Configuration ----------------------*/ 
 231:Drivers/STM32F1xx_HAL_Driver/Src/stm32f1xx_hal_rcc_ex.c ****   /* Check that PLLI2S need to be enabled */
 232:Drivers/STM32F1xx_HAL_Driver/Src/stm32f1xx_hal_rcc_ex.c ****   if (HAL_IS_BIT_SET(RCC->CFGR2, RCC_CFGR2_I2S2SRC) || HAL_IS_BIT_SET(RCC->CFGR2, RCC_CFGR2_I2S3SRC
 233:Drivers/STM32F1xx_HAL_Driver/Src/stm32f1xx_hal_rcc_ex.c ****   {
 234:Drivers/STM32F1xx_HAL_Driver/Src/stm32f1xx_hal_rcc_ex.c ****     /* Update flag to indicate that PLL I2S should be active */
ARM GAS  /tmp/ccfoJAV3.s 			page 8


 235:Drivers/STM32F1xx_HAL_Driver/Src/stm32f1xx_hal_rcc_ex.c ****     pllactive = 1;
 236:Drivers/STM32F1xx_HAL_Driver/Src/stm32f1xx_hal_rcc_ex.c ****   }
 237:Drivers/STM32F1xx_HAL_Driver/Src/stm32f1xx_hal_rcc_ex.c **** 
 238:Drivers/STM32F1xx_HAL_Driver/Src/stm32f1xx_hal_rcc_ex.c ****   /* Check if PLL I2S need to be enabled */
 239:Drivers/STM32F1xx_HAL_Driver/Src/stm32f1xx_hal_rcc_ex.c ****   if (pllactive == 1)
 240:Drivers/STM32F1xx_HAL_Driver/Src/stm32f1xx_hal_rcc_ex.c ****   {
 241:Drivers/STM32F1xx_HAL_Driver/Src/stm32f1xx_hal_rcc_ex.c ****     /* Enable PLL I2S only if not active */
 242:Drivers/STM32F1xx_HAL_Driver/Src/stm32f1xx_hal_rcc_ex.c ****     if (HAL_IS_BIT_CLR(RCC->CR, RCC_CR_PLL3ON))
 243:Drivers/STM32F1xx_HAL_Driver/Src/stm32f1xx_hal_rcc_ex.c ****     {
 244:Drivers/STM32F1xx_HAL_Driver/Src/stm32f1xx_hal_rcc_ex.c ****       /* Check the parameters */
 245:Drivers/STM32F1xx_HAL_Driver/Src/stm32f1xx_hal_rcc_ex.c ****       assert_param(IS_RCC_PLLI2S_MUL(PeriphClkInit->PLLI2S.PLLI2SMUL));
 246:Drivers/STM32F1xx_HAL_Driver/Src/stm32f1xx_hal_rcc_ex.c ****       assert_param(IS_RCC_HSE_PREDIV2(PeriphClkInit->PLLI2S.HSEPrediv2Value));
 247:Drivers/STM32F1xx_HAL_Driver/Src/stm32f1xx_hal_rcc_ex.c **** 
 248:Drivers/STM32F1xx_HAL_Driver/Src/stm32f1xx_hal_rcc_ex.c ****       /* Prediv2 can be written only when the PLL2 is disabled. */
 249:Drivers/STM32F1xx_HAL_Driver/Src/stm32f1xx_hal_rcc_ex.c ****       /* Return an error only if new value is different from the programmed value */
 250:Drivers/STM32F1xx_HAL_Driver/Src/stm32f1xx_hal_rcc_ex.c ****       if (HAL_IS_BIT_SET(RCC->CR,RCC_CR_PLL2ON) && \
 251:Drivers/STM32F1xx_HAL_Driver/Src/stm32f1xx_hal_rcc_ex.c ****         (__HAL_RCC_HSE_GET_PREDIV2() != PeriphClkInit->PLLI2S.HSEPrediv2Value))
 252:Drivers/STM32F1xx_HAL_Driver/Src/stm32f1xx_hal_rcc_ex.c ****       {
 253:Drivers/STM32F1xx_HAL_Driver/Src/stm32f1xx_hal_rcc_ex.c ****         return HAL_ERROR;
 254:Drivers/STM32F1xx_HAL_Driver/Src/stm32f1xx_hal_rcc_ex.c ****       }
 255:Drivers/STM32F1xx_HAL_Driver/Src/stm32f1xx_hal_rcc_ex.c **** 
 256:Drivers/STM32F1xx_HAL_Driver/Src/stm32f1xx_hal_rcc_ex.c ****       /* Configure the HSE prediv2 factor --------------------------------*/
 257:Drivers/STM32F1xx_HAL_Driver/Src/stm32f1xx_hal_rcc_ex.c ****       __HAL_RCC_HSE_PREDIV2_CONFIG(PeriphClkInit->PLLI2S.HSEPrediv2Value);
 258:Drivers/STM32F1xx_HAL_Driver/Src/stm32f1xx_hal_rcc_ex.c **** 
 259:Drivers/STM32F1xx_HAL_Driver/Src/stm32f1xx_hal_rcc_ex.c ****       /* Configure the main PLLI2S multiplication factors. */
 260:Drivers/STM32F1xx_HAL_Driver/Src/stm32f1xx_hal_rcc_ex.c ****       __HAL_RCC_PLLI2S_CONFIG(PeriphClkInit->PLLI2S.PLLI2SMUL);
 261:Drivers/STM32F1xx_HAL_Driver/Src/stm32f1xx_hal_rcc_ex.c ****       
 262:Drivers/STM32F1xx_HAL_Driver/Src/stm32f1xx_hal_rcc_ex.c ****       /* Enable the main PLLI2S. */
 263:Drivers/STM32F1xx_HAL_Driver/Src/stm32f1xx_hal_rcc_ex.c ****       __HAL_RCC_PLLI2S_ENABLE();
 264:Drivers/STM32F1xx_HAL_Driver/Src/stm32f1xx_hal_rcc_ex.c ****       
 265:Drivers/STM32F1xx_HAL_Driver/Src/stm32f1xx_hal_rcc_ex.c ****       /* Get Start Tick*/
 266:Drivers/STM32F1xx_HAL_Driver/Src/stm32f1xx_hal_rcc_ex.c ****       tickstart = HAL_GetTick();
 267:Drivers/STM32F1xx_HAL_Driver/Src/stm32f1xx_hal_rcc_ex.c ****       
 268:Drivers/STM32F1xx_HAL_Driver/Src/stm32f1xx_hal_rcc_ex.c ****       /* Wait till PLLI2S is ready */
 269:Drivers/STM32F1xx_HAL_Driver/Src/stm32f1xx_hal_rcc_ex.c ****       while(__HAL_RCC_GET_FLAG(RCC_FLAG_PLLI2SRDY)  == RESET)
 270:Drivers/STM32F1xx_HAL_Driver/Src/stm32f1xx_hal_rcc_ex.c ****       {
 271:Drivers/STM32F1xx_HAL_Driver/Src/stm32f1xx_hal_rcc_ex.c ****         if((HAL_GetTick() - tickstart ) > PLLI2S_TIMEOUT_VALUE)
 272:Drivers/STM32F1xx_HAL_Driver/Src/stm32f1xx_hal_rcc_ex.c ****         {
 273:Drivers/STM32F1xx_HAL_Driver/Src/stm32f1xx_hal_rcc_ex.c ****           return HAL_TIMEOUT;
 274:Drivers/STM32F1xx_HAL_Driver/Src/stm32f1xx_hal_rcc_ex.c ****         }
 275:Drivers/STM32F1xx_HAL_Driver/Src/stm32f1xx_hal_rcc_ex.c ****       }
 276:Drivers/STM32F1xx_HAL_Driver/Src/stm32f1xx_hal_rcc_ex.c ****     }
 277:Drivers/STM32F1xx_HAL_Driver/Src/stm32f1xx_hal_rcc_ex.c ****     else
 278:Drivers/STM32F1xx_HAL_Driver/Src/stm32f1xx_hal_rcc_ex.c ****     {
 279:Drivers/STM32F1xx_HAL_Driver/Src/stm32f1xx_hal_rcc_ex.c ****       /* Return an error only if user wants to change the PLLI2SMUL whereas PLLI2S is active */
 280:Drivers/STM32F1xx_HAL_Driver/Src/stm32f1xx_hal_rcc_ex.c ****       if (READ_BIT(RCC->CFGR2, RCC_CFGR2_PLL3MUL) != PeriphClkInit->PLLI2S.PLLI2SMUL)
 281:Drivers/STM32F1xx_HAL_Driver/Src/stm32f1xx_hal_rcc_ex.c ****       {
 282:Drivers/STM32F1xx_HAL_Driver/Src/stm32f1xx_hal_rcc_ex.c ****           return HAL_ERROR;
 283:Drivers/STM32F1xx_HAL_Driver/Src/stm32f1xx_hal_rcc_ex.c ****       }
 284:Drivers/STM32F1xx_HAL_Driver/Src/stm32f1xx_hal_rcc_ex.c ****     }
 285:Drivers/STM32F1xx_HAL_Driver/Src/stm32f1xx_hal_rcc_ex.c ****   }
 286:Drivers/STM32F1xx_HAL_Driver/Src/stm32f1xx_hal_rcc_ex.c **** #endif /* STM32F105xC || STM32F107xC */
 287:Drivers/STM32F1xx_HAL_Driver/Src/stm32f1xx_hal_rcc_ex.c **** 
 288:Drivers/STM32F1xx_HAL_Driver/Src/stm32f1xx_hal_rcc_ex.c **** #if defined(STM32F102x6) || defined(STM32F102xB) || defined(STM32F103x6)\
 289:Drivers/STM32F1xx_HAL_Driver/Src/stm32f1xx_hal_rcc_ex.c ****  || defined(STM32F103xB) || defined(STM32F103xE) || defined(STM32F103xG)\
 290:Drivers/STM32F1xx_HAL_Driver/Src/stm32f1xx_hal_rcc_ex.c ****  || defined(STM32F105xC) || defined(STM32F107xC)
 291:Drivers/STM32F1xx_HAL_Driver/Src/stm32f1xx_hal_rcc_ex.c ****   /*------------------------------ USB clock Configuration ------------------*/ 
ARM GAS  /tmp/ccfoJAV3.s 			page 9


 292:Drivers/STM32F1xx_HAL_Driver/Src/stm32f1xx_hal_rcc_ex.c ****   if(((PeriphClkInit->PeriphClockSelection) & RCC_PERIPHCLK_USB) == RCC_PERIPHCLK_USB)
 167              		.loc 1 292 3 view .LVU49
 168              		.loc 1 292 21 is_stmt 0 view .LVU50
 169 0092 2368     		ldr	r3, [r4]
 170              		.loc 1 292 5 view .LVU51
 171 0094 13F0100F 		tst	r3, #16
 172 0098 34D0     		beq	.L15
 293:Drivers/STM32F1xx_HAL_Driver/Src/stm32f1xx_hal_rcc_ex.c ****   {
 294:Drivers/STM32F1xx_HAL_Driver/Src/stm32f1xx_hal_rcc_ex.c ****     /* Check the parameters */
 295:Drivers/STM32F1xx_HAL_Driver/Src/stm32f1xx_hal_rcc_ex.c ****     assert_param(IS_RCC_USBPLLCLK_DIV(PeriphClkInit->UsbClockSelection));
 173              		.loc 1 295 5 is_stmt 1 view .LVU52
 296:Drivers/STM32F1xx_HAL_Driver/Src/stm32f1xx_hal_rcc_ex.c ****     
 297:Drivers/STM32F1xx_HAL_Driver/Src/stm32f1xx_hal_rcc_ex.c ****     /* Configure the USB clock source */
 298:Drivers/STM32F1xx_HAL_Driver/Src/stm32f1xx_hal_rcc_ex.c ****     __HAL_RCC_USB_CONFIG(PeriphClkInit->UsbClockSelection);
 174              		.loc 1 298 5 view .LVU53
 175 009a 1C4A     		ldr	r2, .L20
 176 009c 5368     		ldr	r3, [r2, #4]
 177 009e 23F48003 		bic	r3, r3, #4194304
 178 00a2 6169     		ldr	r1, [r4, #20]
 179 00a4 0B43     		orrs	r3, r3, r1
 180 00a6 5360     		str	r3, [r2, #4]
 299:Drivers/STM32F1xx_HAL_Driver/Src/stm32f1xx_hal_rcc_ex.c ****   }
 300:Drivers/STM32F1xx_HAL_Driver/Src/stm32f1xx_hal_rcc_ex.c **** #endif /* STM32F102x6 || STM32F102xB || STM32F103x6 || STM32F103xB || STM32F103xE || STM32F103xG ||
 301:Drivers/STM32F1xx_HAL_Driver/Src/stm32f1xx_hal_rcc_ex.c **** 
 302:Drivers/STM32F1xx_HAL_Driver/Src/stm32f1xx_hal_rcc_ex.c ****   return HAL_OK;
 181              		.loc 1 302 10 is_stmt 0 view .LVU54
 182 00a8 0020     		movs	r0, #0
 183 00aa 2CE0     		b	.L6
 184              	.LVL12:
 185              	.L12:
 186              	.LBB4:
 134:Drivers/STM32F1xx_HAL_Driver/Src/stm32f1xx_hal_rcc_ex.c **** 
 187              		.loc 1 134 22 view .LVU55
 188 00ac 0025     		movs	r5, #0
 189 00ae BEE7     		b	.L3
 190              	.LVL13:
 191              	.L17:
 148:Drivers/STM32F1xx_HAL_Driver/Src/stm32f1xx_hal_rcc_ex.c ****       
 192              		.loc 1 148 7 is_stmt 1 view .LVU56
 193 00b0 174A     		ldr	r2, .L20+4
 194 00b2 1368     		ldr	r3, [r2]
 195 00b4 43F48073 		orr	r3, r3, #256
 196 00b8 1360     		str	r3, [r2]
 151:Drivers/STM32F1xx_HAL_Driver/Src/stm32f1xx_hal_rcc_ex.c ****       
 197              		.loc 1 151 7 view .LVU57
 151:Drivers/STM32F1xx_HAL_Driver/Src/stm32f1xx_hal_rcc_ex.c ****       
 198              		.loc 1 151 19 is_stmt 0 view .LVU58
 199 00ba FFF7FEFF 		bl	HAL_GetTick
 200              	.LVL14:
 151:Drivers/STM32F1xx_HAL_Driver/Src/stm32f1xx_hal_rcc_ex.c ****       
 201              		.loc 1 151 19 view .LVU59
 202 00be 0646     		mov	r6, r0
 203              	.LVL15:
 153:Drivers/STM32F1xx_HAL_Driver/Src/stm32f1xx_hal_rcc_ex.c ****       {
 204              		.loc 1 153 7 is_stmt 1 view .LVU60
 205              	.L5:
 153:Drivers/STM32F1xx_HAL_Driver/Src/stm32f1xx_hal_rcc_ex.c ****       {
ARM GAS  /tmp/ccfoJAV3.s 			page 10


 206              		.loc 1 153 12 view .LVU61
 153:Drivers/STM32F1xx_HAL_Driver/Src/stm32f1xx_hal_rcc_ex.c ****       {
 207              		.loc 1 153 13 is_stmt 0 view .LVU62
 208 00c0 134B     		ldr	r3, .L20+4
 209 00c2 1B68     		ldr	r3, [r3]
 153:Drivers/STM32F1xx_HAL_Driver/Src/stm32f1xx_hal_rcc_ex.c ****       {
 210              		.loc 1 153 12 view .LVU63
 211 00c4 13F4807F 		tst	r3, #256
 212 00c8 B6D1     		bne	.L4
 155:Drivers/STM32F1xx_HAL_Driver/Src/stm32f1xx_hal_rcc_ex.c ****         {
 213              		.loc 1 155 9 is_stmt 1 view .LVU64
 155:Drivers/STM32F1xx_HAL_Driver/Src/stm32f1xx_hal_rcc_ex.c ****         {
 214              		.loc 1 155 13 is_stmt 0 view .LVU65
 215 00ca FFF7FEFF 		bl	HAL_GetTick
 216              	.LVL16:
 155:Drivers/STM32F1xx_HAL_Driver/Src/stm32f1xx_hal_rcc_ex.c ****         {
 217              		.loc 1 155 27 view .LVU66
 218 00ce 801B     		subs	r0, r0, r6
 155:Drivers/STM32F1xx_HAL_Driver/Src/stm32f1xx_hal_rcc_ex.c ****         {
 219              		.loc 1 155 11 view .LVU67
 220 00d0 6428     		cmp	r0, #100
 221 00d2 F5D9     		bls	.L5
 157:Drivers/STM32F1xx_HAL_Driver/Src/stm32f1xx_hal_rcc_ex.c ****         }
 222              		.loc 1 157 18 view .LVU68
 223 00d4 0320     		movs	r0, #3
 224 00d6 16E0     		b	.L6
 225              	.LVL17:
 226              	.L18:
 178:Drivers/STM32F1xx_HAL_Driver/Src/stm32f1xx_hal_rcc_ex.c ****       
 227              		.loc 1 178 9 is_stmt 1 view .LVU69
 178:Drivers/STM32F1xx_HAL_Driver/Src/stm32f1xx_hal_rcc_ex.c ****       
 228              		.loc 1 178 21 is_stmt 0 view .LVU70
 229 00d8 FFF7FEFF 		bl	HAL_GetTick
 230              	.LVL18:
 178:Drivers/STM32F1xx_HAL_Driver/Src/stm32f1xx_hal_rcc_ex.c ****       
 231              		.loc 1 178 21 view .LVU71
 232 00dc 0646     		mov	r6, r0
 233              	.LVL19:
 181:Drivers/STM32F1xx_HAL_Driver/Src/stm32f1xx_hal_rcc_ex.c ****         {
 234              		.loc 1 181 9 is_stmt 1 view .LVU72
 235              	.L9:
 181:Drivers/STM32F1xx_HAL_Driver/Src/stm32f1xx_hal_rcc_ex.c ****         {
 236              		.loc 1 181 14 view .LVU73
 181:Drivers/STM32F1xx_HAL_Driver/Src/stm32f1xx_hal_rcc_ex.c ****         {
 237              		.loc 1 181 15 is_stmt 0 view .LVU74
 238 00de 0B4B     		ldr	r3, .L20
 239 00e0 1B6A     		ldr	r3, [r3, #32]
 181:Drivers/STM32F1xx_HAL_Driver/Src/stm32f1xx_hal_rcc_ex.c ****         {
 240              		.loc 1 181 14 view .LVU75
 241 00e2 13F0020F 		tst	r3, #2
 242 00e6 C0D1     		bne	.L8
 183:Drivers/STM32F1xx_HAL_Driver/Src/stm32f1xx_hal_rcc_ex.c ****           {
 243              		.loc 1 183 11 is_stmt 1 view .LVU76
 183:Drivers/STM32F1xx_HAL_Driver/Src/stm32f1xx_hal_rcc_ex.c ****           {
 244              		.loc 1 183 15 is_stmt 0 view .LVU77
 245 00e8 FFF7FEFF 		bl	HAL_GetTick
 246              	.LVL20:
ARM GAS  /tmp/ccfoJAV3.s 			page 11


 183:Drivers/STM32F1xx_HAL_Driver/Src/stm32f1xx_hal_rcc_ex.c ****           {
 247              		.loc 1 183 29 view .LVU78
 248 00ec 801B     		subs	r0, r0, r6
 183:Drivers/STM32F1xx_HAL_Driver/Src/stm32f1xx_hal_rcc_ex.c ****           {
 249              		.loc 1 183 13 view .LVU79
 250 00ee 41F28833 		movw	r3, #5000
 251 00f2 9842     		cmp	r0, r3
 252 00f4 F3D9     		bls	.L9
 185:Drivers/STM32F1xx_HAL_Driver/Src/stm32f1xx_hal_rcc_ex.c ****           }      
 253              		.loc 1 185 20 view .LVU80
 254 00f6 0320     		movs	r0, #3
 255 00f8 05E0     		b	.L6
 256              	.LVL21:
 257              	.L19:
 195:Drivers/STM32F1xx_HAL_Driver/Src/stm32f1xx_hal_rcc_ex.c ****     }
 258              		.loc 1 195 7 is_stmt 1 view .LVU81
 259 00fa D369     		ldr	r3, [r2, #28]
 260 00fc 23F08053 		bic	r3, r3, #268435456
 261 0100 D361     		str	r3, [r2, #28]
 262 0102 BBE7     		b	.L2
 263              	.LVL22:
 264              	.L15:
 195:Drivers/STM32F1xx_HAL_Driver/Src/stm32f1xx_hal_rcc_ex.c ****     }
 265              		.loc 1 195 7 is_stmt 0 view .LVU82
 266              	.LBE4:
 267              		.loc 1 302 10 view .LVU83
 268 0104 0020     		movs	r0, #0
 269              	.L6:
 303:Drivers/STM32F1xx_HAL_Driver/Src/stm32f1xx_hal_rcc_ex.c **** }
 270              		.loc 1 303 1 view .LVU84
 271 0106 02B0     		add	sp, sp, #8
 272              	.LCFI2:
 273              		.cfi_def_cfa_offset 16
 274              		@ sp needed
 275 0108 70BD     		pop	{r4, r5, r6, pc}
 276              	.LVL23:
 277              	.L21:
 278              		.loc 1 303 1 view .LVU85
 279 010a 00BF     		.align	2
 280              	.L20:
 281 010c 00100240 		.word	1073876992
 282 0110 00700040 		.word	1073770496
 283 0114 00004242 		.word	1111621632
 284              		.cfi_endproc
 285              	.LFE66:
 287              		.section	.text.HAL_RCCEx_GetPeriphCLKConfig,"ax",%progbits
 288              		.align	1
 289              		.global	HAL_RCCEx_GetPeriphCLKConfig
 290              		.syntax unified
 291              		.thumb
 292              		.thumb_func
 293              		.fpu softvfp
 295              	HAL_RCCEx_GetPeriphCLKConfig:
 296              	.LVL24:
 297              	.LFB67:
 304:Drivers/STM32F1xx_HAL_Driver/Src/stm32f1xx_hal_rcc_ex.c **** 
 305:Drivers/STM32F1xx_HAL_Driver/Src/stm32f1xx_hal_rcc_ex.c **** /**
ARM GAS  /tmp/ccfoJAV3.s 			page 12


 306:Drivers/STM32F1xx_HAL_Driver/Src/stm32f1xx_hal_rcc_ex.c ****   * @brief  Get the PeriphClkInit according to the internal
 307:Drivers/STM32F1xx_HAL_Driver/Src/stm32f1xx_hal_rcc_ex.c ****   * RCC configuration registers.
 308:Drivers/STM32F1xx_HAL_Driver/Src/stm32f1xx_hal_rcc_ex.c ****   * @param  PeriphClkInit pointer to an RCC_PeriphCLKInitTypeDef structure that 
 309:Drivers/STM32F1xx_HAL_Driver/Src/stm32f1xx_hal_rcc_ex.c ****   *         returns the configuration information for the Extended Peripherals clocks(RTC, I2S, ADC
 310:Drivers/STM32F1xx_HAL_Driver/Src/stm32f1xx_hal_rcc_ex.c ****   * @retval None
 311:Drivers/STM32F1xx_HAL_Driver/Src/stm32f1xx_hal_rcc_ex.c ****   */
 312:Drivers/STM32F1xx_HAL_Driver/Src/stm32f1xx_hal_rcc_ex.c **** void HAL_RCCEx_GetPeriphCLKConfig(RCC_PeriphCLKInitTypeDef  *PeriphClkInit)
 313:Drivers/STM32F1xx_HAL_Driver/Src/stm32f1xx_hal_rcc_ex.c **** {
 298              		.loc 1 313 1 is_stmt 1 view -0
 299              		.cfi_startproc
 300              		@ args = 0, pretend = 0, frame = 0
 301              		@ frame_needed = 0, uses_anonymous_args = 0
 302              		@ link register save eliminated.
 314:Drivers/STM32F1xx_HAL_Driver/Src/stm32f1xx_hal_rcc_ex.c ****   uint32_t srcclk = 0U;
 303              		.loc 1 314 3 view .LVU87
 315:Drivers/STM32F1xx_HAL_Driver/Src/stm32f1xx_hal_rcc_ex.c ****   
 316:Drivers/STM32F1xx_HAL_Driver/Src/stm32f1xx_hal_rcc_ex.c ****   /* Set all possible values for the extended clock type parameter------------*/
 317:Drivers/STM32F1xx_HAL_Driver/Src/stm32f1xx_hal_rcc_ex.c ****   PeriphClkInit->PeriphClockSelection = RCC_PERIPHCLK_RTC;
 304              		.loc 1 317 3 view .LVU88
 305              		.loc 1 317 39 is_stmt 0 view .LVU89
 306 0000 0123     		movs	r3, #1
 307 0002 0360     		str	r3, [r0]
 318:Drivers/STM32F1xx_HAL_Driver/Src/stm32f1xx_hal_rcc_ex.c **** 
 319:Drivers/STM32F1xx_HAL_Driver/Src/stm32f1xx_hal_rcc_ex.c ****   /* Get the RTC configuration -----------------------------------------------*/
 320:Drivers/STM32F1xx_HAL_Driver/Src/stm32f1xx_hal_rcc_ex.c ****   srcclk = __HAL_RCC_GET_RTC_SOURCE();
 308              		.loc 1 320 3 is_stmt 1 view .LVU90
 309              		.loc 1 320 12 is_stmt 0 view .LVU91
 310 0004 0C4B     		ldr	r3, .L23
 311 0006 1A6A     		ldr	r2, [r3, #32]
 312              		.loc 1 320 10 view .LVU92
 313 0008 02F44072 		and	r2, r2, #768
 314              	.LVL25:
 321:Drivers/STM32F1xx_HAL_Driver/Src/stm32f1xx_hal_rcc_ex.c ****   /* Source clock is LSE or LSI*/
 322:Drivers/STM32F1xx_HAL_Driver/Src/stm32f1xx_hal_rcc_ex.c ****   PeriphClkInit->RTCClockSelection = srcclk;
 315              		.loc 1 322 3 is_stmt 1 view .LVU93
 316              		.loc 1 322 36 is_stmt 0 view .LVU94
 317 000c 4260     		str	r2, [r0, #4]
 323:Drivers/STM32F1xx_HAL_Driver/Src/stm32f1xx_hal_rcc_ex.c **** 
 324:Drivers/STM32F1xx_HAL_Driver/Src/stm32f1xx_hal_rcc_ex.c ****   /* Get the ADC clock configuration -----------------------------------------*/
 325:Drivers/STM32F1xx_HAL_Driver/Src/stm32f1xx_hal_rcc_ex.c ****   PeriphClkInit->PeriphClockSelection |= RCC_PERIPHCLK_ADC;
 318              		.loc 1 325 3 is_stmt 1 view .LVU95
 319              		.loc 1 325 39 is_stmt 0 view .LVU96
 320 000e 0322     		movs	r2, #3
 321              	.LVL26:
 322              		.loc 1 325 39 view .LVU97
 323 0010 0260     		str	r2, [r0]
 326:Drivers/STM32F1xx_HAL_Driver/Src/stm32f1xx_hal_rcc_ex.c ****   PeriphClkInit->AdcClockSelection = __HAL_RCC_GET_ADC_SOURCE();
 324              		.loc 1 326 3 is_stmt 1 view .LVU98
 325              		.loc 1 326 38 is_stmt 0 view .LVU99
 326 0012 5A68     		ldr	r2, [r3, #4]
 327 0014 02F44042 		and	r2, r2, #49152
 328              		.loc 1 326 36 view .LVU100
 329 0018 8260     		str	r2, [r0, #8]
 327:Drivers/STM32F1xx_HAL_Driver/Src/stm32f1xx_hal_rcc_ex.c **** 
 328:Drivers/STM32F1xx_HAL_Driver/Src/stm32f1xx_hal_rcc_ex.c **** #if defined(STM32F105xC) || defined(STM32F107xC)
 329:Drivers/STM32F1xx_HAL_Driver/Src/stm32f1xx_hal_rcc_ex.c ****   /* Get the I2S2 clock configuration -----------------------------------------*/
 330:Drivers/STM32F1xx_HAL_Driver/Src/stm32f1xx_hal_rcc_ex.c ****   PeriphClkInit->PeriphClockSelection |= RCC_PERIPHCLK_I2S2;
ARM GAS  /tmp/ccfoJAV3.s 			page 13


 331:Drivers/STM32F1xx_HAL_Driver/Src/stm32f1xx_hal_rcc_ex.c ****   PeriphClkInit->I2s2ClockSelection = __HAL_RCC_GET_I2S2_SOURCE();
 332:Drivers/STM32F1xx_HAL_Driver/Src/stm32f1xx_hal_rcc_ex.c **** 
 333:Drivers/STM32F1xx_HAL_Driver/Src/stm32f1xx_hal_rcc_ex.c ****   /* Get the I2S3 clock configuration -----------------------------------------*/
 334:Drivers/STM32F1xx_HAL_Driver/Src/stm32f1xx_hal_rcc_ex.c ****   PeriphClkInit->PeriphClockSelection |= RCC_PERIPHCLK_I2S3;
 335:Drivers/STM32F1xx_HAL_Driver/Src/stm32f1xx_hal_rcc_ex.c ****   PeriphClkInit->I2s3ClockSelection = __HAL_RCC_GET_I2S3_SOURCE();
 336:Drivers/STM32F1xx_HAL_Driver/Src/stm32f1xx_hal_rcc_ex.c **** 
 337:Drivers/STM32F1xx_HAL_Driver/Src/stm32f1xx_hal_rcc_ex.c **** #endif /* STM32F105xC || STM32F107xC */
 338:Drivers/STM32F1xx_HAL_Driver/Src/stm32f1xx_hal_rcc_ex.c **** 
 339:Drivers/STM32F1xx_HAL_Driver/Src/stm32f1xx_hal_rcc_ex.c **** #if defined(STM32F103xE) || defined(STM32F103xG)
 340:Drivers/STM32F1xx_HAL_Driver/Src/stm32f1xx_hal_rcc_ex.c ****   /* Get the I2S2 clock configuration -----------------------------------------*/
 341:Drivers/STM32F1xx_HAL_Driver/Src/stm32f1xx_hal_rcc_ex.c ****   PeriphClkInit->PeriphClockSelection |= RCC_PERIPHCLK_I2S2;
 330              		.loc 1 341 3 is_stmt 1 view .LVU101
 331              		.loc 1 341 39 is_stmt 0 view .LVU102
 332 001a 0722     		movs	r2, #7
 333 001c 0260     		str	r2, [r0]
 342:Drivers/STM32F1xx_HAL_Driver/Src/stm32f1xx_hal_rcc_ex.c ****   PeriphClkInit->I2s2ClockSelection = RCC_I2S2CLKSOURCE_SYSCLK;
 334              		.loc 1 342 3 is_stmt 1 view .LVU103
 335              		.loc 1 342 37 is_stmt 0 view .LVU104
 336 001e 0022     		movs	r2, #0
 337 0020 C260     		str	r2, [r0, #12]
 343:Drivers/STM32F1xx_HAL_Driver/Src/stm32f1xx_hal_rcc_ex.c **** 
 344:Drivers/STM32F1xx_HAL_Driver/Src/stm32f1xx_hal_rcc_ex.c ****   /* Get the I2S3 clock configuration -----------------------------------------*/
 345:Drivers/STM32F1xx_HAL_Driver/Src/stm32f1xx_hal_rcc_ex.c ****   PeriphClkInit->PeriphClockSelection |= RCC_PERIPHCLK_I2S3;
 338              		.loc 1 345 3 is_stmt 1 view .LVU105
 339              		.loc 1 345 39 is_stmt 0 view .LVU106
 340 0022 0F21     		movs	r1, #15
 341 0024 0160     		str	r1, [r0]
 346:Drivers/STM32F1xx_HAL_Driver/Src/stm32f1xx_hal_rcc_ex.c ****   PeriphClkInit->I2s3ClockSelection = RCC_I2S3CLKSOURCE_SYSCLK;
 342              		.loc 1 346 3 is_stmt 1 view .LVU107
 343              		.loc 1 346 37 is_stmt 0 view .LVU108
 344 0026 0261     		str	r2, [r0, #16]
 347:Drivers/STM32F1xx_HAL_Driver/Src/stm32f1xx_hal_rcc_ex.c **** 
 348:Drivers/STM32F1xx_HAL_Driver/Src/stm32f1xx_hal_rcc_ex.c **** #endif /* STM32F103xE || STM32F103xG */
 349:Drivers/STM32F1xx_HAL_Driver/Src/stm32f1xx_hal_rcc_ex.c **** 
 350:Drivers/STM32F1xx_HAL_Driver/Src/stm32f1xx_hal_rcc_ex.c **** #if defined(STM32F102x6) || defined(STM32F102xB) || defined(STM32F103x6)\
 351:Drivers/STM32F1xx_HAL_Driver/Src/stm32f1xx_hal_rcc_ex.c ****  || defined(STM32F103xB) || defined(STM32F103xE) || defined(STM32F103xG)\
 352:Drivers/STM32F1xx_HAL_Driver/Src/stm32f1xx_hal_rcc_ex.c ****  || defined(STM32F105xC) || defined(STM32F107xC)
 353:Drivers/STM32F1xx_HAL_Driver/Src/stm32f1xx_hal_rcc_ex.c ****   /* Get the USB clock configuration -----------------------------------------*/
 354:Drivers/STM32F1xx_HAL_Driver/Src/stm32f1xx_hal_rcc_ex.c ****   PeriphClkInit->PeriphClockSelection |= RCC_PERIPHCLK_USB;
 345              		.loc 1 354 3 is_stmt 1 view .LVU109
 346              		.loc 1 354 39 is_stmt 0 view .LVU110
 347 0028 1F22     		movs	r2, #31
 348 002a 0260     		str	r2, [r0]
 355:Drivers/STM32F1xx_HAL_Driver/Src/stm32f1xx_hal_rcc_ex.c ****   PeriphClkInit->UsbClockSelection = __HAL_RCC_GET_USB_SOURCE();
 349              		.loc 1 355 3 is_stmt 1 view .LVU111
 350              		.loc 1 355 38 is_stmt 0 view .LVU112
 351 002c 5B68     		ldr	r3, [r3, #4]
 352 002e 03F48003 		and	r3, r3, #4194304
 353              		.loc 1 355 36 view .LVU113
 354 0032 4361     		str	r3, [r0, #20]
 356:Drivers/STM32F1xx_HAL_Driver/Src/stm32f1xx_hal_rcc_ex.c **** #endif /* STM32F102x6 || STM32F102xB || STM32F103x6 || STM32F103xB || STM32F103xE || STM32F103xG ||
 357:Drivers/STM32F1xx_HAL_Driver/Src/stm32f1xx_hal_rcc_ex.c **** }
 355              		.loc 1 357 1 view .LVU114
 356 0034 7047     		bx	lr
 357              	.L24:
 358 0036 00BF     		.align	2
 359              	.L23:
ARM GAS  /tmp/ccfoJAV3.s 			page 14


 360 0038 00100240 		.word	1073876992
 361              		.cfi_endproc
 362              	.LFE67:
 364              		.section	.rodata.HAL_RCCEx_GetPeriphCLKFreq.str1.4,"aMS",%progbits,1
 365              		.align	2
 366              	.LC0:
 367 0000 02030405 		.ascii	"\002\003\004\005\006\007\010\011\012\013\014\015\016"
 367      06070809 
 367      0A0B0C0D 
 367      0E
 368 000d 0F101000 		.ascii	"\017\020\020\000"
 369              		.section	.text.HAL_RCCEx_GetPeriphCLKFreq,"ax",%progbits
 370              		.align	1
 371              		.global	HAL_RCCEx_GetPeriphCLKFreq
 372              		.syntax unified
 373              		.thumb
 374              		.thumb_func
 375              		.fpu softvfp
 377              	HAL_RCCEx_GetPeriphCLKFreq:
 378              	.LVL27:
 379              	.LFB68:
 358:Drivers/STM32F1xx_HAL_Driver/Src/stm32f1xx_hal_rcc_ex.c **** 
 359:Drivers/STM32F1xx_HAL_Driver/Src/stm32f1xx_hal_rcc_ex.c **** /**
 360:Drivers/STM32F1xx_HAL_Driver/Src/stm32f1xx_hal_rcc_ex.c ****   * @brief  Returns the peripheral clock frequency
 361:Drivers/STM32F1xx_HAL_Driver/Src/stm32f1xx_hal_rcc_ex.c ****   * @note   Returns 0 if peripheral clock is unknown
 362:Drivers/STM32F1xx_HAL_Driver/Src/stm32f1xx_hal_rcc_ex.c ****   * @param  PeriphClk Peripheral clock identifier
 363:Drivers/STM32F1xx_HAL_Driver/Src/stm32f1xx_hal_rcc_ex.c ****   *         This parameter can be one of the following values:
 364:Drivers/STM32F1xx_HAL_Driver/Src/stm32f1xx_hal_rcc_ex.c ****   *            @arg @ref RCC_PERIPHCLK_RTC  RTC peripheral clock
 365:Drivers/STM32F1xx_HAL_Driver/Src/stm32f1xx_hal_rcc_ex.c ****   *            @arg @ref RCC_PERIPHCLK_ADC  ADC peripheral clock
 366:Drivers/STM32F1xx_HAL_Driver/Src/stm32f1xx_hal_rcc_ex.c ****   @if STM32F103xE
 367:Drivers/STM32F1xx_HAL_Driver/Src/stm32f1xx_hal_rcc_ex.c ****   *            @arg @ref RCC_PERIPHCLK_I2S2 I2S2 peripheral clock
 368:Drivers/STM32F1xx_HAL_Driver/Src/stm32f1xx_hal_rcc_ex.c ****   *            @arg @ref RCC_PERIPHCLK_I2S3 I2S3 peripheral clock
 369:Drivers/STM32F1xx_HAL_Driver/Src/stm32f1xx_hal_rcc_ex.c ****   *            @arg @ref RCC_PERIPHCLK_I2S3 I2S3 peripheral clock
 370:Drivers/STM32F1xx_HAL_Driver/Src/stm32f1xx_hal_rcc_ex.c ****   @endif
 371:Drivers/STM32F1xx_HAL_Driver/Src/stm32f1xx_hal_rcc_ex.c ****   @if STM32F103xG
 372:Drivers/STM32F1xx_HAL_Driver/Src/stm32f1xx_hal_rcc_ex.c ****   *            @arg @ref RCC_PERIPHCLK_I2S2 I2S2 peripheral clock
 373:Drivers/STM32F1xx_HAL_Driver/Src/stm32f1xx_hal_rcc_ex.c ****   *            @arg @ref RCC_PERIPHCLK_I2S3 I2S3 peripheral clock
 374:Drivers/STM32F1xx_HAL_Driver/Src/stm32f1xx_hal_rcc_ex.c ****   *            @arg @ref RCC_PERIPHCLK_I2S3 I2S3 peripheral clock
 375:Drivers/STM32F1xx_HAL_Driver/Src/stm32f1xx_hal_rcc_ex.c ****   *            @arg @ref RCC_PERIPHCLK_I2S2 I2S2 peripheral clock
 376:Drivers/STM32F1xx_HAL_Driver/Src/stm32f1xx_hal_rcc_ex.c ****   @endif
 377:Drivers/STM32F1xx_HAL_Driver/Src/stm32f1xx_hal_rcc_ex.c ****   @if STM32F105xC
 378:Drivers/STM32F1xx_HAL_Driver/Src/stm32f1xx_hal_rcc_ex.c ****   *            @arg @ref RCC_PERIPHCLK_I2S2 I2S2 peripheral clock
 379:Drivers/STM32F1xx_HAL_Driver/Src/stm32f1xx_hal_rcc_ex.c ****   *            @arg @ref RCC_PERIPHCLK_I2S3 I2S3 peripheral clock
 380:Drivers/STM32F1xx_HAL_Driver/Src/stm32f1xx_hal_rcc_ex.c ****   *            @arg @ref RCC_PERIPHCLK_I2S3 I2S3 peripheral clock
 381:Drivers/STM32F1xx_HAL_Driver/Src/stm32f1xx_hal_rcc_ex.c ****   *            @arg @ref RCC_PERIPHCLK_I2S2 I2S2 peripheral clock
 382:Drivers/STM32F1xx_HAL_Driver/Src/stm32f1xx_hal_rcc_ex.c ****   *            @arg @ref RCC_PERIPHCLK_I2S3 I2S3 peripheral clock
 383:Drivers/STM32F1xx_HAL_Driver/Src/stm32f1xx_hal_rcc_ex.c ****   *            @arg @ref RCC_PERIPHCLK_I2S3 I2S3 peripheral clock
 384:Drivers/STM32F1xx_HAL_Driver/Src/stm32f1xx_hal_rcc_ex.c ****   *            @arg @ref RCC_PERIPHCLK_I2S2 I2S2 peripheral clock
 385:Drivers/STM32F1xx_HAL_Driver/Src/stm32f1xx_hal_rcc_ex.c ****   *            @arg @ref RCC_PERIPHCLK_USB  USB peripheral clock
 386:Drivers/STM32F1xx_HAL_Driver/Src/stm32f1xx_hal_rcc_ex.c ****   @endif
 387:Drivers/STM32F1xx_HAL_Driver/Src/stm32f1xx_hal_rcc_ex.c ****   @if STM32F107xC
 388:Drivers/STM32F1xx_HAL_Driver/Src/stm32f1xx_hal_rcc_ex.c ****   *            @arg @ref RCC_PERIPHCLK_I2S2 I2S2 peripheral clock
 389:Drivers/STM32F1xx_HAL_Driver/Src/stm32f1xx_hal_rcc_ex.c ****   *            @arg @ref RCC_PERIPHCLK_I2S3 I2S3 peripheral clock
 390:Drivers/STM32F1xx_HAL_Driver/Src/stm32f1xx_hal_rcc_ex.c ****   *            @arg @ref RCC_PERIPHCLK_I2S3 I2S3 peripheral clock
 391:Drivers/STM32F1xx_HAL_Driver/Src/stm32f1xx_hal_rcc_ex.c ****   *            @arg @ref RCC_PERIPHCLK_I2S2 I2S2 peripheral clock
 392:Drivers/STM32F1xx_HAL_Driver/Src/stm32f1xx_hal_rcc_ex.c ****   *            @arg @ref RCC_PERIPHCLK_I2S3 I2S3 peripheral clock
 393:Drivers/STM32F1xx_HAL_Driver/Src/stm32f1xx_hal_rcc_ex.c ****   *            @arg @ref RCC_PERIPHCLK_I2S3 I2S3 peripheral clock
ARM GAS  /tmp/ccfoJAV3.s 			page 15


 394:Drivers/STM32F1xx_HAL_Driver/Src/stm32f1xx_hal_rcc_ex.c ****   *            @arg @ref RCC_PERIPHCLK_I2S2 I2S2 peripheral clock
 395:Drivers/STM32F1xx_HAL_Driver/Src/stm32f1xx_hal_rcc_ex.c ****   *            @arg @ref RCC_PERIPHCLK_USB  USB peripheral clock
 396:Drivers/STM32F1xx_HAL_Driver/Src/stm32f1xx_hal_rcc_ex.c ****   @endif
 397:Drivers/STM32F1xx_HAL_Driver/Src/stm32f1xx_hal_rcc_ex.c ****   @if STM32F102xx
 398:Drivers/STM32F1xx_HAL_Driver/Src/stm32f1xx_hal_rcc_ex.c ****   *            @arg @ref RCC_PERIPHCLK_USB  USB peripheral clock
 399:Drivers/STM32F1xx_HAL_Driver/Src/stm32f1xx_hal_rcc_ex.c ****   @endif
 400:Drivers/STM32F1xx_HAL_Driver/Src/stm32f1xx_hal_rcc_ex.c ****   @if STM32F103xx
 401:Drivers/STM32F1xx_HAL_Driver/Src/stm32f1xx_hal_rcc_ex.c ****   *            @arg @ref RCC_PERIPHCLK_USB  USB peripheral clock
 402:Drivers/STM32F1xx_HAL_Driver/Src/stm32f1xx_hal_rcc_ex.c ****   @endif
 403:Drivers/STM32F1xx_HAL_Driver/Src/stm32f1xx_hal_rcc_ex.c ****   * @retval Frequency in Hz (0: means that no available frequency for the peripheral)
 404:Drivers/STM32F1xx_HAL_Driver/Src/stm32f1xx_hal_rcc_ex.c ****   */
 405:Drivers/STM32F1xx_HAL_Driver/Src/stm32f1xx_hal_rcc_ex.c **** uint32_t HAL_RCCEx_GetPeriphCLKFreq(uint32_t PeriphClk)
 406:Drivers/STM32F1xx_HAL_Driver/Src/stm32f1xx_hal_rcc_ex.c **** {
 380              		.loc 1 406 1 is_stmt 1 view -0
 381              		.cfi_startproc
 382              		@ args = 0, pretend = 0, frame = 24
 383              		@ frame_needed = 0, uses_anonymous_args = 0
 384              		.loc 1 406 1 is_stmt 0 view .LVU116
 385 0000 00B5     		push	{lr}
 386              	.LCFI3:
 387              		.cfi_def_cfa_offset 4
 388              		.cfi_offset 14, -4
 389 0002 87B0     		sub	sp, sp, #28
 390              	.LCFI4:
 391              		.cfi_def_cfa_offset 32
 392 0004 8446     		mov	ip, r0
 407:Drivers/STM32F1xx_HAL_Driver/Src/stm32f1xx_hal_rcc_ex.c **** #if defined(STM32F105xC) || defined(STM32F107xC)
 408:Drivers/STM32F1xx_HAL_Driver/Src/stm32f1xx_hal_rcc_ex.c ****   const uint8_t aPLLMULFactorTable[14] = {0, 0, 4, 5, 6, 7, 8, 9, 0, 0, 0, 0, 0, 13};
 409:Drivers/STM32F1xx_HAL_Driver/Src/stm32f1xx_hal_rcc_ex.c ****   const uint8_t aPredivFactorTable[16] = {1, 2, 3, 4, 5, 6, 7, 8, 9, 10, 11, 12, 13, 14, 15, 16};
 410:Drivers/STM32F1xx_HAL_Driver/Src/stm32f1xx_hal_rcc_ex.c **** 
 411:Drivers/STM32F1xx_HAL_Driver/Src/stm32f1xx_hal_rcc_ex.c ****   uint32_t prediv1 = 0U, pllclk = 0U, pllmul = 0U;
 412:Drivers/STM32F1xx_HAL_Driver/Src/stm32f1xx_hal_rcc_ex.c ****   uint32_t pll2mul = 0U, pll3mul = 0U, prediv2 = 0U;
 413:Drivers/STM32F1xx_HAL_Driver/Src/stm32f1xx_hal_rcc_ex.c **** #endif /* STM32F105xC || STM32F107xC */
 414:Drivers/STM32F1xx_HAL_Driver/Src/stm32f1xx_hal_rcc_ex.c **** #if defined(STM32F102x6) || defined(STM32F102xB) || defined(STM32F103x6) || \
 415:Drivers/STM32F1xx_HAL_Driver/Src/stm32f1xx_hal_rcc_ex.c ****     defined(STM32F103xB) || defined(STM32F103xE) || defined(STM32F103xG)
 416:Drivers/STM32F1xx_HAL_Driver/Src/stm32f1xx_hal_rcc_ex.c ****   const uint8_t aPLLMULFactorTable[16] = {2, 3, 4, 5, 6, 7, 8, 9, 10, 11, 12, 13, 14, 15, 16, 16};
 393              		.loc 1 416 3 is_stmt 1 view .LVU117
 394              		.loc 1 416 17 is_stmt 0 view .LVU118
 395 0006 3F4B     		ldr	r3, .L44
 396 0008 0FCB     		ldm	r3, {r0, r1, r2, r3}
 397              	.LVL28:
 398              		.loc 1 416 17 view .LVU119
 399 000a 0DF1180E 		add	lr, sp, #24
 400 000e 0EE90F00 		stmdb	lr, {r0, r1, r2, r3}
 417:Drivers/STM32F1xx_HAL_Driver/Src/stm32f1xx_hal_rcc_ex.c ****   const uint8_t aPredivFactorTable[2] = {1, 2};
 401              		.loc 1 417 3 is_stmt 1 view .LVU120
 402              		.loc 1 417 17 is_stmt 0 view .LVU121
 403 0012 40F20123 		movw	r3, #513
 404 0016 ADF80430 		strh	r3, [sp, #4]	@ movhi
 418:Drivers/STM32F1xx_HAL_Driver/Src/stm32f1xx_hal_rcc_ex.c **** 
 419:Drivers/STM32F1xx_HAL_Driver/Src/stm32f1xx_hal_rcc_ex.c ****   uint32_t prediv1 = 0U, pllclk = 0U, pllmul = 0U;
 405              		.loc 1 419 3 is_stmt 1 view .LVU122
 406              	.LVL29:
 420:Drivers/STM32F1xx_HAL_Driver/Src/stm32f1xx_hal_rcc_ex.c **** #endif /* STM32F102x6 || STM32F102xB || STM32F103x6 || STM32F103xB || STM32F103xE || STM32F103xG */
 421:Drivers/STM32F1xx_HAL_Driver/Src/stm32f1xx_hal_rcc_ex.c ****   uint32_t temp_reg = 0U, frequency = 0U;
 407              		.loc 1 421 3 view .LVU123
 422:Drivers/STM32F1xx_HAL_Driver/Src/stm32f1xx_hal_rcc_ex.c **** 
ARM GAS  /tmp/ccfoJAV3.s 			page 16


 423:Drivers/STM32F1xx_HAL_Driver/Src/stm32f1xx_hal_rcc_ex.c ****   /* Check the parameters */
 424:Drivers/STM32F1xx_HAL_Driver/Src/stm32f1xx_hal_rcc_ex.c ****   assert_param(IS_RCC_PERIPHCLOCK(PeriphClk));
 408              		.loc 1 424 3 view .LVU124
 425:Drivers/STM32F1xx_HAL_Driver/Src/stm32f1xx_hal_rcc_ex.c ****   
 426:Drivers/STM32F1xx_HAL_Driver/Src/stm32f1xx_hal_rcc_ex.c ****   switch (PeriphClk)
 409              		.loc 1 426 3 view .LVU125
 410 001a 0CF1FF30 		add	r0, ip, #-1
 411 001e 0F28     		cmp	r0, #15
 412 0020 66D8     		bhi	.L36
 413 0022 DFE800F0 		tbb	[pc, r0]
 414              	.L28:
 415 0026 39       		.byte	(.L32-.L28)/2
 416 0027 5A       		.byte	(.L31-.L28)/2
 417 0028 65       		.byte	(.L36-.L28)/2
 418 0029 33       		.byte	(.L30-.L28)/2
 419 002a 65       		.byte	(.L36-.L28)/2
 420 002b 65       		.byte	(.L36-.L28)/2
 421 002c 65       		.byte	(.L36-.L28)/2
 422 002d 36       		.byte	(.L29-.L28)/2
 423 002e 65       		.byte	(.L36-.L28)/2
 424 002f 65       		.byte	(.L36-.L28)/2
 425 0030 65       		.byte	(.L36-.L28)/2
 426 0031 65       		.byte	(.L36-.L28)/2
 427 0032 65       		.byte	(.L36-.L28)/2
 428 0033 65       		.byte	(.L36-.L28)/2
 429 0034 65       		.byte	(.L36-.L28)/2
 430 0035 08       		.byte	(.L27-.L28)/2
 431              		.p2align 1
 432              	.L27:
 427:Drivers/STM32F1xx_HAL_Driver/Src/stm32f1xx_hal_rcc_ex.c ****   {
 428:Drivers/STM32F1xx_HAL_Driver/Src/stm32f1xx_hal_rcc_ex.c **** #if defined(STM32F102x6) || defined(STM32F102xB) || defined(STM32F103x6)\
 429:Drivers/STM32F1xx_HAL_Driver/Src/stm32f1xx_hal_rcc_ex.c ****  || defined(STM32F103xB) || defined(STM32F103xE) || defined(STM32F103xG)\
 430:Drivers/STM32F1xx_HAL_Driver/Src/stm32f1xx_hal_rcc_ex.c ****  || defined(STM32F105xC) || defined(STM32F107xC)
 431:Drivers/STM32F1xx_HAL_Driver/Src/stm32f1xx_hal_rcc_ex.c ****   case RCC_PERIPHCLK_USB:  
 432:Drivers/STM32F1xx_HAL_Driver/Src/stm32f1xx_hal_rcc_ex.c ****     {
 433:Drivers/STM32F1xx_HAL_Driver/Src/stm32f1xx_hal_rcc_ex.c ****       /* Get RCC configuration ------------------------------------------------------*/
 434:Drivers/STM32F1xx_HAL_Driver/Src/stm32f1xx_hal_rcc_ex.c ****       temp_reg = RCC->CFGR;
 433              		.loc 1 434 7 view .LVU126
 434              		.loc 1 434 16 is_stmt 0 view .LVU127
 435 0036 344B     		ldr	r3, .L44+4
 436 0038 5A68     		ldr	r2, [r3, #4]
 437              	.LVL30:
 435:Drivers/STM32F1xx_HAL_Driver/Src/stm32f1xx_hal_rcc_ex.c ****   
 436:Drivers/STM32F1xx_HAL_Driver/Src/stm32f1xx_hal_rcc_ex.c ****       /* Check if PLL is enabled */
 437:Drivers/STM32F1xx_HAL_Driver/Src/stm32f1xx_hal_rcc_ex.c ****       if (HAL_IS_BIT_SET(RCC->CR,RCC_CR_PLLON))
 438              		.loc 1 437 7 is_stmt 1 view .LVU128
 439              		.loc 1 437 11 is_stmt 0 view .LVU129
 440 003a 1868     		ldr	r0, [r3]
 441              		.loc 1 437 10 view .LVU130
 442 003c 10F08070 		ands	r0, r0, #16777216
 443 0040 57D0     		beq	.L25
 438:Drivers/STM32F1xx_HAL_Driver/Src/stm32f1xx_hal_rcc_ex.c ****       {
 439:Drivers/STM32F1xx_HAL_Driver/Src/stm32f1xx_hal_rcc_ex.c ****         pllmul = aPLLMULFactorTable[(uint32_t)(temp_reg & RCC_CFGR_PLLMULL) >> RCC_CFGR_PLLMULL_Pos
 444              		.loc 1 439 9 is_stmt 1 view .LVU131
 445              		.loc 1 439 77 is_stmt 0 view .LVU132
 446 0042 C2F38343 		ubfx	r3, r2, #18, #4
 447              		.loc 1 439 36 view .LVU133
ARM GAS  /tmp/ccfoJAV3.s 			page 17


 448 0046 1833     		adds	r3, r3, #24
 449 0048 6B44     		add	r3, sp, r3
 450 004a 13F8100C 		ldrb	r0, [r3, #-16]	@ zero_extendqisi2
 451              	.LVL31:
 440:Drivers/STM32F1xx_HAL_Driver/Src/stm32f1xx_hal_rcc_ex.c ****         if ((temp_reg & RCC_CFGR_PLLSRC) != RCC_PLLSOURCE_HSI_DIV2)
 452              		.loc 1 440 9 is_stmt 1 view .LVU134
 453              		.loc 1 440 12 is_stmt 0 view .LVU135
 454 004e 12F4803F 		tst	r2, #65536
 455 0052 17D0     		beq	.L33
 441:Drivers/STM32F1xx_HAL_Driver/Src/stm32f1xx_hal_rcc_ex.c ****         {
 442:Drivers/STM32F1xx_HAL_Driver/Src/stm32f1xx_hal_rcc_ex.c **** #if defined(STM32F105xC) || defined(STM32F107xC) || defined(STM32F100xB)\
 443:Drivers/STM32F1xx_HAL_Driver/Src/stm32f1xx_hal_rcc_ex.c ****  || defined(STM32F100xE)
 444:Drivers/STM32F1xx_HAL_Driver/Src/stm32f1xx_hal_rcc_ex.c ****           prediv1 = aPredivFactorTable[(uint32_t)(RCC->CFGR2 & RCC_CFGR2_PREDIV1) >> RCC_CFGR2_PRED
 445:Drivers/STM32F1xx_HAL_Driver/Src/stm32f1xx_hal_rcc_ex.c **** #else
 446:Drivers/STM32F1xx_HAL_Driver/Src/stm32f1xx_hal_rcc_ex.c ****           prediv1 = aPredivFactorTable[(uint32_t)(RCC->CFGR & RCC_CFGR_PLLXTPRE) >> RCC_CFGR_PLLXTP
 456              		.loc 1 446 11 is_stmt 1 view .LVU136
 457              		.loc 1 446 54 is_stmt 0 view .LVU137
 458 0054 2C4B     		ldr	r3, .L44+4
 459 0056 5B68     		ldr	r3, [r3, #4]
 460              		.loc 1 446 82 view .LVU138
 461 0058 C3F34043 		ubfx	r3, r3, #17, #1
 462              		.loc 1 446 39 view .LVU139
 463 005c 1833     		adds	r3, r3, #24
 464 005e 6B44     		add	r3, sp, r3
 465 0060 13F8142C 		ldrb	r2, [r3, #-20]	@ zero_extendqisi2
 466              	.LVL32:
 447:Drivers/STM32F1xx_HAL_Driver/Src/stm32f1xx_hal_rcc_ex.c **** #endif /* STM32F105xC || STM32F107xC || STM32F100xB || STM32F100xE */
 448:Drivers/STM32F1xx_HAL_Driver/Src/stm32f1xx_hal_rcc_ex.c **** 
 449:Drivers/STM32F1xx_HAL_Driver/Src/stm32f1xx_hal_rcc_ex.c **** #if defined(STM32F105xC) || defined(STM32F107xC)
 450:Drivers/STM32F1xx_HAL_Driver/Src/stm32f1xx_hal_rcc_ex.c ****           if(HAL_IS_BIT_SET(RCC->CFGR2, RCC_CFGR2_PREDIV1SRC))
 451:Drivers/STM32F1xx_HAL_Driver/Src/stm32f1xx_hal_rcc_ex.c ****           {
 452:Drivers/STM32F1xx_HAL_Driver/Src/stm32f1xx_hal_rcc_ex.c ****             /* PLL2 selected as Prediv1 source */
 453:Drivers/STM32F1xx_HAL_Driver/Src/stm32f1xx_hal_rcc_ex.c ****             /* PLLCLK = PLL2CLK / PREDIV1 * PLLMUL with PLL2CLK = HSE/PREDIV2 * PLL2MUL */
 454:Drivers/STM32F1xx_HAL_Driver/Src/stm32f1xx_hal_rcc_ex.c ****             prediv2 = ((RCC->CFGR2 & RCC_CFGR2_PREDIV2) >> RCC_CFGR2_PREDIV2_Pos) + 1;
 455:Drivers/STM32F1xx_HAL_Driver/Src/stm32f1xx_hal_rcc_ex.c ****             pll2mul = ((RCC->CFGR2 & RCC_CFGR2_PLL2MUL) >> RCC_CFGR2_PLL2MUL_Pos) + 2;
 456:Drivers/STM32F1xx_HAL_Driver/Src/stm32f1xx_hal_rcc_ex.c ****             pllclk = (uint32_t)((((HSE_VALUE / prediv2) * pll2mul) / prediv1) * pllmul);
 457:Drivers/STM32F1xx_HAL_Driver/Src/stm32f1xx_hal_rcc_ex.c ****           }
 458:Drivers/STM32F1xx_HAL_Driver/Src/stm32f1xx_hal_rcc_ex.c ****           else
 459:Drivers/STM32F1xx_HAL_Driver/Src/stm32f1xx_hal_rcc_ex.c ****           {
 460:Drivers/STM32F1xx_HAL_Driver/Src/stm32f1xx_hal_rcc_ex.c ****             /* HSE used as PLL clock source : PLLCLK = HSE/PREDIV1 * PLLMUL */
 461:Drivers/STM32F1xx_HAL_Driver/Src/stm32f1xx_hal_rcc_ex.c ****             pllclk = (uint32_t)((HSE_VALUE / prediv1) * pllmul);
 462:Drivers/STM32F1xx_HAL_Driver/Src/stm32f1xx_hal_rcc_ex.c ****           }
 463:Drivers/STM32F1xx_HAL_Driver/Src/stm32f1xx_hal_rcc_ex.c ****           
 464:Drivers/STM32F1xx_HAL_Driver/Src/stm32f1xx_hal_rcc_ex.c ****           /* If PLLMUL was set to 13 means that it was to cover the case PLLMUL 6.5 (avoid using fl
 465:Drivers/STM32F1xx_HAL_Driver/Src/stm32f1xx_hal_rcc_ex.c ****           /* In this case need to divide pllclk by 2 */
 466:Drivers/STM32F1xx_HAL_Driver/Src/stm32f1xx_hal_rcc_ex.c ****           if (pllmul == aPLLMULFactorTable[(uint32_t)(RCC_CFGR_PLLMULL6_5) >> RCC_CFGR_PLLMULL_Pos]
 467:Drivers/STM32F1xx_HAL_Driver/Src/stm32f1xx_hal_rcc_ex.c ****           {
 468:Drivers/STM32F1xx_HAL_Driver/Src/stm32f1xx_hal_rcc_ex.c ****               pllclk = pllclk / 2;
 469:Drivers/STM32F1xx_HAL_Driver/Src/stm32f1xx_hal_rcc_ex.c ****           }
 470:Drivers/STM32F1xx_HAL_Driver/Src/stm32f1xx_hal_rcc_ex.c **** #else
 471:Drivers/STM32F1xx_HAL_Driver/Src/stm32f1xx_hal_rcc_ex.c ****           if ((temp_reg & RCC_CFGR_PLLSRC) != RCC_PLLSOURCE_HSI_DIV2)
 467              		.loc 1 471 11 is_stmt 1 view .LVU140
 472:Drivers/STM32F1xx_HAL_Driver/Src/stm32f1xx_hal_rcc_ex.c ****           {
 473:Drivers/STM32F1xx_HAL_Driver/Src/stm32f1xx_hal_rcc_ex.c ****             /* HSE used as PLL clock source : PLLCLK = HSE/PREDIV1 * PLLMUL */
 474:Drivers/STM32F1xx_HAL_Driver/Src/stm32f1xx_hal_rcc_ex.c ****             pllclk = (uint32_t)((HSE_VALUE / prediv1) * pllmul);
 468              		.loc 1 474 13 view .LVU141
 469              		.loc 1 474 44 is_stmt 0 view .LVU142
ARM GAS  /tmp/ccfoJAV3.s 			page 18


 470 0064 294B     		ldr	r3, .L44+8
 471 0066 B3FBF2F3 		udiv	r3, r3, r2
 472              		.loc 1 474 20 view .LVU143
 473 006a 03FB00F0 		mul	r0, r3, r0
 474              	.LVL33:
 475              	.L34:
 475:Drivers/STM32F1xx_HAL_Driver/Src/stm32f1xx_hal_rcc_ex.c ****           }
 476:Drivers/STM32F1xx_HAL_Driver/Src/stm32f1xx_hal_rcc_ex.c **** #endif /* STM32F105xC || STM32F107xC */
 477:Drivers/STM32F1xx_HAL_Driver/Src/stm32f1xx_hal_rcc_ex.c ****         }
 478:Drivers/STM32F1xx_HAL_Driver/Src/stm32f1xx_hal_rcc_ex.c ****         else
 479:Drivers/STM32F1xx_HAL_Driver/Src/stm32f1xx_hal_rcc_ex.c ****         {
 480:Drivers/STM32F1xx_HAL_Driver/Src/stm32f1xx_hal_rcc_ex.c ****           /* HSI used as PLL clock source : PLLCLK = HSI/2 * PLLMUL */
 481:Drivers/STM32F1xx_HAL_Driver/Src/stm32f1xx_hal_rcc_ex.c ****           pllclk = (uint32_t)((HSI_VALUE >> 1) * pllmul);
 482:Drivers/STM32F1xx_HAL_Driver/Src/stm32f1xx_hal_rcc_ex.c ****         }
 483:Drivers/STM32F1xx_HAL_Driver/Src/stm32f1xx_hal_rcc_ex.c **** 
 484:Drivers/STM32F1xx_HAL_Driver/Src/stm32f1xx_hal_rcc_ex.c ****         /* Calcul of the USB frequency*/
 485:Drivers/STM32F1xx_HAL_Driver/Src/stm32f1xx_hal_rcc_ex.c **** #if defined(STM32F105xC) || defined(STM32F107xC)
 486:Drivers/STM32F1xx_HAL_Driver/Src/stm32f1xx_hal_rcc_ex.c ****         /* USBCLK = PLLVCO = (2 x PLLCLK) / USB prescaler */
 487:Drivers/STM32F1xx_HAL_Driver/Src/stm32f1xx_hal_rcc_ex.c ****         if (__HAL_RCC_GET_USB_SOURCE() == RCC_USBCLKSOURCE_PLL_DIV2)
 488:Drivers/STM32F1xx_HAL_Driver/Src/stm32f1xx_hal_rcc_ex.c ****         {
 489:Drivers/STM32F1xx_HAL_Driver/Src/stm32f1xx_hal_rcc_ex.c ****           /* Prescaler of 2 selected for USB */ 
 490:Drivers/STM32F1xx_HAL_Driver/Src/stm32f1xx_hal_rcc_ex.c ****           frequency = pllclk;
 491:Drivers/STM32F1xx_HAL_Driver/Src/stm32f1xx_hal_rcc_ex.c ****         }
 492:Drivers/STM32F1xx_HAL_Driver/Src/stm32f1xx_hal_rcc_ex.c ****         else
 493:Drivers/STM32F1xx_HAL_Driver/Src/stm32f1xx_hal_rcc_ex.c ****         {
 494:Drivers/STM32F1xx_HAL_Driver/Src/stm32f1xx_hal_rcc_ex.c ****           /* Prescaler of 3 selected for USB */ 
 495:Drivers/STM32F1xx_HAL_Driver/Src/stm32f1xx_hal_rcc_ex.c ****           frequency = (2 * pllclk) / 3;
 496:Drivers/STM32F1xx_HAL_Driver/Src/stm32f1xx_hal_rcc_ex.c ****         }
 497:Drivers/STM32F1xx_HAL_Driver/Src/stm32f1xx_hal_rcc_ex.c **** #else
 498:Drivers/STM32F1xx_HAL_Driver/Src/stm32f1xx_hal_rcc_ex.c ****         /* USBCLK = PLLCLK / USB prescaler */
 499:Drivers/STM32F1xx_HAL_Driver/Src/stm32f1xx_hal_rcc_ex.c ****         if (__HAL_RCC_GET_USB_SOURCE() == RCC_USBCLKSOURCE_PLL)
 476              		.loc 1 499 9 is_stmt 1 view .LVU144
 477              		.loc 1 499 13 is_stmt 0 view .LVU145
 478 006e 264B     		ldr	r3, .L44+4
 479 0070 5B68     		ldr	r3, [r3, #4]
 480              		.loc 1 499 12 view .LVU146
 481 0072 13F4800F 		tst	r3, #4194304
 482 0076 3CD1     		bne	.L25
 500:Drivers/STM32F1xx_HAL_Driver/Src/stm32f1xx_hal_rcc_ex.c ****         {
 501:Drivers/STM32F1xx_HAL_Driver/Src/stm32f1xx_hal_rcc_ex.c ****           /* No prescaler selected for USB */
 502:Drivers/STM32F1xx_HAL_Driver/Src/stm32f1xx_hal_rcc_ex.c ****           frequency = pllclk;
 503:Drivers/STM32F1xx_HAL_Driver/Src/stm32f1xx_hal_rcc_ex.c ****         }
 504:Drivers/STM32F1xx_HAL_Driver/Src/stm32f1xx_hal_rcc_ex.c ****         else
 505:Drivers/STM32F1xx_HAL_Driver/Src/stm32f1xx_hal_rcc_ex.c ****         {
 506:Drivers/STM32F1xx_HAL_Driver/Src/stm32f1xx_hal_rcc_ex.c ****           /* Prescaler of 1.5 selected for USB */ 
 507:Drivers/STM32F1xx_HAL_Driver/Src/stm32f1xx_hal_rcc_ex.c ****           frequency = (pllclk * 2) / 3;
 483              		.loc 1 507 11 is_stmt 1 view .LVU147
 484              		.loc 1 507 31 is_stmt 0 view .LVU148
 485 0078 4000     		lsls	r0, r0, #1
 486              	.LVL34:
 487              		.loc 1 507 21 view .LVU149
 488 007a 254B     		ldr	r3, .L44+12
 489 007c A3FB0030 		umull	r3, r0, r3, r0
 490 0080 4008     		lsrs	r0, r0, #1
 491              	.LVL35:
 492              		.loc 1 507 21 view .LVU150
 493 0082 36E0     		b	.L25
ARM GAS  /tmp/ccfoJAV3.s 			page 19


 494              	.LVL36:
 495              	.L33:
 481:Drivers/STM32F1xx_HAL_Driver/Src/stm32f1xx_hal_rcc_ex.c ****         }
 496              		.loc 1 481 11 is_stmt 1 view .LVU151
 481:Drivers/STM32F1xx_HAL_Driver/Src/stm32f1xx_hal_rcc_ex.c ****         }
 497              		.loc 1 481 18 is_stmt 0 view .LVU152
 498 0084 234B     		ldr	r3, .L44+16
 499 0086 03FB00F0 		mul	r0, r3, r0
 500              	.LVL37:
 481:Drivers/STM32F1xx_HAL_Driver/Src/stm32f1xx_hal_rcc_ex.c ****         }
 501              		.loc 1 481 18 view .LVU153
 502 008a F0E7     		b	.L34
 503              	.LVL38:
 504              	.L30:
 508:Drivers/STM32F1xx_HAL_Driver/Src/stm32f1xx_hal_rcc_ex.c ****         }
 509:Drivers/STM32F1xx_HAL_Driver/Src/stm32f1xx_hal_rcc_ex.c **** #endif
 510:Drivers/STM32F1xx_HAL_Driver/Src/stm32f1xx_hal_rcc_ex.c ****       }
 511:Drivers/STM32F1xx_HAL_Driver/Src/stm32f1xx_hal_rcc_ex.c ****       break;
 512:Drivers/STM32F1xx_HAL_Driver/Src/stm32f1xx_hal_rcc_ex.c ****     }
 513:Drivers/STM32F1xx_HAL_Driver/Src/stm32f1xx_hal_rcc_ex.c **** #endif /* STM32F102x6 || STM32F102xB || STM32F103x6 || STM32F103xB || STM32F103xE || STM32F103xG ||
 514:Drivers/STM32F1xx_HAL_Driver/Src/stm32f1xx_hal_rcc_ex.c **** #if defined(STM32F103xE) || defined(STM32F103xG) || defined(STM32F105xC) || defined(STM32F107xC)
 515:Drivers/STM32F1xx_HAL_Driver/Src/stm32f1xx_hal_rcc_ex.c ****   case RCC_PERIPHCLK_I2S2:  
 516:Drivers/STM32F1xx_HAL_Driver/Src/stm32f1xx_hal_rcc_ex.c ****     {
 517:Drivers/STM32F1xx_HAL_Driver/Src/stm32f1xx_hal_rcc_ex.c **** #if defined(STM32F103xE) || defined(STM32F103xG)
 518:Drivers/STM32F1xx_HAL_Driver/Src/stm32f1xx_hal_rcc_ex.c ****       /* SYSCLK used as source clock for I2S2 */
 519:Drivers/STM32F1xx_HAL_Driver/Src/stm32f1xx_hal_rcc_ex.c ****       frequency = HAL_RCC_GetSysClockFreq();
 505              		.loc 1 519 7 is_stmt 1 view .LVU154
 506              		.loc 1 519 19 is_stmt 0 view .LVU155
 507 008c FFF7FEFF 		bl	HAL_RCC_GetSysClockFreq
 508              	.LVL39:
 520:Drivers/STM32F1xx_HAL_Driver/Src/stm32f1xx_hal_rcc_ex.c **** #else
 521:Drivers/STM32F1xx_HAL_Driver/Src/stm32f1xx_hal_rcc_ex.c ****       if (__HAL_RCC_GET_I2S2_SOURCE() == RCC_I2S2CLKSOURCE_SYSCLK)
 522:Drivers/STM32F1xx_HAL_Driver/Src/stm32f1xx_hal_rcc_ex.c ****       {
 523:Drivers/STM32F1xx_HAL_Driver/Src/stm32f1xx_hal_rcc_ex.c ****         /* SYSCLK used as source clock for I2S2 */
 524:Drivers/STM32F1xx_HAL_Driver/Src/stm32f1xx_hal_rcc_ex.c ****         frequency = HAL_RCC_GetSysClockFreq();
 525:Drivers/STM32F1xx_HAL_Driver/Src/stm32f1xx_hal_rcc_ex.c ****       }
 526:Drivers/STM32F1xx_HAL_Driver/Src/stm32f1xx_hal_rcc_ex.c ****       else
 527:Drivers/STM32F1xx_HAL_Driver/Src/stm32f1xx_hal_rcc_ex.c ****       {
 528:Drivers/STM32F1xx_HAL_Driver/Src/stm32f1xx_hal_rcc_ex.c ****          /* Check if PLLI2S is enabled */
 529:Drivers/STM32F1xx_HAL_Driver/Src/stm32f1xx_hal_rcc_ex.c ****         if (HAL_IS_BIT_SET(RCC->CR, RCC_CR_PLL3ON))
 530:Drivers/STM32F1xx_HAL_Driver/Src/stm32f1xx_hal_rcc_ex.c ****         {
 531:Drivers/STM32F1xx_HAL_Driver/Src/stm32f1xx_hal_rcc_ex.c ****           /* PLLI2SVCO = 2 * PLLI2SCLK = 2 * (HSE/PREDIV2 * PLL3MUL) */
 532:Drivers/STM32F1xx_HAL_Driver/Src/stm32f1xx_hal_rcc_ex.c ****           prediv2 = ((RCC->CFGR2 & RCC_CFGR2_PREDIV2) >> RCC_CFGR2_PREDIV2_Pos) + 1;
 533:Drivers/STM32F1xx_HAL_Driver/Src/stm32f1xx_hal_rcc_ex.c ****           pll3mul = ((RCC->CFGR2 & RCC_CFGR2_PLL3MUL) >> RCC_CFGR2_PLL3MUL_Pos) + 2;
 534:Drivers/STM32F1xx_HAL_Driver/Src/stm32f1xx_hal_rcc_ex.c ****           frequency = (uint32_t)(2 * ((HSE_VALUE / prediv2) * pll3mul));
 535:Drivers/STM32F1xx_HAL_Driver/Src/stm32f1xx_hal_rcc_ex.c ****         }
 536:Drivers/STM32F1xx_HAL_Driver/Src/stm32f1xx_hal_rcc_ex.c ****       }
 537:Drivers/STM32F1xx_HAL_Driver/Src/stm32f1xx_hal_rcc_ex.c **** #endif /* STM32F103xE || STM32F103xG */
 538:Drivers/STM32F1xx_HAL_Driver/Src/stm32f1xx_hal_rcc_ex.c ****       break;
 509              		.loc 1 538 7 is_stmt 1 view .LVU156
 510 0090 2FE0     		b	.L25
 511              	.LVL40:
 512              	.L29:
 539:Drivers/STM32F1xx_HAL_Driver/Src/stm32f1xx_hal_rcc_ex.c ****     }
 540:Drivers/STM32F1xx_HAL_Driver/Src/stm32f1xx_hal_rcc_ex.c ****   case RCC_PERIPHCLK_I2S3:
 541:Drivers/STM32F1xx_HAL_Driver/Src/stm32f1xx_hal_rcc_ex.c ****     {
 542:Drivers/STM32F1xx_HAL_Driver/Src/stm32f1xx_hal_rcc_ex.c **** #if defined(STM32F103xE) || defined(STM32F103xG)
ARM GAS  /tmp/ccfoJAV3.s 			page 20


 543:Drivers/STM32F1xx_HAL_Driver/Src/stm32f1xx_hal_rcc_ex.c ****       /* SYSCLK used as source clock for I2S3 */
 544:Drivers/STM32F1xx_HAL_Driver/Src/stm32f1xx_hal_rcc_ex.c ****       frequency = HAL_RCC_GetSysClockFreq();
 513              		.loc 1 544 7 view .LVU157
 514              		.loc 1 544 19 is_stmt 0 view .LVU158
 515 0092 FFF7FEFF 		bl	HAL_RCC_GetSysClockFreq
 516              	.LVL41:
 545:Drivers/STM32F1xx_HAL_Driver/Src/stm32f1xx_hal_rcc_ex.c **** #else
 546:Drivers/STM32F1xx_HAL_Driver/Src/stm32f1xx_hal_rcc_ex.c ****       if (__HAL_RCC_GET_I2S3_SOURCE() == RCC_I2S3CLKSOURCE_SYSCLK)
 547:Drivers/STM32F1xx_HAL_Driver/Src/stm32f1xx_hal_rcc_ex.c ****       {
 548:Drivers/STM32F1xx_HAL_Driver/Src/stm32f1xx_hal_rcc_ex.c ****         /* SYSCLK used as source clock for I2S3 */
 549:Drivers/STM32F1xx_HAL_Driver/Src/stm32f1xx_hal_rcc_ex.c ****         frequency = HAL_RCC_GetSysClockFreq();
 550:Drivers/STM32F1xx_HAL_Driver/Src/stm32f1xx_hal_rcc_ex.c ****       }
 551:Drivers/STM32F1xx_HAL_Driver/Src/stm32f1xx_hal_rcc_ex.c ****       else
 552:Drivers/STM32F1xx_HAL_Driver/Src/stm32f1xx_hal_rcc_ex.c ****       {
 553:Drivers/STM32F1xx_HAL_Driver/Src/stm32f1xx_hal_rcc_ex.c ****          /* Check if PLLI2S is enabled */
 554:Drivers/STM32F1xx_HAL_Driver/Src/stm32f1xx_hal_rcc_ex.c ****         if (HAL_IS_BIT_SET(RCC->CR, RCC_CR_PLL3ON))
 555:Drivers/STM32F1xx_HAL_Driver/Src/stm32f1xx_hal_rcc_ex.c ****         {
 556:Drivers/STM32F1xx_HAL_Driver/Src/stm32f1xx_hal_rcc_ex.c ****           /* PLLI2SVCO = 2 * PLLI2SCLK = 2 * (HSE/PREDIV2 * PLL3MUL) */
 557:Drivers/STM32F1xx_HAL_Driver/Src/stm32f1xx_hal_rcc_ex.c ****           prediv2 = ((RCC->CFGR2 & RCC_CFGR2_PREDIV2) >> RCC_CFGR2_PREDIV2_Pos) + 1;
 558:Drivers/STM32F1xx_HAL_Driver/Src/stm32f1xx_hal_rcc_ex.c ****           pll3mul = ((RCC->CFGR2 & RCC_CFGR2_PLL3MUL) >> RCC_CFGR2_PLL3MUL_Pos) + 2;
 559:Drivers/STM32F1xx_HAL_Driver/Src/stm32f1xx_hal_rcc_ex.c ****           frequency = (uint32_t)(2 * ((HSE_VALUE / prediv2) * pll3mul));
 560:Drivers/STM32F1xx_HAL_Driver/Src/stm32f1xx_hal_rcc_ex.c ****         }
 561:Drivers/STM32F1xx_HAL_Driver/Src/stm32f1xx_hal_rcc_ex.c ****       }
 562:Drivers/STM32F1xx_HAL_Driver/Src/stm32f1xx_hal_rcc_ex.c **** #endif /* STM32F103xE || STM32F103xG */
 563:Drivers/STM32F1xx_HAL_Driver/Src/stm32f1xx_hal_rcc_ex.c ****       break;
 517              		.loc 1 563 7 is_stmt 1 view .LVU159
 518 0096 2CE0     		b	.L25
 519              	.LVL42:
 520              	.L32:
 564:Drivers/STM32F1xx_HAL_Driver/Src/stm32f1xx_hal_rcc_ex.c ****     }
 565:Drivers/STM32F1xx_HAL_Driver/Src/stm32f1xx_hal_rcc_ex.c **** #endif /* STM32F103xE || STM32F103xG || STM32F105xC || STM32F107xC */
 566:Drivers/STM32F1xx_HAL_Driver/Src/stm32f1xx_hal_rcc_ex.c ****   case RCC_PERIPHCLK_RTC:  
 567:Drivers/STM32F1xx_HAL_Driver/Src/stm32f1xx_hal_rcc_ex.c ****     {
 568:Drivers/STM32F1xx_HAL_Driver/Src/stm32f1xx_hal_rcc_ex.c ****       /* Get RCC BDCR configuration ------------------------------------------------------*/
 569:Drivers/STM32F1xx_HAL_Driver/Src/stm32f1xx_hal_rcc_ex.c ****       temp_reg = RCC->BDCR;
 521              		.loc 1 569 7 view .LVU160
 522              		.loc 1 569 16 is_stmt 0 view .LVU161
 523 0098 1B4B     		ldr	r3, .L44+4
 524 009a 1B6A     		ldr	r3, [r3, #32]
 525              	.LVL43:
 570:Drivers/STM32F1xx_HAL_Driver/Src/stm32f1xx_hal_rcc_ex.c **** 
 571:Drivers/STM32F1xx_HAL_Driver/Src/stm32f1xx_hal_rcc_ex.c ****       /* Check if LSE is ready if RTC clock selection is LSE */
 572:Drivers/STM32F1xx_HAL_Driver/Src/stm32f1xx_hal_rcc_ex.c ****       if (((temp_reg & RCC_BDCR_RTCSEL) == RCC_RTCCLKSOURCE_LSE) && (HAL_IS_BIT_SET(temp_reg, RCC_B
 526              		.loc 1 572 7 is_stmt 1 view .LVU162
 527              		.loc 1 572 66 is_stmt 0 view .LVU163
 528 009c 40F20232 		movw	r2, #770
 529 00a0 1A40     		ands	r2, r2, r3
 530              		.loc 1 572 10 view .LVU164
 531 00a2 B2F5817F 		cmp	r2, #258
 532 00a6 27D0     		beq	.L37
 573:Drivers/STM32F1xx_HAL_Driver/Src/stm32f1xx_hal_rcc_ex.c ****       {
 574:Drivers/STM32F1xx_HAL_Driver/Src/stm32f1xx_hal_rcc_ex.c ****         frequency = LSE_VALUE;
 575:Drivers/STM32F1xx_HAL_Driver/Src/stm32f1xx_hal_rcc_ex.c ****       }
 576:Drivers/STM32F1xx_HAL_Driver/Src/stm32f1xx_hal_rcc_ex.c ****       /* Check if LSI is ready if RTC clock selection is LSI */
 577:Drivers/STM32F1xx_HAL_Driver/Src/stm32f1xx_hal_rcc_ex.c ****       else if (((temp_reg & RCC_BDCR_RTCSEL) == RCC_RTCCLKSOURCE_LSI) && (HAL_IS_BIT_SET(RCC->CSR, 
 533              		.loc 1 577 12 is_stmt 1 view .LVU165
 534              		.loc 1 577 27 is_stmt 0 view .LVU166
ARM GAS  /tmp/ccfoJAV3.s 			page 21


 535 00a8 03F44073 		and	r3, r3, #768
 536              	.LVL44:
 537              		.loc 1 577 15 view .LVU167
 538 00ac B3F5007F 		cmp	r3, #512
 539 00b0 04D0     		beq	.L42
 540              	.L35:
 578:Drivers/STM32F1xx_HAL_Driver/Src/stm32f1xx_hal_rcc_ex.c ****       {
 579:Drivers/STM32F1xx_HAL_Driver/Src/stm32f1xx_hal_rcc_ex.c ****         frequency = LSI_VALUE;
 580:Drivers/STM32F1xx_HAL_Driver/Src/stm32f1xx_hal_rcc_ex.c ****       }
 581:Drivers/STM32F1xx_HAL_Driver/Src/stm32f1xx_hal_rcc_ex.c ****       else if (((temp_reg & RCC_BDCR_RTCSEL) == RCC_RTCCLKSOURCE_HSE_DIV128) && (HAL_IS_BIT_SET(RCC
 541              		.loc 1 581 12 is_stmt 1 view .LVU168
 542              		.loc 1 581 15 is_stmt 0 view .LVU169
 543 00b2 B3F5407F 		cmp	r3, #768
 544 00b6 09D0     		beq	.L43
 582:Drivers/STM32F1xx_HAL_Driver/Src/stm32f1xx_hal_rcc_ex.c ****       {
 583:Drivers/STM32F1xx_HAL_Driver/Src/stm32f1xx_hal_rcc_ex.c ****         frequency = HSE_VALUE / 128U;
 584:Drivers/STM32F1xx_HAL_Driver/Src/stm32f1xx_hal_rcc_ex.c ****       }
 585:Drivers/STM32F1xx_HAL_Driver/Src/stm32f1xx_hal_rcc_ex.c ****       /* Clock not enabled for RTC*/
 586:Drivers/STM32F1xx_HAL_Driver/Src/stm32f1xx_hal_rcc_ex.c ****       else
 587:Drivers/STM32F1xx_HAL_Driver/Src/stm32f1xx_hal_rcc_ex.c ****       {
 588:Drivers/STM32F1xx_HAL_Driver/Src/stm32f1xx_hal_rcc_ex.c ****         frequency = 0U;
 545              		.loc 1 588 19 view .LVU170
 546 00b8 0020     		movs	r0, #0
 547 00ba 1AE0     		b	.L25
 548              	.L42:
 577:Drivers/STM32F1xx_HAL_Driver/Src/stm32f1xx_hal_rcc_ex.c ****       {
 549              		.loc 1 577 75 discriminator 1 view .LVU171
 550 00bc 124A     		ldr	r2, .L44+4
 551 00be 526A     		ldr	r2, [r2, #36]
 577:Drivers/STM32F1xx_HAL_Driver/Src/stm32f1xx_hal_rcc_ex.c ****       {
 552              		.loc 1 577 71 discriminator 1 view .LVU172
 553 00c0 12F0020F 		tst	r2, #2
 554 00c4 F5D0     		beq	.L35
 579:Drivers/STM32F1xx_HAL_Driver/Src/stm32f1xx_hal_rcc_ex.c ****       }
 555              		.loc 1 579 19 view .LVU173
 556 00c6 49F64040 		movw	r0, #40000
 557 00ca 12E0     		b	.L25
 558              	.L43:
 581:Drivers/STM32F1xx_HAL_Driver/Src/stm32f1xx_hal_rcc_ex.c ****       {
 559              		.loc 1 581 82 discriminator 1 view .LVU174
 560 00cc 0E4B     		ldr	r3, .L44+4
 561 00ce 1B68     		ldr	r3, [r3]
 581:Drivers/STM32F1xx_HAL_Driver/Src/stm32f1xx_hal_rcc_ex.c ****       {
 562              		.loc 1 581 78 discriminator 1 view .LVU175
 563 00d0 13F4003F 		tst	r3, #131072
 564 00d4 13D1     		bne	.L40
 565              		.loc 1 588 19 view .LVU176
 566 00d6 0020     		movs	r0, #0
 567 00d8 0BE0     		b	.L25
 568              	.LVL45:
 569              	.L31:
 589:Drivers/STM32F1xx_HAL_Driver/Src/stm32f1xx_hal_rcc_ex.c ****       }
 590:Drivers/STM32F1xx_HAL_Driver/Src/stm32f1xx_hal_rcc_ex.c ****       break;
 591:Drivers/STM32F1xx_HAL_Driver/Src/stm32f1xx_hal_rcc_ex.c ****     }
 592:Drivers/STM32F1xx_HAL_Driver/Src/stm32f1xx_hal_rcc_ex.c ****   case RCC_PERIPHCLK_ADC:  
 593:Drivers/STM32F1xx_HAL_Driver/Src/stm32f1xx_hal_rcc_ex.c ****     {
 594:Drivers/STM32F1xx_HAL_Driver/Src/stm32f1xx_hal_rcc_ex.c ****       frequency = HAL_RCC_GetPCLK2Freq() / (((__HAL_RCC_GET_ADC_SOURCE() >> RCC_CFGR_ADCPRE_Pos) + 
ARM GAS  /tmp/ccfoJAV3.s 			page 22


 570              		.loc 1 594 7 is_stmt 1 view .LVU177
 571              		.loc 1 594 19 is_stmt 0 view .LVU178
 572 00da FFF7FEFF 		bl	HAL_RCC_GetPCLK2Freq
 573              	.LVL46:
 574              		.loc 1 594 47 view .LVU179
 575 00de 0A4B     		ldr	r3, .L44+4
 576 00e0 5B68     		ldr	r3, [r3, #4]
 577              		.loc 1 594 74 view .LVU180
 578 00e2 C3F38133 		ubfx	r3, r3, #14, #2
 579              		.loc 1 594 98 view .LVU181
 580 00e6 0133     		adds	r3, r3, #1
 581              		.loc 1 594 103 view .LVU182
 582 00e8 5B00     		lsls	r3, r3, #1
 583              		.loc 1 594 17 view .LVU183
 584 00ea B0FBF3F0 		udiv	r0, r0, r3
 585              	.LVL47:
 595:Drivers/STM32F1xx_HAL_Driver/Src/stm32f1xx_hal_rcc_ex.c ****       break;
 586              		.loc 1 595 7 is_stmt 1 view .LVU184
 587 00ee 00E0     		b	.L25
 588              	.LVL48:
 589              	.L36:
 426:Drivers/STM32F1xx_HAL_Driver/Src/stm32f1xx_hal_rcc_ex.c ****   {
 590              		.loc 1 426 3 is_stmt 0 view .LVU185
 591 00f0 0020     		movs	r0, #0
 592              	.LVL49:
 593              	.L25:
 596:Drivers/STM32F1xx_HAL_Driver/Src/stm32f1xx_hal_rcc_ex.c ****     }
 597:Drivers/STM32F1xx_HAL_Driver/Src/stm32f1xx_hal_rcc_ex.c ****   default: 
 598:Drivers/STM32F1xx_HAL_Driver/Src/stm32f1xx_hal_rcc_ex.c ****     {
 599:Drivers/STM32F1xx_HAL_Driver/Src/stm32f1xx_hal_rcc_ex.c ****       break;
 600:Drivers/STM32F1xx_HAL_Driver/Src/stm32f1xx_hal_rcc_ex.c ****     }
 601:Drivers/STM32F1xx_HAL_Driver/Src/stm32f1xx_hal_rcc_ex.c ****   }
 602:Drivers/STM32F1xx_HAL_Driver/Src/stm32f1xx_hal_rcc_ex.c ****   return(frequency);
 603:Drivers/STM32F1xx_HAL_Driver/Src/stm32f1xx_hal_rcc_ex.c **** }
 594              		.loc 1 603 1 view .LVU186
 595 00f2 07B0     		add	sp, sp, #28
 596              	.LCFI5:
 597              		.cfi_remember_state
 598              		.cfi_def_cfa_offset 4
 599              		@ sp needed
 600 00f4 5DF804FB 		ldr	pc, [sp], #4
 601              	.LVL50:
 602              	.L37:
 603              	.LCFI6:
 604              		.cfi_restore_state
 574:Drivers/STM32F1xx_HAL_Driver/Src/stm32f1xx_hal_rcc_ex.c ****       }
 605              		.loc 1 574 19 view .LVU187
 606 00f8 4FF40040 		mov	r0, #32768
 607 00fc F9E7     		b	.L25
 608              	.LVL51:
 609              	.L40:
 583:Drivers/STM32F1xx_HAL_Driver/Src/stm32f1xx_hal_rcc_ex.c ****       }
 610              		.loc 1 583 19 view .LVU188
 611 00fe 4FF22440 		movw	r0, #62500
 612              	.LVL52:
 602:Drivers/STM32F1xx_HAL_Driver/Src/stm32f1xx_hal_rcc_ex.c **** }
 613              		.loc 1 602 3 is_stmt 1 view .LVU189
ARM GAS  /tmp/ccfoJAV3.s 			page 23


 602:Drivers/STM32F1xx_HAL_Driver/Src/stm32f1xx_hal_rcc_ex.c **** }
 614              		.loc 1 602 9 is_stmt 0 view .LVU190
 615 0102 F6E7     		b	.L25
 616              	.L45:
 617              		.align	2
 618              	.L44:
 619 0104 00000000 		.word	.LC0
 620 0108 00100240 		.word	1073876992
 621 010c 00127A00 		.word	8000000
 622 0110 ABAAAAAA 		.word	-1431655765
 623 0114 00093D00 		.word	4000000
 624              		.cfi_endproc
 625              	.LFE68:
 627              		.text
 628              	.Letext0:
 629              		.file 2 "/usr/lib/gcc/arm-none-eabi/10.3.1/include/stdint.h"
 630              		.file 3 "Drivers/CMSIS/Device/ST/STM32F1xx/Include/stm32f103xe.h"
 631              		.file 4 "Drivers/CMSIS/Device/ST/STM32F1xx/Include/stm32f1xx.h"
 632              		.file 5 "Drivers/STM32F1xx_HAL_Driver/Inc/stm32f1xx_hal_def.h"
 633              		.file 6 "Drivers/STM32F1xx_HAL_Driver/Inc/stm32f1xx_hal_rcc_ex.h"
 634              		.file 7 "Drivers/STM32F1xx_HAL_Driver/Inc/stm32f1xx_hal_rcc.h"
 635              		.file 8 "Drivers/STM32F1xx_HAL_Driver/Inc/stm32f1xx_hal.h"
ARM GAS  /tmp/ccfoJAV3.s 			page 24


DEFINED SYMBOLS
                            *ABS*:0000000000000000 stm32f1xx_hal_rcc_ex.c
     /tmp/ccfoJAV3.s:16     .text.HAL_RCCEx_PeriphCLKConfig:0000000000000000 $t
     /tmp/ccfoJAV3.s:24     .text.HAL_RCCEx_PeriphCLKConfig:0000000000000000 HAL_RCCEx_PeriphCLKConfig
     /tmp/ccfoJAV3.s:281    .text.HAL_RCCEx_PeriphCLKConfig:000000000000010c $d
     /tmp/ccfoJAV3.s:288    .text.HAL_RCCEx_GetPeriphCLKConfig:0000000000000000 $t
     /tmp/ccfoJAV3.s:295    .text.HAL_RCCEx_GetPeriphCLKConfig:0000000000000000 HAL_RCCEx_GetPeriphCLKConfig
     /tmp/ccfoJAV3.s:360    .text.HAL_RCCEx_GetPeriphCLKConfig:0000000000000038 $d
     /tmp/ccfoJAV3.s:365    .rodata.HAL_RCCEx_GetPeriphCLKFreq.str1.4:0000000000000000 $d
     /tmp/ccfoJAV3.s:370    .text.HAL_RCCEx_GetPeriphCLKFreq:0000000000000000 $t
     /tmp/ccfoJAV3.s:377    .text.HAL_RCCEx_GetPeriphCLKFreq:0000000000000000 HAL_RCCEx_GetPeriphCLKFreq
     /tmp/ccfoJAV3.s:415    .text.HAL_RCCEx_GetPeriphCLKFreq:0000000000000026 $d
     /tmp/ccfoJAV3.s:431    .text.HAL_RCCEx_GetPeriphCLKFreq:0000000000000036 $t
     /tmp/ccfoJAV3.s:619    .text.HAL_RCCEx_GetPeriphCLKFreq:0000000000000104 $d

UNDEFINED SYMBOLS
HAL_GetTick
HAL_RCC_GetSysClockFreq
HAL_RCC_GetPCLK2Freq
