ARM GAS  /tmp/ccMzyNXW.s 			page 1


   1              		.cpu cortex-m3
   2              		.eabi_attribute 20, 1
   3              		.eabi_attribute 21, 1
   4              		.eabi_attribute 23, 3
   5              		.eabi_attribute 24, 1
   6              		.eabi_attribute 25, 1
   7              		.eabi_attribute 26, 1
   8              		.eabi_attribute 30, 1
   9              		.eabi_attribute 34, 1
  10              		.eabi_attribute 18, 4
  11              		.file	"stm32f1xx_it.c"
  12              		.text
  13              	.Ltext0:
  14              		.cfi_sections	.debug_frame
  15              		.section	.text.NMI_Handler,"ax",%progbits
  16              		.align	1
  17              		.global	NMI_Handler
  18              		.arch armv7-m
  19              		.syntax unified
  20              		.thumb
  21              		.thumb_func
  22              		.fpu softvfp
  24              	NMI_Handler:
  25              	.LFB66:
  26              		.file 1 "Src/stm32f1xx_it.c"
   1:Src/stm32f1xx_it.c **** /**
   2:Src/stm32f1xx_it.c ****   ******************************************************************************
   3:Src/stm32f1xx_it.c ****   * @file    stm32f1xx_it.c
   4:Src/stm32f1xx_it.c ****   * @brief   Interrupt Service Routines.
   5:Src/stm32f1xx_it.c ****   ******************************************************************************
   6:Src/stm32f1xx_it.c ****   *
   7:Src/stm32f1xx_it.c ****   * COPYRIGHT(c) 2017 STMicroelectronics
   8:Src/stm32f1xx_it.c ****   *
   9:Src/stm32f1xx_it.c ****   * Redistribution and use in source and binary forms, with or without modification,
  10:Src/stm32f1xx_it.c ****   * are permitted provided that the following conditions are met:
  11:Src/stm32f1xx_it.c ****   *   1. Redistributions of source code must retain the above copyright notice,
  12:Src/stm32f1xx_it.c ****   *      this list of conditions and the following disclaimer.
  13:Src/stm32f1xx_it.c ****   *   2. Redistributions in binary form must reproduce the above copyright notice,
  14:Src/stm32f1xx_it.c ****   *      this list of conditions and the following disclaimer in the documentation
  15:Src/stm32f1xx_it.c ****   *      and/or other materials provided with the distribution.
  16:Src/stm32f1xx_it.c ****   *   3. Neither the name of STMicroelectronics nor the names of its contributors
  17:Src/stm32f1xx_it.c ****   *      may be used to endorse or promote products derived from this software
  18:Src/stm32f1xx_it.c ****   *      without specific prior written permission.
  19:Src/stm32f1xx_it.c ****   *
  20:Src/stm32f1xx_it.c ****   * THIS SOFTWARE IS PROVIDED BY THE COPYRIGHT HOLDERS AND CONTRIBUTORS "AS IS"
  21:Src/stm32f1xx_it.c ****   * AND ANY EXPRESS OR IMPLIED WARRANTIES, INCLUDING, BUT NOT LIMITED TO, THE
  22:Src/stm32f1xx_it.c ****   * IMPLIED WARRANTIES OF MERCHANTABILITY AND FITNESS FOR A PARTICULAR PURPOSE ARE
  23:Src/stm32f1xx_it.c ****   * DISCLAIMED. IN NO EVENT SHALL THE COPYRIGHT HOLDER OR CONTRIBUTORS BE LIABLE
  24:Src/stm32f1xx_it.c ****   * FOR ANY DIRECT, INDIRECT, INCIDENTAL, SPECIAL, EXEMPLARY, OR CONSEQUENTIAL
  25:Src/stm32f1xx_it.c ****   * DAMAGES (INCLUDING, BUT NOT LIMITED TO, PROCUREMENT OF SUBSTITUTE GOODS OR
  26:Src/stm32f1xx_it.c ****   * SERVICES; LOSS OF USE, DATA, OR PROFITS; OR BUSINESS INTERRUPTION) HOWEVER
  27:Src/stm32f1xx_it.c ****   * CAUSED AND ON ANY THEORY OF LIABILITY, WHETHER IN CONTRACT, STRICT LIABILITY,
  28:Src/stm32f1xx_it.c ****   * OR TORT (INCLUDING NEGLIGENCE OR OTHERWISE) ARISING IN ANY WAY OUT OF THE USE
  29:Src/stm32f1xx_it.c ****   * OF THIS SOFTWARE, EVEN IF ADVISED OF THE POSSIBILITY OF SUCH DAMAGE.
  30:Src/stm32f1xx_it.c ****   *
  31:Src/stm32f1xx_it.c ****   ******************************************************************************
  32:Src/stm32f1xx_it.c ****   */
ARM GAS  /tmp/ccMzyNXW.s 			page 2


  33:Src/stm32f1xx_it.c **** /* Includes ------------------------------------------------------------------*/
  34:Src/stm32f1xx_it.c **** #include "stm32f1xx_hal.h"
  35:Src/stm32f1xx_it.c **** #include "stm32f1xx.h"
  36:Src/stm32f1xx_it.c **** #include "stm32f1xx_it.h"
  37:Src/stm32f1xx_it.c **** #include "defines.h"
  38:Src/stm32f1xx_it.c **** #include "config.h"
  39:Src/stm32f1xx_it.c **** #include "util.h"
  40:Src/stm32f1xx_it.c **** 
  41:Src/stm32f1xx_it.c **** extern DMA_HandleTypeDef hdma_i2c2_rx;
  42:Src/stm32f1xx_it.c **** extern DMA_HandleTypeDef hdma_i2c2_tx;
  43:Src/stm32f1xx_it.c **** extern I2C_HandleTypeDef hi2c2;
  44:Src/stm32f1xx_it.c **** 
  45:Src/stm32f1xx_it.c **** extern DMA_HandleTypeDef hdma_usart2_rx;
  46:Src/stm32f1xx_it.c **** extern DMA_HandleTypeDef hdma_usart2_tx;
  47:Src/stm32f1xx_it.c **** extern DMA_HandleTypeDef hdma_usart3_rx;
  48:Src/stm32f1xx_it.c **** extern DMA_HandleTypeDef hdma_usart3_tx;
  49:Src/stm32f1xx_it.c **** 
  50:Src/stm32f1xx_it.c **** /* USER CODE BEGIN 0 */
  51:Src/stm32f1xx_it.c **** extern UART_HandleTypeDef huart2;
  52:Src/stm32f1xx_it.c **** extern UART_HandleTypeDef huart3;
  53:Src/stm32f1xx_it.c **** /* USER CODE END 0 */
  54:Src/stm32f1xx_it.c **** 
  55:Src/stm32f1xx_it.c **** /* External variables --------------------------------------------------------*/
  56:Src/stm32f1xx_it.c **** 
  57:Src/stm32f1xx_it.c **** 
  58:Src/stm32f1xx_it.c **** /******************************************************************************/
  59:Src/stm32f1xx_it.c **** /*            Cortex-M3 Processor Interruption and Exception Handlers         */
  60:Src/stm32f1xx_it.c **** /******************************************************************************/
  61:Src/stm32f1xx_it.c **** 
  62:Src/stm32f1xx_it.c **** /**
  63:Src/stm32f1xx_it.c **** * @brief This function handles Non maskable interrupt.
  64:Src/stm32f1xx_it.c **** */
  65:Src/stm32f1xx_it.c **** void NMI_Handler(void) {
  27              		.loc 1 65 24 view -0
  28              		.cfi_startproc
  29              		@ args = 0, pretend = 0, frame = 0
  30              		@ frame_needed = 0, uses_anonymous_args = 0
  31              		@ link register save eliminated.
  66:Src/stm32f1xx_it.c ****   /* USER CODE BEGIN NonMaskableInt_IRQn 0 */
  67:Src/stm32f1xx_it.c **** 
  68:Src/stm32f1xx_it.c ****   /* USER CODE END NonMaskableInt_IRQn 0 */
  69:Src/stm32f1xx_it.c ****   /* USER CODE BEGIN NonMaskableInt_IRQn 1 */
  70:Src/stm32f1xx_it.c **** 
  71:Src/stm32f1xx_it.c ****   /* USER CODE END NonMaskableInt_IRQn 1 */
  72:Src/stm32f1xx_it.c **** }
  32              		.loc 1 72 1 view .LVU1
  33 0000 7047     		bx	lr
  34              		.cfi_endproc
  35              	.LFE66:
  37              		.section	.text.HardFault_Handler,"ax",%progbits
  38              		.align	1
  39              		.global	HardFault_Handler
  40              		.syntax unified
  41              		.thumb
  42              		.thumb_func
  43              		.fpu softvfp
  45              	HardFault_Handler:
ARM GAS  /tmp/ccMzyNXW.s 			page 3


  46              	.LFB67:
  73:Src/stm32f1xx_it.c **** 
  74:Src/stm32f1xx_it.c **** /**
  75:Src/stm32f1xx_it.c **** * @brief This function handles Hard fault interrupt.
  76:Src/stm32f1xx_it.c **** */
  77:Src/stm32f1xx_it.c **** void HardFault_Handler(void) {
  47              		.loc 1 77 30 view -0
  48              		.cfi_startproc
  49              		@ Volatile: function does not return.
  50              		@ args = 0, pretend = 0, frame = 0
  51              		@ frame_needed = 0, uses_anonymous_args = 0
  52              		@ link register save eliminated.
  53              	.L3:
  78:Src/stm32f1xx_it.c ****   /* USER CODE BEGIN HardFault_IRQn 0 */
  79:Src/stm32f1xx_it.c **** 
  80:Src/stm32f1xx_it.c ****   /* USER CODE END HardFault_IRQn 0 */
  81:Src/stm32f1xx_it.c ****   while(1) {
  54              		.loc 1 81 3 discriminator 1 view .LVU3
  82:Src/stm32f1xx_it.c ****   }
  55              		.loc 1 82 3 discriminator 1 view .LVU4
  81:Src/stm32f1xx_it.c ****   }
  56              		.loc 1 81 8 discriminator 1 view .LVU5
  57 0000 FEE7     		b	.L3
  58              		.cfi_endproc
  59              	.LFE67:
  61              		.section	.text.MemManage_Handler,"ax",%progbits
  62              		.align	1
  63              		.global	MemManage_Handler
  64              		.syntax unified
  65              		.thumb
  66              		.thumb_func
  67              		.fpu softvfp
  69              	MemManage_Handler:
  70              	.LFB68:
  83:Src/stm32f1xx_it.c ****   /* USER CODE BEGIN HardFault_IRQn 1 */
  84:Src/stm32f1xx_it.c **** 
  85:Src/stm32f1xx_it.c ****   /* USER CODE END HardFault_IRQn 1 */
  86:Src/stm32f1xx_it.c **** }
  87:Src/stm32f1xx_it.c **** 
  88:Src/stm32f1xx_it.c **** /**
  89:Src/stm32f1xx_it.c **** * @brief This function handles Memory management fault.
  90:Src/stm32f1xx_it.c **** */
  91:Src/stm32f1xx_it.c **** void MemManage_Handler(void) {
  71              		.loc 1 91 30 view -0
  72              		.cfi_startproc
  73              		@ Volatile: function does not return.
  74              		@ args = 0, pretend = 0, frame = 0
  75              		@ frame_needed = 0, uses_anonymous_args = 0
  76              		@ link register save eliminated.
  77              	.L5:
  92:Src/stm32f1xx_it.c ****   /* USER CODE BEGIN MemoryManagement_IRQn 0 */
  93:Src/stm32f1xx_it.c **** 
  94:Src/stm32f1xx_it.c ****   /* USER CODE END MemoryManagement_IRQn 0 */
  95:Src/stm32f1xx_it.c ****   while(1) {
  78              		.loc 1 95 3 discriminator 1 view .LVU7
  96:Src/stm32f1xx_it.c ****   }
  79              		.loc 1 96 3 discriminator 1 view .LVU8
ARM GAS  /tmp/ccMzyNXW.s 			page 4


  95:Src/stm32f1xx_it.c ****   }
  80              		.loc 1 95 8 discriminator 1 view .LVU9
  81 0000 FEE7     		b	.L5
  82              		.cfi_endproc
  83              	.LFE68:
  85              		.section	.text.BusFault_Handler,"ax",%progbits
  86              		.align	1
  87              		.global	BusFault_Handler
  88              		.syntax unified
  89              		.thumb
  90              		.thumb_func
  91              		.fpu softvfp
  93              	BusFault_Handler:
  94              	.LFB69:
  97:Src/stm32f1xx_it.c ****   /* USER CODE BEGIN MemoryManagement_IRQn 1 */
  98:Src/stm32f1xx_it.c **** 
  99:Src/stm32f1xx_it.c ****   /* USER CODE END MemoryManagement_IRQn 1 */
 100:Src/stm32f1xx_it.c **** }
 101:Src/stm32f1xx_it.c **** 
 102:Src/stm32f1xx_it.c **** /**
 103:Src/stm32f1xx_it.c **** * @brief This function handles Prefetch fault, memory access fault.
 104:Src/stm32f1xx_it.c **** */
 105:Src/stm32f1xx_it.c **** void BusFault_Handler(void) {
  95              		.loc 1 105 29 view -0
  96              		.cfi_startproc
  97              		@ Volatile: function does not return.
  98              		@ args = 0, pretend = 0, frame = 0
  99              		@ frame_needed = 0, uses_anonymous_args = 0
 100              		@ link register save eliminated.
 101              	.L7:
 106:Src/stm32f1xx_it.c ****   /* USER CODE BEGIN BusFault_IRQn 0 */
 107:Src/stm32f1xx_it.c **** 
 108:Src/stm32f1xx_it.c ****   /* USER CODE END BusFault_IRQn 0 */
 109:Src/stm32f1xx_it.c ****   while(1) {
 102              		.loc 1 109 3 discriminator 1 view .LVU11
 110:Src/stm32f1xx_it.c ****   }
 103              		.loc 1 110 3 discriminator 1 view .LVU12
 109:Src/stm32f1xx_it.c ****   }
 104              		.loc 1 109 8 discriminator 1 view .LVU13
 105 0000 FEE7     		b	.L7
 106              		.cfi_endproc
 107              	.LFE69:
 109              		.section	.text.UsageFault_Handler,"ax",%progbits
 110              		.align	1
 111              		.global	UsageFault_Handler
 112              		.syntax unified
 113              		.thumb
 114              		.thumb_func
 115              		.fpu softvfp
 117              	UsageFault_Handler:
 118              	.LFB70:
 111:Src/stm32f1xx_it.c ****   /* USER CODE BEGIN BusFault_IRQn 1 */
 112:Src/stm32f1xx_it.c **** 
 113:Src/stm32f1xx_it.c ****   /* USER CODE END BusFault_IRQn 1 */
 114:Src/stm32f1xx_it.c **** }
 115:Src/stm32f1xx_it.c **** 
 116:Src/stm32f1xx_it.c **** /**
ARM GAS  /tmp/ccMzyNXW.s 			page 5


 117:Src/stm32f1xx_it.c **** * @brief This function handles Undefined instruction or illegal state.
 118:Src/stm32f1xx_it.c **** */
 119:Src/stm32f1xx_it.c **** void UsageFault_Handler(void) {
 119              		.loc 1 119 31 view -0
 120              		.cfi_startproc
 121              		@ Volatile: function does not return.
 122              		@ args = 0, pretend = 0, frame = 0
 123              		@ frame_needed = 0, uses_anonymous_args = 0
 124              		@ link register save eliminated.
 125              	.L9:
 120:Src/stm32f1xx_it.c ****   /* USER CODE BEGIN UsageFault_IRQn 0 */
 121:Src/stm32f1xx_it.c **** 
 122:Src/stm32f1xx_it.c ****   /* USER CODE END UsageFault_IRQn 0 */
 123:Src/stm32f1xx_it.c ****   while(1) {
 126              		.loc 1 123 3 discriminator 1 view .LVU15
 124:Src/stm32f1xx_it.c ****   }
 127              		.loc 1 124 3 discriminator 1 view .LVU16
 123:Src/stm32f1xx_it.c ****   }
 128              		.loc 1 123 8 discriminator 1 view .LVU17
 129 0000 FEE7     		b	.L9
 130              		.cfi_endproc
 131              	.LFE70:
 133              		.section	.text.SVC_Handler,"ax",%progbits
 134              		.align	1
 135              		.global	SVC_Handler
 136              		.syntax unified
 137              		.thumb
 138              		.thumb_func
 139              		.fpu softvfp
 141              	SVC_Handler:
 142              	.LFB71:
 125:Src/stm32f1xx_it.c ****   /* USER CODE BEGIN UsageFault_IRQn 1 */
 126:Src/stm32f1xx_it.c **** 
 127:Src/stm32f1xx_it.c ****   /* USER CODE END UsageFault_IRQn 1 */
 128:Src/stm32f1xx_it.c **** }
 129:Src/stm32f1xx_it.c **** 
 130:Src/stm32f1xx_it.c **** /**
 131:Src/stm32f1xx_it.c **** * @brief This function handles System service call via SWI instruction.
 132:Src/stm32f1xx_it.c **** */
 133:Src/stm32f1xx_it.c **** void SVC_Handler(void) {
 143              		.loc 1 133 24 view -0
 144              		.cfi_startproc
 145              		@ args = 0, pretend = 0, frame = 0
 146              		@ frame_needed = 0, uses_anonymous_args = 0
 147              		@ link register save eliminated.
 134:Src/stm32f1xx_it.c ****   /* USER CODE BEGIN SVCall_IRQn 0 */
 135:Src/stm32f1xx_it.c **** 
 136:Src/stm32f1xx_it.c ****   /* USER CODE END SVCall_IRQn 0 */
 137:Src/stm32f1xx_it.c ****   /* USER CODE BEGIN SVCall_IRQn 1 */
 138:Src/stm32f1xx_it.c **** 
 139:Src/stm32f1xx_it.c ****   /* USER CODE END SVCall_IRQn 1 */
 140:Src/stm32f1xx_it.c **** }
 148              		.loc 1 140 1 view .LVU19
 149 0000 7047     		bx	lr
 150              		.cfi_endproc
 151              	.LFE71:
 153              		.section	.text.DebugMon_Handler,"ax",%progbits
ARM GAS  /tmp/ccMzyNXW.s 			page 6


 154              		.align	1
 155              		.global	DebugMon_Handler
 156              		.syntax unified
 157              		.thumb
 158              		.thumb_func
 159              		.fpu softvfp
 161              	DebugMon_Handler:
 162              	.LFB72:
 141:Src/stm32f1xx_it.c **** 
 142:Src/stm32f1xx_it.c **** /**
 143:Src/stm32f1xx_it.c **** * @brief This function handles Debug monitor.
 144:Src/stm32f1xx_it.c **** */
 145:Src/stm32f1xx_it.c **** void DebugMon_Handler(void) {
 163              		.loc 1 145 29 view -0
 164              		.cfi_startproc
 165              		@ args = 0, pretend = 0, frame = 0
 166              		@ frame_needed = 0, uses_anonymous_args = 0
 167              		@ link register save eliminated.
 146:Src/stm32f1xx_it.c ****   /* USER CODE BEGIN DebugMonitor_IRQn 0 */
 147:Src/stm32f1xx_it.c **** 
 148:Src/stm32f1xx_it.c ****   /* USER CODE END DebugMonitor_IRQn 0 */
 149:Src/stm32f1xx_it.c ****   /* USER CODE BEGIN DebugMonitor_IRQn 1 */
 150:Src/stm32f1xx_it.c **** 
 151:Src/stm32f1xx_it.c ****   /* USER CODE END DebugMonitor_IRQn 1 */
 152:Src/stm32f1xx_it.c **** }
 168              		.loc 1 152 1 view .LVU21
 169 0000 7047     		bx	lr
 170              		.cfi_endproc
 171              	.LFE72:
 173              		.section	.text.PendSV_Handler,"ax",%progbits
 174              		.align	1
 175              		.global	PendSV_Handler
 176              		.syntax unified
 177              		.thumb
 178              		.thumb_func
 179              		.fpu softvfp
 181              	PendSV_Handler:
 182              	.LFB73:
 153:Src/stm32f1xx_it.c **** 
 154:Src/stm32f1xx_it.c **** /**
 155:Src/stm32f1xx_it.c **** * @brief This function handles Pendable request for system service.
 156:Src/stm32f1xx_it.c **** */
 157:Src/stm32f1xx_it.c **** void PendSV_Handler(void) {
 183              		.loc 1 157 27 view -0
 184              		.cfi_startproc
 185              		@ args = 0, pretend = 0, frame = 0
 186              		@ frame_needed = 0, uses_anonymous_args = 0
 187              		@ link register save eliminated.
 158:Src/stm32f1xx_it.c ****   /* USER CODE BEGIN PendSV_IRQn 0 */
 159:Src/stm32f1xx_it.c **** 
 160:Src/stm32f1xx_it.c ****   /* USER CODE END PendSV_IRQn 0 */
 161:Src/stm32f1xx_it.c ****   /* USER CODE BEGIN PendSV_IRQn 1 */
 162:Src/stm32f1xx_it.c **** 
 163:Src/stm32f1xx_it.c ****   /* USER CODE END PendSV_IRQn 1 */
 164:Src/stm32f1xx_it.c **** }
 188              		.loc 1 164 1 view .LVU23
 189 0000 7047     		bx	lr
ARM GAS  /tmp/ccMzyNXW.s 			page 7


 190              		.cfi_endproc
 191              	.LFE73:
 193              		.section	.text.SysTick_Handler,"ax",%progbits
 194              		.align	1
 195              		.global	SysTick_Handler
 196              		.syntax unified
 197              		.thumb
 198              		.thumb_func
 199              		.fpu softvfp
 201              	SysTick_Handler:
 202              	.LFB74:
 165:Src/stm32f1xx_it.c **** 
 166:Src/stm32f1xx_it.c **** /**
 167:Src/stm32f1xx_it.c **** * @brief This function handles System tick timer.
 168:Src/stm32f1xx_it.c **** */
 169:Src/stm32f1xx_it.c **** #if defined(CONTROL_PPM_LEFT) || defined(CONTROL_PPM_RIGHT)
 170:Src/stm32f1xx_it.c **** void PPM_SysTick_Callback(void);
 171:Src/stm32f1xx_it.c **** #endif
 172:Src/stm32f1xx_it.c **** 
 173:Src/stm32f1xx_it.c **** #if defined(CONTROL_PWM_LEFT) || defined(CONTROL_PWM_RIGHT)
 174:Src/stm32f1xx_it.c **** void PWM_SysTick_Callback(void);
 175:Src/stm32f1xx_it.c **** #endif
 176:Src/stm32f1xx_it.c **** 
 177:Src/stm32f1xx_it.c **** void SysTick_Handler(void) {
 203              		.loc 1 177 28 view -0
 204              		.cfi_startproc
 205              		@ args = 0, pretend = 0, frame = 0
 206              		@ frame_needed = 0, uses_anonymous_args = 0
 207 0000 08B5     		push	{r3, lr}
 208              	.LCFI0:
 209              		.cfi_def_cfa_offset 8
 210              		.cfi_offset 3, -8
 211              		.cfi_offset 14, -4
 178:Src/stm32f1xx_it.c ****   /* USER CODE BEGIN SysTick_IRQn 0 */
 179:Src/stm32f1xx_it.c **** 
 180:Src/stm32f1xx_it.c ****   /* USER CODE END SysTick_IRQn 0 */
 181:Src/stm32f1xx_it.c ****   HAL_IncTick();
 212              		.loc 1 181 3 view .LVU25
 213 0002 FFF7FEFF 		bl	HAL_IncTick
 214              	.LVL0:
 182:Src/stm32f1xx_it.c ****   HAL_SYSTICK_IRQHandler();
 215              		.loc 1 182 3 view .LVU26
 216 0006 FFF7FEFF 		bl	HAL_SYSTICK_IRQHandler
 217              	.LVL1:
 183:Src/stm32f1xx_it.c ****   /* USER CODE BEGIN SysTick_IRQn 1 */
 184:Src/stm32f1xx_it.c **** #if defined(CONTROL_PPM_LEFT) || defined(CONTROL_PPM_RIGHT)
 185:Src/stm32f1xx_it.c ****   PPM_SysTick_Callback();
 186:Src/stm32f1xx_it.c **** #endif
 187:Src/stm32f1xx_it.c **** 
 188:Src/stm32f1xx_it.c **** #if defined(CONTROL_PWM_LEFT) || defined(CONTROL_PWM_RIGHT)
 189:Src/stm32f1xx_it.c ****   PWM_SysTick_Callback();
 190:Src/stm32f1xx_it.c **** #endif
 191:Src/stm32f1xx_it.c ****   /* USER CODE END SysTick_IRQn 1 */
 192:Src/stm32f1xx_it.c **** }
 218              		.loc 1 192 1 is_stmt 0 view .LVU27
 219 000a 08BD     		pop	{r3, pc}
 220              		.cfi_endproc
ARM GAS  /tmp/ccMzyNXW.s 			page 8


 221              	.LFE74:
 223              		.text
 224              	.Letext0:
 225              		.file 2 "Drivers/STM32F1xx_HAL_Driver/Inc/stm32f1xx_hal.h"
 226              		.file 3 "Drivers/STM32F1xx_HAL_Driver/Inc/stm32f1xx_hal_cortex.h"
ARM GAS  /tmp/ccMzyNXW.s 			page 9


DEFINED SYMBOLS
                            *ABS*:0000000000000000 stm32f1xx_it.c
     /tmp/ccMzyNXW.s:16     .text.NMI_Handler:0000000000000000 $t
     /tmp/ccMzyNXW.s:24     .text.NMI_Handler:0000000000000000 NMI_Handler
     /tmp/ccMzyNXW.s:38     .text.HardFault_Handler:0000000000000000 $t
     /tmp/ccMzyNXW.s:45     .text.HardFault_Handler:0000000000000000 HardFault_Handler
     /tmp/ccMzyNXW.s:62     .text.MemManage_Handler:0000000000000000 $t
     /tmp/ccMzyNXW.s:69     .text.MemManage_Handler:0000000000000000 MemManage_Handler
     /tmp/ccMzyNXW.s:86     .text.BusFault_Handler:0000000000000000 $t
     /tmp/ccMzyNXW.s:93     .text.BusFault_Handler:0000000000000000 BusFault_Handler
     /tmp/ccMzyNXW.s:110    .text.UsageFault_Handler:0000000000000000 $t
     /tmp/ccMzyNXW.s:117    .text.UsageFault_Handler:0000000000000000 UsageFault_Handler
     /tmp/ccMzyNXW.s:134    .text.SVC_Handler:0000000000000000 $t
     /tmp/ccMzyNXW.s:141    .text.SVC_Handler:0000000000000000 SVC_Handler
     /tmp/ccMzyNXW.s:154    .text.DebugMon_Handler:0000000000000000 $t
     /tmp/ccMzyNXW.s:161    .text.DebugMon_Handler:0000000000000000 DebugMon_Handler
     /tmp/ccMzyNXW.s:174    .text.PendSV_Handler:0000000000000000 $t
     /tmp/ccMzyNXW.s:181    .text.PendSV_Handler:0000000000000000 PendSV_Handler
     /tmp/ccMzyNXW.s:194    .text.SysTick_Handler:0000000000000000 $t
     /tmp/ccMzyNXW.s:201    .text.SysTick_Handler:0000000000000000 SysTick_Handler

UNDEFINED SYMBOLS
HAL_IncTick
HAL_SYSTICK_IRQHandler
