ARM GAS  /tmp/ccDqU66n.s 			page 1


   1              		.cpu cortex-m3
   2              		.eabi_attribute 20, 1
   3              		.eabi_attribute 21, 1
   4              		.eabi_attribute 23, 3
   5              		.eabi_attribute 24, 1
   6              		.eabi_attribute 25, 1
   7              		.eabi_attribute 26, 1
   8              		.eabi_attribute 30, 1
   9              		.eabi_attribute 34, 1
  10              		.eabi_attribute 18, 4
  11              		.file	"stm32f1xx_hal.c"
  12              		.text
  13              	.Ltext0:
  14              		.cfi_sections	.debug_frame
  15              		.section	.text.HAL_MspInit,"ax",%progbits
  16              		.align	1
  17              		.weak	HAL_MspInit
  18              		.arch armv7-m
  19              		.syntax unified
  20              		.thumb
  21              		.thumb_func
  22              		.fpu softvfp
  24              	HAL_MspInit:
  25              	.LFB68:
  26              		.file 1 "Drivers/STM32F1xx_HAL_Driver/Src/stm32f1xx_hal.c"
   1:Drivers/STM32F1xx_HAL_Driver/Src/stm32f1xx_hal.c **** /**
   2:Drivers/STM32F1xx_HAL_Driver/Src/stm32f1xx_hal.c ****   ******************************************************************************
   3:Drivers/STM32F1xx_HAL_Driver/Src/stm32f1xx_hal.c ****   * @file    stm32f1xx_hal.c
   4:Drivers/STM32F1xx_HAL_Driver/Src/stm32f1xx_hal.c ****   * @author  MCD Application Team
   5:Drivers/STM32F1xx_HAL_Driver/Src/stm32f1xx_hal.c ****   * @version V1.1.1
   6:Drivers/STM32F1xx_HAL_Driver/Src/stm32f1xx_hal.c ****   * @date    12-May-2017
   7:Drivers/STM32F1xx_HAL_Driver/Src/stm32f1xx_hal.c ****   * @brief   HAL module driver.
   8:Drivers/STM32F1xx_HAL_Driver/Src/stm32f1xx_hal.c ****   *          This is the common part of the HAL initialization
   9:Drivers/STM32F1xx_HAL_Driver/Src/stm32f1xx_hal.c ****   *
  10:Drivers/STM32F1xx_HAL_Driver/Src/stm32f1xx_hal.c ****   @verbatim
  11:Drivers/STM32F1xx_HAL_Driver/Src/stm32f1xx_hal.c ****   ==============================================================================
  12:Drivers/STM32F1xx_HAL_Driver/Src/stm32f1xx_hal.c ****                      ##### How to use this driver #####
  13:Drivers/STM32F1xx_HAL_Driver/Src/stm32f1xx_hal.c ****   ==============================================================================
  14:Drivers/STM32F1xx_HAL_Driver/Src/stm32f1xx_hal.c ****     [..]
  15:Drivers/STM32F1xx_HAL_Driver/Src/stm32f1xx_hal.c ****     The common HAL driver contains a set of generic and common APIs that can be
  16:Drivers/STM32F1xx_HAL_Driver/Src/stm32f1xx_hal.c ****     used by the PPP peripheral drivers and the user to start using the HAL. 
  17:Drivers/STM32F1xx_HAL_Driver/Src/stm32f1xx_hal.c ****     [..]
  18:Drivers/STM32F1xx_HAL_Driver/Src/stm32f1xx_hal.c ****     The HAL contains two APIs' categories: 
  19:Drivers/STM32F1xx_HAL_Driver/Src/stm32f1xx_hal.c ****          (+) Common HAL APIs
  20:Drivers/STM32F1xx_HAL_Driver/Src/stm32f1xx_hal.c ****          (+) Services HAL APIs
  21:Drivers/STM32F1xx_HAL_Driver/Src/stm32f1xx_hal.c **** 
  22:Drivers/STM32F1xx_HAL_Driver/Src/stm32f1xx_hal.c ****   @endverbatim
  23:Drivers/STM32F1xx_HAL_Driver/Src/stm32f1xx_hal.c ****   ******************************************************************************
  24:Drivers/STM32F1xx_HAL_Driver/Src/stm32f1xx_hal.c ****   * @attention
  25:Drivers/STM32F1xx_HAL_Driver/Src/stm32f1xx_hal.c ****   *
  26:Drivers/STM32F1xx_HAL_Driver/Src/stm32f1xx_hal.c ****   * <h2><center>&copy; COPYRIGHT(c) 2016 STMicroelectronics</center></h2>
  27:Drivers/STM32F1xx_HAL_Driver/Src/stm32f1xx_hal.c ****   *
  28:Drivers/STM32F1xx_HAL_Driver/Src/stm32f1xx_hal.c ****   * Redistribution and use in source and binary forms, with or without modification,
  29:Drivers/STM32F1xx_HAL_Driver/Src/stm32f1xx_hal.c ****   * are permitted provided that the following conditions are met:
  30:Drivers/STM32F1xx_HAL_Driver/Src/stm32f1xx_hal.c ****   *   1. Redistributions of source code must retain the above copyright notice,
  31:Drivers/STM32F1xx_HAL_Driver/Src/stm32f1xx_hal.c ****   *      this list of conditions and the following disclaimer.
  32:Drivers/STM32F1xx_HAL_Driver/Src/stm32f1xx_hal.c ****   *   2. Redistributions in binary form must reproduce the above copyright notice,
ARM GAS  /tmp/ccDqU66n.s 			page 2


  33:Drivers/STM32F1xx_HAL_Driver/Src/stm32f1xx_hal.c ****   *      this list of conditions and the following disclaimer in the documentation
  34:Drivers/STM32F1xx_HAL_Driver/Src/stm32f1xx_hal.c ****   *      and/or other materials provided with the distribution.
  35:Drivers/STM32F1xx_HAL_Driver/Src/stm32f1xx_hal.c ****   *   3. Neither the name of STMicroelectronics nor the names of its contributors
  36:Drivers/STM32F1xx_HAL_Driver/Src/stm32f1xx_hal.c ****   *      may be used to endorse or promote products derived from this software
  37:Drivers/STM32F1xx_HAL_Driver/Src/stm32f1xx_hal.c ****   *      without specific prior written permission.
  38:Drivers/STM32F1xx_HAL_Driver/Src/stm32f1xx_hal.c ****   *
  39:Drivers/STM32F1xx_HAL_Driver/Src/stm32f1xx_hal.c ****   * THIS SOFTWARE IS PROVIDED BY THE COPYRIGHT HOLDERS AND CONTRIBUTORS "AS IS"
  40:Drivers/STM32F1xx_HAL_Driver/Src/stm32f1xx_hal.c ****   * AND ANY EXPRESS OR IMPLIED WARRANTIES, INCLUDING, BUT NOT LIMITED TO, THE
  41:Drivers/STM32F1xx_HAL_Driver/Src/stm32f1xx_hal.c ****   * IMPLIED WARRANTIES OF MERCHANTABILITY AND FITNESS FOR A PARTICULAR PURPOSE ARE
  42:Drivers/STM32F1xx_HAL_Driver/Src/stm32f1xx_hal.c ****   * DISCLAIMED. IN NO EVENT SHALL THE COPYRIGHT HOLDER OR CONTRIBUTORS BE LIABLE
  43:Drivers/STM32F1xx_HAL_Driver/Src/stm32f1xx_hal.c ****   * FOR ANY DIRECT, INDIRECT, INCIDENTAL, SPECIAL, EXEMPLARY, OR CONSEQUENTIAL
  44:Drivers/STM32F1xx_HAL_Driver/Src/stm32f1xx_hal.c ****   * DAMAGES (INCLUDING, BUT NOT LIMITED TO, PROCUREMENT OF SUBSTITUTE GOODS OR
  45:Drivers/STM32F1xx_HAL_Driver/Src/stm32f1xx_hal.c ****   * SERVICES; LOSS OF USE, DATA, OR PROFITS; OR BUSINESS INTERRUPTION) HOWEVER
  46:Drivers/STM32F1xx_HAL_Driver/Src/stm32f1xx_hal.c ****   * CAUSED AND ON ANY THEORY OF LIABILITY, WHETHER IN CONTRACT, STRICT LIABILITY,
  47:Drivers/STM32F1xx_HAL_Driver/Src/stm32f1xx_hal.c ****   * OR TORT (INCLUDING NEGLIGENCE OR OTHERWISE) ARISING IN ANY WAY OUT OF THE USE
  48:Drivers/STM32F1xx_HAL_Driver/Src/stm32f1xx_hal.c ****   * OF THIS SOFTWARE, EVEN IF ADVISED OF THE POSSIBILITY OF SUCH DAMAGE.
  49:Drivers/STM32F1xx_HAL_Driver/Src/stm32f1xx_hal.c ****   *
  50:Drivers/STM32F1xx_HAL_Driver/Src/stm32f1xx_hal.c ****   ******************************************************************************
  51:Drivers/STM32F1xx_HAL_Driver/Src/stm32f1xx_hal.c ****   */
  52:Drivers/STM32F1xx_HAL_Driver/Src/stm32f1xx_hal.c **** 
  53:Drivers/STM32F1xx_HAL_Driver/Src/stm32f1xx_hal.c **** /* Includes ------------------------------------------------------------------*/
  54:Drivers/STM32F1xx_HAL_Driver/Src/stm32f1xx_hal.c **** #include "stm32f1xx_hal.h"
  55:Drivers/STM32F1xx_HAL_Driver/Src/stm32f1xx_hal.c **** 
  56:Drivers/STM32F1xx_HAL_Driver/Src/stm32f1xx_hal.c **** /** @addtogroup STM32F1xx_HAL_Driver
  57:Drivers/STM32F1xx_HAL_Driver/Src/stm32f1xx_hal.c ****   * @{
  58:Drivers/STM32F1xx_HAL_Driver/Src/stm32f1xx_hal.c ****   */
  59:Drivers/STM32F1xx_HAL_Driver/Src/stm32f1xx_hal.c **** 
  60:Drivers/STM32F1xx_HAL_Driver/Src/stm32f1xx_hal.c **** /** @defgroup HAL HAL
  61:Drivers/STM32F1xx_HAL_Driver/Src/stm32f1xx_hal.c ****   * @brief HAL module driver.
  62:Drivers/STM32F1xx_HAL_Driver/Src/stm32f1xx_hal.c ****   * @{
  63:Drivers/STM32F1xx_HAL_Driver/Src/stm32f1xx_hal.c ****   */
  64:Drivers/STM32F1xx_HAL_Driver/Src/stm32f1xx_hal.c **** 
  65:Drivers/STM32F1xx_HAL_Driver/Src/stm32f1xx_hal.c **** #ifdef HAL_MODULE_ENABLED
  66:Drivers/STM32F1xx_HAL_Driver/Src/stm32f1xx_hal.c **** 
  67:Drivers/STM32F1xx_HAL_Driver/Src/stm32f1xx_hal.c **** /* Private typedef -----------------------------------------------------------*/
  68:Drivers/STM32F1xx_HAL_Driver/Src/stm32f1xx_hal.c **** /* Private define ------------------------------------------------------------*/
  69:Drivers/STM32F1xx_HAL_Driver/Src/stm32f1xx_hal.c **** 
  70:Drivers/STM32F1xx_HAL_Driver/Src/stm32f1xx_hal.c **** /** @defgroup HAL_Private_Constants HAL Private Constants
  71:Drivers/STM32F1xx_HAL_Driver/Src/stm32f1xx_hal.c ****   * @{
  72:Drivers/STM32F1xx_HAL_Driver/Src/stm32f1xx_hal.c ****   */
  73:Drivers/STM32F1xx_HAL_Driver/Src/stm32f1xx_hal.c **** /**
  74:Drivers/STM32F1xx_HAL_Driver/Src/stm32f1xx_hal.c ****  * @brief STM32F1xx HAL Driver version number V1.1.1
  75:Drivers/STM32F1xx_HAL_Driver/Src/stm32f1xx_hal.c ****    */
  76:Drivers/STM32F1xx_HAL_Driver/Src/stm32f1xx_hal.c **** #define __STM32F1xx_HAL_VERSION_MAIN   (0x01U) /*!< [31:24] main version */
  77:Drivers/STM32F1xx_HAL_Driver/Src/stm32f1xx_hal.c **** #define __STM32F1xx_HAL_VERSION_SUB1   (0x01U) /*!< [23:16] sub1 version */
  78:Drivers/STM32F1xx_HAL_Driver/Src/stm32f1xx_hal.c **** #define __STM32F1xx_HAL_VERSION_SUB2   (0x01U) /*!< [15:8]  sub2 version */
  79:Drivers/STM32F1xx_HAL_Driver/Src/stm32f1xx_hal.c **** #define __STM32F1xx_HAL_VERSION_RC     (0x00U) /*!< [7:0]  release candidate */
  80:Drivers/STM32F1xx_HAL_Driver/Src/stm32f1xx_hal.c **** #define __STM32F1xx_HAL_VERSION         ((__STM32F1xx_HAL_VERSION_MAIN << 24)\
  81:Drivers/STM32F1xx_HAL_Driver/Src/stm32f1xx_hal.c ****                                         |(__STM32F1xx_HAL_VERSION_SUB1 << 16)\
  82:Drivers/STM32F1xx_HAL_Driver/Src/stm32f1xx_hal.c ****                                         |(__STM32F1xx_HAL_VERSION_SUB2 << 8 )\
  83:Drivers/STM32F1xx_HAL_Driver/Src/stm32f1xx_hal.c ****                                         |(__STM32F1xx_HAL_VERSION_RC))
  84:Drivers/STM32F1xx_HAL_Driver/Src/stm32f1xx_hal.c **** 
  85:Drivers/STM32F1xx_HAL_Driver/Src/stm32f1xx_hal.c **** #define IDCODE_DEVID_MASK    0x00000FFFU
  86:Drivers/STM32F1xx_HAL_Driver/Src/stm32f1xx_hal.c **** 
  87:Drivers/STM32F1xx_HAL_Driver/Src/stm32f1xx_hal.c **** /**
  88:Drivers/STM32F1xx_HAL_Driver/Src/stm32f1xx_hal.c ****   * @}
  89:Drivers/STM32F1xx_HAL_Driver/Src/stm32f1xx_hal.c ****   */
ARM GAS  /tmp/ccDqU66n.s 			page 3


  90:Drivers/STM32F1xx_HAL_Driver/Src/stm32f1xx_hal.c **** 
  91:Drivers/STM32F1xx_HAL_Driver/Src/stm32f1xx_hal.c **** /* Private macro -------------------------------------------------------------*/
  92:Drivers/STM32F1xx_HAL_Driver/Src/stm32f1xx_hal.c **** /* Private variables ---------------------------------------------------------*/
  93:Drivers/STM32F1xx_HAL_Driver/Src/stm32f1xx_hal.c **** 
  94:Drivers/STM32F1xx_HAL_Driver/Src/stm32f1xx_hal.c **** /** @defgroup HAL_Private_Variables HAL Private Variables
  95:Drivers/STM32F1xx_HAL_Driver/Src/stm32f1xx_hal.c ****   * @{
  96:Drivers/STM32F1xx_HAL_Driver/Src/stm32f1xx_hal.c ****   */
  97:Drivers/STM32F1xx_HAL_Driver/Src/stm32f1xx_hal.c **** __IO uint32_t uwTick;
  98:Drivers/STM32F1xx_HAL_Driver/Src/stm32f1xx_hal.c **** /**
  99:Drivers/STM32F1xx_HAL_Driver/Src/stm32f1xx_hal.c ****   * @}
 100:Drivers/STM32F1xx_HAL_Driver/Src/stm32f1xx_hal.c ****   */
 101:Drivers/STM32F1xx_HAL_Driver/Src/stm32f1xx_hal.c **** /* Private function prototypes -----------------------------------------------*/
 102:Drivers/STM32F1xx_HAL_Driver/Src/stm32f1xx_hal.c **** /* Exported functions ---------------------------------------------------------*/
 103:Drivers/STM32F1xx_HAL_Driver/Src/stm32f1xx_hal.c **** 
 104:Drivers/STM32F1xx_HAL_Driver/Src/stm32f1xx_hal.c **** /** @defgroup HAL_Exported_Functions HAL Exported Functions
 105:Drivers/STM32F1xx_HAL_Driver/Src/stm32f1xx_hal.c ****   * @{
 106:Drivers/STM32F1xx_HAL_Driver/Src/stm32f1xx_hal.c ****   */
 107:Drivers/STM32F1xx_HAL_Driver/Src/stm32f1xx_hal.c **** 
 108:Drivers/STM32F1xx_HAL_Driver/Src/stm32f1xx_hal.c **** /** @defgroup HAL_Exported_Functions_Group1 Initialization and de-initialization Functions 
 109:Drivers/STM32F1xx_HAL_Driver/Src/stm32f1xx_hal.c ****  *  @brief    Initialization and de-initialization functions
 110:Drivers/STM32F1xx_HAL_Driver/Src/stm32f1xx_hal.c ****  *
 111:Drivers/STM32F1xx_HAL_Driver/Src/stm32f1xx_hal.c **** @verbatim
 112:Drivers/STM32F1xx_HAL_Driver/Src/stm32f1xx_hal.c ****  ===============================================================================
 113:Drivers/STM32F1xx_HAL_Driver/Src/stm32f1xx_hal.c ****               ##### Initialization and de-initialization functions #####
 114:Drivers/STM32F1xx_HAL_Driver/Src/stm32f1xx_hal.c ****  ===============================================================================
 115:Drivers/STM32F1xx_HAL_Driver/Src/stm32f1xx_hal.c ****    [..]  This section provides functions allowing to:
 116:Drivers/STM32F1xx_HAL_Driver/Src/stm32f1xx_hal.c ****       (+) Initializes the Flash interface, the NVIC allocation and initial clock 
 117:Drivers/STM32F1xx_HAL_Driver/Src/stm32f1xx_hal.c ****           configuration. It initializes the source of time base also when timeout 
 118:Drivers/STM32F1xx_HAL_Driver/Src/stm32f1xx_hal.c ****           is needed and the backup domain when enabled.
 119:Drivers/STM32F1xx_HAL_Driver/Src/stm32f1xx_hal.c ****       (+) de-Initializes common part of the HAL.
 120:Drivers/STM32F1xx_HAL_Driver/Src/stm32f1xx_hal.c ****       (+) Configure The time base source to have 1ms time base with a dedicated 
 121:Drivers/STM32F1xx_HAL_Driver/Src/stm32f1xx_hal.c ****           Tick interrupt priority. 
 122:Drivers/STM32F1xx_HAL_Driver/Src/stm32f1xx_hal.c ****         (++) Systick timer is used by default as source of time base, but user 
 123:Drivers/STM32F1xx_HAL_Driver/Src/stm32f1xx_hal.c ****              can eventually implement his proper time base source (a general purpose 
 124:Drivers/STM32F1xx_HAL_Driver/Src/stm32f1xx_hal.c ****              timer for example or other time source), keeping in mind that Time base 
 125:Drivers/STM32F1xx_HAL_Driver/Src/stm32f1xx_hal.c ****              duration should be kept 1ms since PPP_TIMEOUT_VALUEs are defined and 
 126:Drivers/STM32F1xx_HAL_Driver/Src/stm32f1xx_hal.c ****              handled in milliseconds basis.
 127:Drivers/STM32F1xx_HAL_Driver/Src/stm32f1xx_hal.c ****         (++) Time base configuration function (HAL_InitTick ()) is called automatically 
 128:Drivers/STM32F1xx_HAL_Driver/Src/stm32f1xx_hal.c ****              at the beginning of the program after reset by HAL_Init() or at any time 
 129:Drivers/STM32F1xx_HAL_Driver/Src/stm32f1xx_hal.c ****              when clock is configured, by HAL_RCC_ClockConfig(). 
 130:Drivers/STM32F1xx_HAL_Driver/Src/stm32f1xx_hal.c ****         (++) Source of time base is configured  to generate interrupts at regular 
 131:Drivers/STM32F1xx_HAL_Driver/Src/stm32f1xx_hal.c ****              time intervals. Care must be taken if HAL_Delay() is called from a 
 132:Drivers/STM32F1xx_HAL_Driver/Src/stm32f1xx_hal.c ****              peripheral ISR process, the Tick interrupt line must have higher priority 
 133:Drivers/STM32F1xx_HAL_Driver/Src/stm32f1xx_hal.c ****             (numerically lower) than the peripheral interrupt. Otherwise the caller 
 134:Drivers/STM32F1xx_HAL_Driver/Src/stm32f1xx_hal.c ****             ISR process will be blocked. 
 135:Drivers/STM32F1xx_HAL_Driver/Src/stm32f1xx_hal.c ****        (++) functions affecting time base configurations are declared as __weak  
 136:Drivers/STM32F1xx_HAL_Driver/Src/stm32f1xx_hal.c ****              to make  override possible  in case of other  implementations in user file.
 137:Drivers/STM32F1xx_HAL_Driver/Src/stm32f1xx_hal.c **** @endverbatim
 138:Drivers/STM32F1xx_HAL_Driver/Src/stm32f1xx_hal.c ****   * @{
 139:Drivers/STM32F1xx_HAL_Driver/Src/stm32f1xx_hal.c ****   */
 140:Drivers/STM32F1xx_HAL_Driver/Src/stm32f1xx_hal.c **** 
 141:Drivers/STM32F1xx_HAL_Driver/Src/stm32f1xx_hal.c **** /**
 142:Drivers/STM32F1xx_HAL_Driver/Src/stm32f1xx_hal.c ****   * @brief  This function is used to initialize the HAL Library; it must be the first 
 143:Drivers/STM32F1xx_HAL_Driver/Src/stm32f1xx_hal.c ****   *         instruction to be executed in the main program (before to call any other
 144:Drivers/STM32F1xx_HAL_Driver/Src/stm32f1xx_hal.c ****   *         HAL function), it performs the following:
 145:Drivers/STM32F1xx_HAL_Driver/Src/stm32f1xx_hal.c ****   *           Configure the Flash prefetch.
 146:Drivers/STM32F1xx_HAL_Driver/Src/stm32f1xx_hal.c ****   *           Configures the SysTick to generate an interrupt each 1 millisecond,
ARM GAS  /tmp/ccDqU66n.s 			page 4


 147:Drivers/STM32F1xx_HAL_Driver/Src/stm32f1xx_hal.c ****   *           which is clocked by the HSI (at this stage, the clock is not yet
 148:Drivers/STM32F1xx_HAL_Driver/Src/stm32f1xx_hal.c ****   *           configured and thus the system is running from the internal HSI at 16 MHz).
 149:Drivers/STM32F1xx_HAL_Driver/Src/stm32f1xx_hal.c ****   *           Set NVIC Group Priority to 4.
 150:Drivers/STM32F1xx_HAL_Driver/Src/stm32f1xx_hal.c ****   *           Calls the HAL_MspInit() callback function defined in user file 
 151:Drivers/STM32F1xx_HAL_Driver/Src/stm32f1xx_hal.c ****   *           "stm32f1xx_hal_msp.c" to do the global low level hardware initialization 
 152:Drivers/STM32F1xx_HAL_Driver/Src/stm32f1xx_hal.c ****   *            
 153:Drivers/STM32F1xx_HAL_Driver/Src/stm32f1xx_hal.c ****   * @note   SysTick is used as time base for the HAL_Delay() function, the application
 154:Drivers/STM32F1xx_HAL_Driver/Src/stm32f1xx_hal.c ****   *         need to ensure that the SysTick time base is always set to 1 millisecond
 155:Drivers/STM32F1xx_HAL_Driver/Src/stm32f1xx_hal.c ****   *         to have correct HAL operation.
 156:Drivers/STM32F1xx_HAL_Driver/Src/stm32f1xx_hal.c ****   * @retval HAL status
 157:Drivers/STM32F1xx_HAL_Driver/Src/stm32f1xx_hal.c ****   */
 158:Drivers/STM32F1xx_HAL_Driver/Src/stm32f1xx_hal.c **** HAL_StatusTypeDef HAL_Init(void)
 159:Drivers/STM32F1xx_HAL_Driver/Src/stm32f1xx_hal.c **** {
 160:Drivers/STM32F1xx_HAL_Driver/Src/stm32f1xx_hal.c ****   /* Configure Flash prefetch */
 161:Drivers/STM32F1xx_HAL_Driver/Src/stm32f1xx_hal.c **** #if (PREFETCH_ENABLE != 0)
 162:Drivers/STM32F1xx_HAL_Driver/Src/stm32f1xx_hal.c **** #if defined(STM32F101x6) || defined(STM32F101xB) || defined(STM32F101xE) || defined(STM32F101xG) ||
 163:Drivers/STM32F1xx_HAL_Driver/Src/stm32f1xx_hal.c ****     defined(STM32F102x6) || defined(STM32F102xB) || \
 164:Drivers/STM32F1xx_HAL_Driver/Src/stm32f1xx_hal.c ****     defined(STM32F103x6) || defined(STM32F103xB) || defined(STM32F103xE) || defined(STM32F103xG) ||
 165:Drivers/STM32F1xx_HAL_Driver/Src/stm32f1xx_hal.c ****     defined(STM32F105xC) || defined(STM32F107xC)
 166:Drivers/STM32F1xx_HAL_Driver/Src/stm32f1xx_hal.c **** 
 167:Drivers/STM32F1xx_HAL_Driver/Src/stm32f1xx_hal.c ****   /* Prefetch buffer is not available on value line devices */
 168:Drivers/STM32F1xx_HAL_Driver/Src/stm32f1xx_hal.c ****   __HAL_FLASH_PREFETCH_BUFFER_ENABLE();
 169:Drivers/STM32F1xx_HAL_Driver/Src/stm32f1xx_hal.c **** #endif
 170:Drivers/STM32F1xx_HAL_Driver/Src/stm32f1xx_hal.c **** #endif /* PREFETCH_ENABLE */
 171:Drivers/STM32F1xx_HAL_Driver/Src/stm32f1xx_hal.c **** 
 172:Drivers/STM32F1xx_HAL_Driver/Src/stm32f1xx_hal.c ****   /* Set Interrupt Group Priority */
 173:Drivers/STM32F1xx_HAL_Driver/Src/stm32f1xx_hal.c ****   HAL_NVIC_SetPriorityGrouping(NVIC_PRIORITYGROUP_4);
 174:Drivers/STM32F1xx_HAL_Driver/Src/stm32f1xx_hal.c **** 
 175:Drivers/STM32F1xx_HAL_Driver/Src/stm32f1xx_hal.c ****   /* Use systick as time base source and configure 1ms tick (default clock after Reset is MSI) */
 176:Drivers/STM32F1xx_HAL_Driver/Src/stm32f1xx_hal.c ****   HAL_InitTick(TICK_INT_PRIORITY);
 177:Drivers/STM32F1xx_HAL_Driver/Src/stm32f1xx_hal.c **** 
 178:Drivers/STM32F1xx_HAL_Driver/Src/stm32f1xx_hal.c ****   /* Init the low level hardware */
 179:Drivers/STM32F1xx_HAL_Driver/Src/stm32f1xx_hal.c ****   HAL_MspInit();
 180:Drivers/STM32F1xx_HAL_Driver/Src/stm32f1xx_hal.c **** 
 181:Drivers/STM32F1xx_HAL_Driver/Src/stm32f1xx_hal.c ****   /* Return function status */
 182:Drivers/STM32F1xx_HAL_Driver/Src/stm32f1xx_hal.c ****   return HAL_OK;
 183:Drivers/STM32F1xx_HAL_Driver/Src/stm32f1xx_hal.c **** }
 184:Drivers/STM32F1xx_HAL_Driver/Src/stm32f1xx_hal.c **** 
 185:Drivers/STM32F1xx_HAL_Driver/Src/stm32f1xx_hal.c **** /**
 186:Drivers/STM32F1xx_HAL_Driver/Src/stm32f1xx_hal.c ****   * @brief This function de-Initializes common part of the HAL and stops the source
 187:Drivers/STM32F1xx_HAL_Driver/Src/stm32f1xx_hal.c ****   *        of time base.
 188:Drivers/STM32F1xx_HAL_Driver/Src/stm32f1xx_hal.c ****   * @note This function is optional.
 189:Drivers/STM32F1xx_HAL_Driver/Src/stm32f1xx_hal.c ****   * @retval HAL status
 190:Drivers/STM32F1xx_HAL_Driver/Src/stm32f1xx_hal.c ****   */
 191:Drivers/STM32F1xx_HAL_Driver/Src/stm32f1xx_hal.c **** HAL_StatusTypeDef HAL_DeInit(void)
 192:Drivers/STM32F1xx_HAL_Driver/Src/stm32f1xx_hal.c **** {
 193:Drivers/STM32F1xx_HAL_Driver/Src/stm32f1xx_hal.c ****   /* Reset of all peripherals */
 194:Drivers/STM32F1xx_HAL_Driver/Src/stm32f1xx_hal.c ****   __HAL_RCC_APB1_FORCE_RESET();
 195:Drivers/STM32F1xx_HAL_Driver/Src/stm32f1xx_hal.c ****   __HAL_RCC_APB1_RELEASE_RESET();
 196:Drivers/STM32F1xx_HAL_Driver/Src/stm32f1xx_hal.c **** 
 197:Drivers/STM32F1xx_HAL_Driver/Src/stm32f1xx_hal.c ****   __HAL_RCC_APB2_FORCE_RESET();
 198:Drivers/STM32F1xx_HAL_Driver/Src/stm32f1xx_hal.c ****   __HAL_RCC_APB2_RELEASE_RESET();
 199:Drivers/STM32F1xx_HAL_Driver/Src/stm32f1xx_hal.c **** 
 200:Drivers/STM32F1xx_HAL_Driver/Src/stm32f1xx_hal.c **** #if defined(STM32F105xC) || defined(STM32F107xC)
 201:Drivers/STM32F1xx_HAL_Driver/Src/stm32f1xx_hal.c ****   __HAL_RCC_AHB_FORCE_RESET();
 202:Drivers/STM32F1xx_HAL_Driver/Src/stm32f1xx_hal.c ****   __HAL_RCC_AHB_RELEASE_RESET();
 203:Drivers/STM32F1xx_HAL_Driver/Src/stm32f1xx_hal.c **** #endif
ARM GAS  /tmp/ccDqU66n.s 			page 5


 204:Drivers/STM32F1xx_HAL_Driver/Src/stm32f1xx_hal.c ****   
 205:Drivers/STM32F1xx_HAL_Driver/Src/stm32f1xx_hal.c ****   /* De-Init the low level hardware */
 206:Drivers/STM32F1xx_HAL_Driver/Src/stm32f1xx_hal.c ****   HAL_MspDeInit();
 207:Drivers/STM32F1xx_HAL_Driver/Src/stm32f1xx_hal.c ****     
 208:Drivers/STM32F1xx_HAL_Driver/Src/stm32f1xx_hal.c ****   /* Return function status */
 209:Drivers/STM32F1xx_HAL_Driver/Src/stm32f1xx_hal.c ****   return HAL_OK;
 210:Drivers/STM32F1xx_HAL_Driver/Src/stm32f1xx_hal.c **** }
 211:Drivers/STM32F1xx_HAL_Driver/Src/stm32f1xx_hal.c **** 
 212:Drivers/STM32F1xx_HAL_Driver/Src/stm32f1xx_hal.c **** /**
 213:Drivers/STM32F1xx_HAL_Driver/Src/stm32f1xx_hal.c ****   * @brief  Initializes the MSP.
 214:Drivers/STM32F1xx_HAL_Driver/Src/stm32f1xx_hal.c ****   * @retval None
 215:Drivers/STM32F1xx_HAL_Driver/Src/stm32f1xx_hal.c ****   */
 216:Drivers/STM32F1xx_HAL_Driver/Src/stm32f1xx_hal.c **** __weak void HAL_MspInit(void)
 217:Drivers/STM32F1xx_HAL_Driver/Src/stm32f1xx_hal.c **** {
  27              		.loc 1 217 1 view -0
  28              		.cfi_startproc
  29              		@ args = 0, pretend = 0, frame = 0
  30              		@ frame_needed = 0, uses_anonymous_args = 0
  31              		@ link register save eliminated.
 218:Drivers/STM32F1xx_HAL_Driver/Src/stm32f1xx_hal.c ****   /* NOTE : This function Should not be modified, when the callback is needed,
 219:Drivers/STM32F1xx_HAL_Driver/Src/stm32f1xx_hal.c ****             the HAL_MspInit could be implemented in the user file
 220:Drivers/STM32F1xx_HAL_Driver/Src/stm32f1xx_hal.c ****    */
 221:Drivers/STM32F1xx_HAL_Driver/Src/stm32f1xx_hal.c **** }
  32              		.loc 1 221 1 view .LVU1
  33 0000 7047     		bx	lr
  34              		.cfi_endproc
  35              	.LFE68:
  37              		.section	.text.HAL_MspDeInit,"ax",%progbits
  38              		.align	1
  39              		.weak	HAL_MspDeInit
  40              		.syntax unified
  41              		.thumb
  42              		.thumb_func
  43              		.fpu softvfp
  45              	HAL_MspDeInit:
  46              	.LFB69:
 222:Drivers/STM32F1xx_HAL_Driver/Src/stm32f1xx_hal.c **** 
 223:Drivers/STM32F1xx_HAL_Driver/Src/stm32f1xx_hal.c **** /**
 224:Drivers/STM32F1xx_HAL_Driver/Src/stm32f1xx_hal.c ****   * @brief  DeInitializes the MSP.
 225:Drivers/STM32F1xx_HAL_Driver/Src/stm32f1xx_hal.c ****   * @retval None
 226:Drivers/STM32F1xx_HAL_Driver/Src/stm32f1xx_hal.c ****   */
 227:Drivers/STM32F1xx_HAL_Driver/Src/stm32f1xx_hal.c **** __weak void HAL_MspDeInit(void)
 228:Drivers/STM32F1xx_HAL_Driver/Src/stm32f1xx_hal.c **** {
  47              		.loc 1 228 1 view -0
  48              		.cfi_startproc
  49              		@ args = 0, pretend = 0, frame = 0
  50              		@ frame_needed = 0, uses_anonymous_args = 0
  51              		@ link register save eliminated.
 229:Drivers/STM32F1xx_HAL_Driver/Src/stm32f1xx_hal.c ****   /* NOTE : This function Should not be modified, when the callback is needed,
 230:Drivers/STM32F1xx_HAL_Driver/Src/stm32f1xx_hal.c ****             the HAL_MspDeInit could be implemented in the user file
 231:Drivers/STM32F1xx_HAL_Driver/Src/stm32f1xx_hal.c ****    */
 232:Drivers/STM32F1xx_HAL_Driver/Src/stm32f1xx_hal.c **** }
  52              		.loc 1 232 1 view .LVU3
  53 0000 7047     		bx	lr
  54              		.cfi_endproc
  55              	.LFE69:
  57              		.section	.text.HAL_DeInit,"ax",%progbits
ARM GAS  /tmp/ccDqU66n.s 			page 6


  58              		.align	1
  59              		.global	HAL_DeInit
  60              		.syntax unified
  61              		.thumb
  62              		.thumb_func
  63              		.fpu softvfp
  65              	HAL_DeInit:
  66              	.LFB67:
 192:Drivers/STM32F1xx_HAL_Driver/Src/stm32f1xx_hal.c ****   /* Reset of all peripherals */
  67              		.loc 1 192 1 view -0
  68              		.cfi_startproc
  69              		@ args = 0, pretend = 0, frame = 0
  70              		@ frame_needed = 0, uses_anonymous_args = 0
  71 0000 10B5     		push	{r4, lr}
  72              	.LCFI0:
  73              		.cfi_def_cfa_offset 8
  74              		.cfi_offset 4, -8
  75              		.cfi_offset 14, -4
 194:Drivers/STM32F1xx_HAL_Driver/Src/stm32f1xx_hal.c ****   __HAL_RCC_APB1_RELEASE_RESET();
  76              		.loc 1 194 3 view .LVU5
  77 0002 064B     		ldr	r3, .L5
  78 0004 4FF0FF32 		mov	r2, #-1
  79 0008 DA60     		str	r2, [r3, #12]
 195:Drivers/STM32F1xx_HAL_Driver/Src/stm32f1xx_hal.c **** 
  80              		.loc 1 195 3 view .LVU6
  81 000a 0024     		movs	r4, #0
  82 000c 1C61     		str	r4, [r3, #16]
 197:Drivers/STM32F1xx_HAL_Driver/Src/stm32f1xx_hal.c ****   __HAL_RCC_APB2_RELEASE_RESET();
  83              		.loc 1 197 3 view .LVU7
  84 000e DA60     		str	r2, [r3, #12]
 198:Drivers/STM32F1xx_HAL_Driver/Src/stm32f1xx_hal.c **** 
  85              		.loc 1 198 3 view .LVU8
  86 0010 DC60     		str	r4, [r3, #12]
 206:Drivers/STM32F1xx_HAL_Driver/Src/stm32f1xx_hal.c ****     
  87              		.loc 1 206 3 view .LVU9
  88 0012 FFF7FEFF 		bl	HAL_MspDeInit
  89              	.LVL0:
 209:Drivers/STM32F1xx_HAL_Driver/Src/stm32f1xx_hal.c **** }
  90              		.loc 1 209 3 view .LVU10
 210:Drivers/STM32F1xx_HAL_Driver/Src/stm32f1xx_hal.c **** 
  91              		.loc 1 210 1 is_stmt 0 view .LVU11
  92 0016 2046     		mov	r0, r4
  93 0018 10BD     		pop	{r4, pc}
  94              	.L6:
  95 001a 00BF     		.align	2
  96              	.L5:
  97 001c 00100240 		.word	1073876992
  98              		.cfi_endproc
  99              	.LFE67:
 101              		.section	.text.HAL_InitTick,"ax",%progbits
 102              		.align	1
 103              		.weak	HAL_InitTick
 104              		.syntax unified
 105              		.thumb
 106              		.thumb_func
 107              		.fpu softvfp
 109              	HAL_InitTick:
ARM GAS  /tmp/ccDqU66n.s 			page 7


 110              	.LVL1:
 111              	.LFB70:
 233:Drivers/STM32F1xx_HAL_Driver/Src/stm32f1xx_hal.c **** 
 234:Drivers/STM32F1xx_HAL_Driver/Src/stm32f1xx_hal.c **** /**
 235:Drivers/STM32F1xx_HAL_Driver/Src/stm32f1xx_hal.c ****   * @brief This function configures the source of the time base. 
 236:Drivers/STM32F1xx_HAL_Driver/Src/stm32f1xx_hal.c ****   *        The time source is configured  to have 1ms time base with a dedicated 
 237:Drivers/STM32F1xx_HAL_Driver/Src/stm32f1xx_hal.c ****   *        Tick interrupt priority.
 238:Drivers/STM32F1xx_HAL_Driver/Src/stm32f1xx_hal.c ****   * @note This function is called  automatically at the beginning of program after
 239:Drivers/STM32F1xx_HAL_Driver/Src/stm32f1xx_hal.c ****   *       reset by HAL_Init() or at any time when clock is reconfigured  by HAL_RCC_ClockConfig(). 
 240:Drivers/STM32F1xx_HAL_Driver/Src/stm32f1xx_hal.c ****   * @note In the default implementation, SysTick timer is the source of time base. 
 241:Drivers/STM32F1xx_HAL_Driver/Src/stm32f1xx_hal.c ****   *       It is used to generate interrupts at regular time intervals. 
 242:Drivers/STM32F1xx_HAL_Driver/Src/stm32f1xx_hal.c ****   *       Care must be taken if HAL_Delay() is called from a peripheral ISR process, 
 243:Drivers/STM32F1xx_HAL_Driver/Src/stm32f1xx_hal.c ****   *       The the SysTick interrupt must have higher priority (numerically lower) 
 244:Drivers/STM32F1xx_HAL_Driver/Src/stm32f1xx_hal.c ****   *       than the peripheral interrupt. Otherwise the caller ISR process will be blocked.
 245:Drivers/STM32F1xx_HAL_Driver/Src/stm32f1xx_hal.c ****   *       The function is declared as __weak  to be overwritten  in case of other
 246:Drivers/STM32F1xx_HAL_Driver/Src/stm32f1xx_hal.c ****   *       implementation  in user file.
 247:Drivers/STM32F1xx_HAL_Driver/Src/stm32f1xx_hal.c ****   * @param TickPriority: Tick interrupt priority.
 248:Drivers/STM32F1xx_HAL_Driver/Src/stm32f1xx_hal.c ****   * @retval HAL status
 249:Drivers/STM32F1xx_HAL_Driver/Src/stm32f1xx_hal.c ****   */
 250:Drivers/STM32F1xx_HAL_Driver/Src/stm32f1xx_hal.c **** __weak HAL_StatusTypeDef HAL_InitTick(uint32_t TickPriority)
 251:Drivers/STM32F1xx_HAL_Driver/Src/stm32f1xx_hal.c **** {
 112              		.loc 1 251 1 is_stmt 1 view -0
 113              		.cfi_startproc
 114              		@ args = 0, pretend = 0, frame = 0
 115              		@ frame_needed = 0, uses_anonymous_args = 0
 116              		.loc 1 251 1 is_stmt 0 view .LVU13
 117 0000 10B5     		push	{r4, lr}
 118              	.LCFI1:
 119              		.cfi_def_cfa_offset 8
 120              		.cfi_offset 4, -8
 121              		.cfi_offset 14, -4
 122 0002 0446     		mov	r4, r0
 252:Drivers/STM32F1xx_HAL_Driver/Src/stm32f1xx_hal.c ****   /*Configure the SysTick to have interrupt in 1ms time basis*/
 253:Drivers/STM32F1xx_HAL_Driver/Src/stm32f1xx_hal.c ****   HAL_SYSTICK_Config(SystemCoreClock/1000U);
 123              		.loc 1 253 3 is_stmt 1 view .LVU14
 124 0004 074B     		ldr	r3, .L9
 125 0006 1868     		ldr	r0, [r3]
 126              	.LVL2:
 127              		.loc 1 253 3 is_stmt 0 view .LVU15
 128 0008 074B     		ldr	r3, .L9+4
 129 000a A3FB0030 		umull	r3, r0, r3, r0
 130 000e 8009     		lsrs	r0, r0, #6
 131 0010 FFF7FEFF 		bl	HAL_SYSTICK_Config
 132              	.LVL3:
 254:Drivers/STM32F1xx_HAL_Driver/Src/stm32f1xx_hal.c **** 
 255:Drivers/STM32F1xx_HAL_Driver/Src/stm32f1xx_hal.c ****   /*Configure the SysTick IRQ priority */
 256:Drivers/STM32F1xx_HAL_Driver/Src/stm32f1xx_hal.c ****   HAL_NVIC_SetPriority(SysTick_IRQn, TickPriority ,0U);
 133              		.loc 1 256 3 is_stmt 1 view .LVU16
 134 0014 0022     		movs	r2, #0
 135 0016 2146     		mov	r1, r4
 136 0018 4FF0FF30 		mov	r0, #-1
 137 001c FFF7FEFF 		bl	HAL_NVIC_SetPriority
 138              	.LVL4:
 257:Drivers/STM32F1xx_HAL_Driver/Src/stm32f1xx_hal.c **** 
 258:Drivers/STM32F1xx_HAL_Driver/Src/stm32f1xx_hal.c ****   /* Return function status */
 259:Drivers/STM32F1xx_HAL_Driver/Src/stm32f1xx_hal.c ****   return HAL_OK;
 139              		.loc 1 259 3 view .LVU17
ARM GAS  /tmp/ccDqU66n.s 			page 8


 260:Drivers/STM32F1xx_HAL_Driver/Src/stm32f1xx_hal.c **** }
 140              		.loc 1 260 1 is_stmt 0 view .LVU18
 141 0020 0020     		movs	r0, #0
 142 0022 10BD     		pop	{r4, pc}
 143              	.LVL5:
 144              	.L10:
 145              		.loc 1 260 1 view .LVU19
 146              		.align	2
 147              	.L9:
 148 0024 00000000 		.word	SystemCoreClock
 149 0028 D34D6210 		.word	274877907
 150              		.cfi_endproc
 151              	.LFE70:
 153              		.section	.text.HAL_Init,"ax",%progbits
 154              		.align	1
 155              		.global	HAL_Init
 156              		.syntax unified
 157              		.thumb
 158              		.thumb_func
 159              		.fpu softvfp
 161              	HAL_Init:
 162              	.LFB66:
 159:Drivers/STM32F1xx_HAL_Driver/Src/stm32f1xx_hal.c ****   /* Configure Flash prefetch */
 163              		.loc 1 159 1 is_stmt 1 view -0
 164              		.cfi_startproc
 165              		@ args = 0, pretend = 0, frame = 0
 166              		@ frame_needed = 0, uses_anonymous_args = 0
 167 0000 08B5     		push	{r3, lr}
 168              	.LCFI2:
 169              		.cfi_def_cfa_offset 8
 170              		.cfi_offset 3, -8
 171              		.cfi_offset 14, -4
 168:Drivers/STM32F1xx_HAL_Driver/Src/stm32f1xx_hal.c **** #endif
 172              		.loc 1 168 3 view .LVU21
 173 0002 074A     		ldr	r2, .L13
 174 0004 1368     		ldr	r3, [r2]
 175 0006 43F01003 		orr	r3, r3, #16
 176 000a 1360     		str	r3, [r2]
 173:Drivers/STM32F1xx_HAL_Driver/Src/stm32f1xx_hal.c **** 
 177              		.loc 1 173 3 view .LVU22
 178 000c 0320     		movs	r0, #3
 179 000e FFF7FEFF 		bl	HAL_NVIC_SetPriorityGrouping
 180              	.LVL6:
 176:Drivers/STM32F1xx_HAL_Driver/Src/stm32f1xx_hal.c **** 
 181              		.loc 1 176 3 view .LVU23
 182 0012 0020     		movs	r0, #0
 183 0014 FFF7FEFF 		bl	HAL_InitTick
 184              	.LVL7:
 179:Drivers/STM32F1xx_HAL_Driver/Src/stm32f1xx_hal.c **** 
 185              		.loc 1 179 3 view .LVU24
 186 0018 FFF7FEFF 		bl	HAL_MspInit
 187              	.LVL8:
 182:Drivers/STM32F1xx_HAL_Driver/Src/stm32f1xx_hal.c **** }
 188              		.loc 1 182 3 view .LVU25
 183:Drivers/STM32F1xx_HAL_Driver/Src/stm32f1xx_hal.c **** 
 189              		.loc 1 183 1 is_stmt 0 view .LVU26
 190 001c 0020     		movs	r0, #0
ARM GAS  /tmp/ccDqU66n.s 			page 9


 191 001e 08BD     		pop	{r3, pc}
 192              	.L14:
 193              		.align	2
 194              	.L13:
 195 0020 00200240 		.word	1073881088
 196              		.cfi_endproc
 197              	.LFE66:
 199              		.section	.text.HAL_IncTick,"ax",%progbits
 200              		.align	1
 201              		.weak	HAL_IncTick
 202              		.syntax unified
 203              		.thumb
 204              		.thumb_func
 205              		.fpu softvfp
 207              	HAL_IncTick:
 208              	.LFB71:
 261:Drivers/STM32F1xx_HAL_Driver/Src/stm32f1xx_hal.c **** 
 262:Drivers/STM32F1xx_HAL_Driver/Src/stm32f1xx_hal.c **** /**
 263:Drivers/STM32F1xx_HAL_Driver/Src/stm32f1xx_hal.c ****   * @}
 264:Drivers/STM32F1xx_HAL_Driver/Src/stm32f1xx_hal.c ****   */
 265:Drivers/STM32F1xx_HAL_Driver/Src/stm32f1xx_hal.c **** 
 266:Drivers/STM32F1xx_HAL_Driver/Src/stm32f1xx_hal.c **** /** @defgroup HAL_Exported_Functions_Group2 HAL Control functions 
 267:Drivers/STM32F1xx_HAL_Driver/Src/stm32f1xx_hal.c ****   *  @brief    HAL Control functions
 268:Drivers/STM32F1xx_HAL_Driver/Src/stm32f1xx_hal.c ****   *
 269:Drivers/STM32F1xx_HAL_Driver/Src/stm32f1xx_hal.c **** @verbatim
 270:Drivers/STM32F1xx_HAL_Driver/Src/stm32f1xx_hal.c ****  ===============================================================================
 271:Drivers/STM32F1xx_HAL_Driver/Src/stm32f1xx_hal.c ****                       ##### HAL Control functions #####
 272:Drivers/STM32F1xx_HAL_Driver/Src/stm32f1xx_hal.c ****  ===============================================================================
 273:Drivers/STM32F1xx_HAL_Driver/Src/stm32f1xx_hal.c ****     [..]  This section provides functions allowing to:
 274:Drivers/STM32F1xx_HAL_Driver/Src/stm32f1xx_hal.c ****       (+) Provide a tick value in millisecond
 275:Drivers/STM32F1xx_HAL_Driver/Src/stm32f1xx_hal.c ****       (+) Provide a blocking delay in millisecond
 276:Drivers/STM32F1xx_HAL_Driver/Src/stm32f1xx_hal.c ****       (+) Suspend the time base source interrupt
 277:Drivers/STM32F1xx_HAL_Driver/Src/stm32f1xx_hal.c ****       (+) Resume the time base source interrupt
 278:Drivers/STM32F1xx_HAL_Driver/Src/stm32f1xx_hal.c ****       (+) Get the HAL API driver version
 279:Drivers/STM32F1xx_HAL_Driver/Src/stm32f1xx_hal.c ****       (+) Get the device identifier
 280:Drivers/STM32F1xx_HAL_Driver/Src/stm32f1xx_hal.c ****       (+) Get the device revision identifier
 281:Drivers/STM32F1xx_HAL_Driver/Src/stm32f1xx_hal.c ****       (+) Enable/Disable Debug module during SLEEP mode
 282:Drivers/STM32F1xx_HAL_Driver/Src/stm32f1xx_hal.c ****       (+) Enable/Disable Debug module during STOP mode
 283:Drivers/STM32F1xx_HAL_Driver/Src/stm32f1xx_hal.c ****       (+) Enable/Disable Debug module during STANDBY mode
 284:Drivers/STM32F1xx_HAL_Driver/Src/stm32f1xx_hal.c **** 
 285:Drivers/STM32F1xx_HAL_Driver/Src/stm32f1xx_hal.c **** @endverbatim
 286:Drivers/STM32F1xx_HAL_Driver/Src/stm32f1xx_hal.c ****   * @{
 287:Drivers/STM32F1xx_HAL_Driver/Src/stm32f1xx_hal.c ****   */
 288:Drivers/STM32F1xx_HAL_Driver/Src/stm32f1xx_hal.c **** 
 289:Drivers/STM32F1xx_HAL_Driver/Src/stm32f1xx_hal.c **** /**
 290:Drivers/STM32F1xx_HAL_Driver/Src/stm32f1xx_hal.c ****   * @brief This function is called to increment  a global variable "uwTick"
 291:Drivers/STM32F1xx_HAL_Driver/Src/stm32f1xx_hal.c ****   *        used as application time base.
 292:Drivers/STM32F1xx_HAL_Driver/Src/stm32f1xx_hal.c ****   * @note In the default implementation, this variable is incremented each 1ms
 293:Drivers/STM32F1xx_HAL_Driver/Src/stm32f1xx_hal.c ****   *       in Systick ISR.
 294:Drivers/STM32F1xx_HAL_Driver/Src/stm32f1xx_hal.c ****   * @note This function is declared as __weak to be overwritten in case of other 
 295:Drivers/STM32F1xx_HAL_Driver/Src/stm32f1xx_hal.c ****   *      implementations in user file.
 296:Drivers/STM32F1xx_HAL_Driver/Src/stm32f1xx_hal.c ****   * @retval None
 297:Drivers/STM32F1xx_HAL_Driver/Src/stm32f1xx_hal.c ****   */
 298:Drivers/STM32F1xx_HAL_Driver/Src/stm32f1xx_hal.c **** __weak void HAL_IncTick(void)
 299:Drivers/STM32F1xx_HAL_Driver/Src/stm32f1xx_hal.c **** {
 209              		.loc 1 299 1 is_stmt 1 view -0
 210              		.cfi_startproc
ARM GAS  /tmp/ccDqU66n.s 			page 10


 211              		@ args = 0, pretend = 0, frame = 0
 212              		@ frame_needed = 0, uses_anonymous_args = 0
 213              		@ link register save eliminated.
 300:Drivers/STM32F1xx_HAL_Driver/Src/stm32f1xx_hal.c ****   uwTick++;
 214              		.loc 1 300 3 view .LVU28
 215              		.loc 1 300 9 is_stmt 0 view .LVU29
 216 0000 024A     		ldr	r2, .L16
 217 0002 1368     		ldr	r3, [r2]
 218 0004 0133     		adds	r3, r3, #1
 219 0006 1360     		str	r3, [r2]
 301:Drivers/STM32F1xx_HAL_Driver/Src/stm32f1xx_hal.c **** }
 220              		.loc 1 301 1 view .LVU30
 221 0008 7047     		bx	lr
 222              	.L17:
 223 000a 00BF     		.align	2
 224              	.L16:
 225 000c 00000000 		.word	.LANCHOR0
 226              		.cfi_endproc
 227              	.LFE71:
 229              		.section	.text.HAL_GetTick,"ax",%progbits
 230              		.align	1
 231              		.weak	HAL_GetTick
 232              		.syntax unified
 233              		.thumb
 234              		.thumb_func
 235              		.fpu softvfp
 237              	HAL_GetTick:
 238              	.LFB72:
 302:Drivers/STM32F1xx_HAL_Driver/Src/stm32f1xx_hal.c **** 
 303:Drivers/STM32F1xx_HAL_Driver/Src/stm32f1xx_hal.c **** /**
 304:Drivers/STM32F1xx_HAL_Driver/Src/stm32f1xx_hal.c ****   * @brief Provides a tick value in millisecond.
 305:Drivers/STM32F1xx_HAL_Driver/Src/stm32f1xx_hal.c ****   * @note  This function is declared as __weak  to be overwritten  in case of other 
 306:Drivers/STM32F1xx_HAL_Driver/Src/stm32f1xx_hal.c ****   *       implementations in user file.
 307:Drivers/STM32F1xx_HAL_Driver/Src/stm32f1xx_hal.c ****   * @retval tick value
 308:Drivers/STM32F1xx_HAL_Driver/Src/stm32f1xx_hal.c ****   */
 309:Drivers/STM32F1xx_HAL_Driver/Src/stm32f1xx_hal.c **** __weak uint32_t HAL_GetTick(void)
 310:Drivers/STM32F1xx_HAL_Driver/Src/stm32f1xx_hal.c **** {
 239              		.loc 1 310 1 is_stmt 1 view -0
 240              		.cfi_startproc
 241              		@ args = 0, pretend = 0, frame = 0
 242              		@ frame_needed = 0, uses_anonymous_args = 0
 243              		@ link register save eliminated.
 311:Drivers/STM32F1xx_HAL_Driver/Src/stm32f1xx_hal.c ****   return uwTick;
 244              		.loc 1 311 3 view .LVU32
 245              		.loc 1 311 10 is_stmt 0 view .LVU33
 246 0000 014B     		ldr	r3, .L19
 247 0002 1868     		ldr	r0, [r3]
 312:Drivers/STM32F1xx_HAL_Driver/Src/stm32f1xx_hal.c **** }
 248              		.loc 1 312 1 view .LVU34
 249 0004 7047     		bx	lr
 250              	.L20:
 251 0006 00BF     		.align	2
 252              	.L19:
 253 0008 00000000 		.word	.LANCHOR0
 254              		.cfi_endproc
 255              	.LFE72:
 257              		.section	.text.HAL_Delay,"ax",%progbits
ARM GAS  /tmp/ccDqU66n.s 			page 11


 258              		.align	1
 259              		.weak	HAL_Delay
 260              		.syntax unified
 261              		.thumb
 262              		.thumb_func
 263              		.fpu softvfp
 265              	HAL_Delay:
 266              	.LVL9:
 267              	.LFB73:
 313:Drivers/STM32F1xx_HAL_Driver/Src/stm32f1xx_hal.c **** 
 314:Drivers/STM32F1xx_HAL_Driver/Src/stm32f1xx_hal.c **** /**
 315:Drivers/STM32F1xx_HAL_Driver/Src/stm32f1xx_hal.c ****   * @brief This function provides minimum delay (in milliseconds) based 
 316:Drivers/STM32F1xx_HAL_Driver/Src/stm32f1xx_hal.c ****   *        on variable incremented.
 317:Drivers/STM32F1xx_HAL_Driver/Src/stm32f1xx_hal.c ****   * @note In the default implementation , SysTick timer is the source of time base.
 318:Drivers/STM32F1xx_HAL_Driver/Src/stm32f1xx_hal.c ****   *       It is used to generate interrupts at regular time intervals where uwTick
 319:Drivers/STM32F1xx_HAL_Driver/Src/stm32f1xx_hal.c ****   *       is incremented.
 320:Drivers/STM32F1xx_HAL_Driver/Src/stm32f1xx_hal.c ****   * @note This function is declared as __weak to be overwritten in case of other
 321:Drivers/STM32F1xx_HAL_Driver/Src/stm32f1xx_hal.c ****   *       implementations in user file.
 322:Drivers/STM32F1xx_HAL_Driver/Src/stm32f1xx_hal.c ****   * @param Delay: specifies the delay time length, in milliseconds.
 323:Drivers/STM32F1xx_HAL_Driver/Src/stm32f1xx_hal.c ****   * @retval None
 324:Drivers/STM32F1xx_HAL_Driver/Src/stm32f1xx_hal.c ****   */
 325:Drivers/STM32F1xx_HAL_Driver/Src/stm32f1xx_hal.c **** __weak void HAL_Delay(__IO uint32_t Delay)
 326:Drivers/STM32F1xx_HAL_Driver/Src/stm32f1xx_hal.c **** {
 268              		.loc 1 326 1 is_stmt 1 view -0
 269              		.cfi_startproc
 270              		@ args = 0, pretend = 0, frame = 8
 271              		@ frame_needed = 0, uses_anonymous_args = 0
 272              		.loc 1 326 1 is_stmt 0 view .LVU36
 273 0000 30B5     		push	{r4, r5, lr}
 274              	.LCFI3:
 275              		.cfi_def_cfa_offset 12
 276              		.cfi_offset 4, -12
 277              		.cfi_offset 5, -8
 278              		.cfi_offset 14, -4
 279 0002 83B0     		sub	sp, sp, #12
 280              	.LCFI4:
 281              		.cfi_def_cfa_offset 24
 282 0004 0190     		str	r0, [sp, #4]
 327:Drivers/STM32F1xx_HAL_Driver/Src/stm32f1xx_hal.c ****   uint32_t tickstart = HAL_GetTick();
 283              		.loc 1 327 3 is_stmt 1 view .LVU37
 284              		.loc 1 327 24 is_stmt 0 view .LVU38
 285 0006 FFF7FEFF 		bl	HAL_GetTick
 286              	.LVL10:
 287              		.loc 1 327 24 view .LVU39
 288 000a 0546     		mov	r5, r0
 289              	.LVL11:
 328:Drivers/STM32F1xx_HAL_Driver/Src/stm32f1xx_hal.c ****   uint32_t wait = Delay;
 290              		.loc 1 328 3 is_stmt 1 view .LVU40
 291              		.loc 1 328 12 is_stmt 0 view .LVU41
 292 000c 019C     		ldr	r4, [sp, #4]
 293              	.LVL12:
 329:Drivers/STM32F1xx_HAL_Driver/Src/stm32f1xx_hal.c ****   
 330:Drivers/STM32F1xx_HAL_Driver/Src/stm32f1xx_hal.c ****   /* Add a period to guarantee minimum wait */
 331:Drivers/STM32F1xx_HAL_Driver/Src/stm32f1xx_hal.c ****   if (wait < HAL_MAX_DELAY)
 294              		.loc 1 331 3 is_stmt 1 view .LVU42
 295              		.loc 1 331 6 is_stmt 0 view .LVU43
 296 000e B4F1FF3F 		cmp	r4, #-1
ARM GAS  /tmp/ccDqU66n.s 			page 12


 297 0012 00D0     		beq	.L23
 332:Drivers/STM32F1xx_HAL_Driver/Src/stm32f1xx_hal.c ****   {
 333:Drivers/STM32F1xx_HAL_Driver/Src/stm32f1xx_hal.c ****      wait++;
 298              		.loc 1 333 6 is_stmt 1 view .LVU44
 299              		.loc 1 333 10 is_stmt 0 view .LVU45
 300 0014 0134     		adds	r4, r4, #1
 301              	.LVL13:
 302              	.L23:
 334:Drivers/STM32F1xx_HAL_Driver/Src/stm32f1xx_hal.c ****   }
 335:Drivers/STM32F1xx_HAL_Driver/Src/stm32f1xx_hal.c ****   
 336:Drivers/STM32F1xx_HAL_Driver/Src/stm32f1xx_hal.c ****   while((HAL_GetTick() - tickstart) < wait)
 337:Drivers/STM32F1xx_HAL_Driver/Src/stm32f1xx_hal.c ****   {
 338:Drivers/STM32F1xx_HAL_Driver/Src/stm32f1xx_hal.c ****   }
 303              		.loc 1 338 3 is_stmt 1 discriminator 1 view .LVU46
 336:Drivers/STM32F1xx_HAL_Driver/Src/stm32f1xx_hal.c ****   {
 304              		.loc 1 336 8 discriminator 1 view .LVU47
 336:Drivers/STM32F1xx_HAL_Driver/Src/stm32f1xx_hal.c ****   {
 305              		.loc 1 336 10 is_stmt 0 discriminator 1 view .LVU48
 306 0016 FFF7FEFF 		bl	HAL_GetTick
 307              	.LVL14:
 336:Drivers/STM32F1xx_HAL_Driver/Src/stm32f1xx_hal.c ****   {
 308              		.loc 1 336 24 discriminator 1 view .LVU49
 309 001a 401B     		subs	r0, r0, r5
 336:Drivers/STM32F1xx_HAL_Driver/Src/stm32f1xx_hal.c ****   {
 310              		.loc 1 336 8 discriminator 1 view .LVU50
 311 001c A042     		cmp	r0, r4
 312 001e FAD3     		bcc	.L23
 339:Drivers/STM32F1xx_HAL_Driver/Src/stm32f1xx_hal.c **** }
 313              		.loc 1 339 1 view .LVU51
 314 0020 03B0     		add	sp, sp, #12
 315              	.LCFI5:
 316              		.cfi_def_cfa_offset 12
 317              		@ sp needed
 318 0022 30BD     		pop	{r4, r5, pc}
 319              		.loc 1 339 1 view .LVU52
 320              		.cfi_endproc
 321              	.LFE73:
 323              		.section	.text.HAL_SuspendTick,"ax",%progbits
 324              		.align	1
 325              		.weak	HAL_SuspendTick
 326              		.syntax unified
 327              		.thumb
 328              		.thumb_func
 329              		.fpu softvfp
 331              	HAL_SuspendTick:
 332              	.LFB74:
 340:Drivers/STM32F1xx_HAL_Driver/Src/stm32f1xx_hal.c **** 
 341:Drivers/STM32F1xx_HAL_Driver/Src/stm32f1xx_hal.c **** /**
 342:Drivers/STM32F1xx_HAL_Driver/Src/stm32f1xx_hal.c ****   * @brief Suspend Tick increment.
 343:Drivers/STM32F1xx_HAL_Driver/Src/stm32f1xx_hal.c ****   * @note In the default implementation , SysTick timer is the source of time base. It is
 344:Drivers/STM32F1xx_HAL_Driver/Src/stm32f1xx_hal.c ****   *       used to generate interrupts at regular time intervals. Once HAL_SuspendTick()
 345:Drivers/STM32F1xx_HAL_Driver/Src/stm32f1xx_hal.c ****   *       is called, the SysTick interrupt will be disabled and so Tick increment 
 346:Drivers/STM32F1xx_HAL_Driver/Src/stm32f1xx_hal.c ****   *       is suspended.
 347:Drivers/STM32F1xx_HAL_Driver/Src/stm32f1xx_hal.c ****   * @note This function is declared as __weak to be overwritten in case of other
 348:Drivers/STM32F1xx_HAL_Driver/Src/stm32f1xx_hal.c ****   *       implementations in user file.
 349:Drivers/STM32F1xx_HAL_Driver/Src/stm32f1xx_hal.c ****   * @retval None
 350:Drivers/STM32F1xx_HAL_Driver/Src/stm32f1xx_hal.c ****   */
ARM GAS  /tmp/ccDqU66n.s 			page 13


 351:Drivers/STM32F1xx_HAL_Driver/Src/stm32f1xx_hal.c **** __weak void HAL_SuspendTick(void)
 352:Drivers/STM32F1xx_HAL_Driver/Src/stm32f1xx_hal.c **** {
 333              		.loc 1 352 1 is_stmt 1 view -0
 334              		.cfi_startproc
 335              		@ args = 0, pretend = 0, frame = 0
 336              		@ frame_needed = 0, uses_anonymous_args = 0
 337              		@ link register save eliminated.
 353:Drivers/STM32F1xx_HAL_Driver/Src/stm32f1xx_hal.c ****   /* Disable SysTick Interrupt */
 354:Drivers/STM32F1xx_HAL_Driver/Src/stm32f1xx_hal.c ****   CLEAR_BIT(SysTick->CTRL,SysTick_CTRL_TICKINT_Msk);
 338              		.loc 1 354 3 view .LVU54
 339 0000 4FF0E022 		mov	r2, #-536813568
 340 0004 1369     		ldr	r3, [r2, #16]
 341 0006 23F00203 		bic	r3, r3, #2
 342 000a 1361     		str	r3, [r2, #16]
 355:Drivers/STM32F1xx_HAL_Driver/Src/stm32f1xx_hal.c **** }
 343              		.loc 1 355 1 is_stmt 0 view .LVU55
 344 000c 7047     		bx	lr
 345              		.cfi_endproc
 346              	.LFE74:
 348              		.section	.text.HAL_ResumeTick,"ax",%progbits
 349              		.align	1
 350              		.weak	HAL_ResumeTick
 351              		.syntax unified
 352              		.thumb
 353              		.thumb_func
 354              		.fpu softvfp
 356              	HAL_ResumeTick:
 357              	.LFB75:
 356:Drivers/STM32F1xx_HAL_Driver/Src/stm32f1xx_hal.c **** 
 357:Drivers/STM32F1xx_HAL_Driver/Src/stm32f1xx_hal.c **** /**
 358:Drivers/STM32F1xx_HAL_Driver/Src/stm32f1xx_hal.c ****   * @brief Resume Tick increment.
 359:Drivers/STM32F1xx_HAL_Driver/Src/stm32f1xx_hal.c ****   * @note In the default implementation , SysTick timer is the source of time base. It is
 360:Drivers/STM32F1xx_HAL_Driver/Src/stm32f1xx_hal.c ****   *       used to generate interrupts at regular time intervals. Once HAL_ResumeTick()
 361:Drivers/STM32F1xx_HAL_Driver/Src/stm32f1xx_hal.c ****   *       is called, the SysTick interrupt will be enabled and so Tick increment 
 362:Drivers/STM32F1xx_HAL_Driver/Src/stm32f1xx_hal.c ****   *       is resumed.
 363:Drivers/STM32F1xx_HAL_Driver/Src/stm32f1xx_hal.c ****   * @note This function is declared as __weak to be overwritten in case of other
 364:Drivers/STM32F1xx_HAL_Driver/Src/stm32f1xx_hal.c ****   *       implementations in user file.
 365:Drivers/STM32F1xx_HAL_Driver/Src/stm32f1xx_hal.c ****   * @retval None
 366:Drivers/STM32F1xx_HAL_Driver/Src/stm32f1xx_hal.c ****   */
 367:Drivers/STM32F1xx_HAL_Driver/Src/stm32f1xx_hal.c **** __weak void HAL_ResumeTick(void)
 368:Drivers/STM32F1xx_HAL_Driver/Src/stm32f1xx_hal.c **** {
 358              		.loc 1 368 1 is_stmt 1 view -0
 359              		.cfi_startproc
 360              		@ args = 0, pretend = 0, frame = 0
 361              		@ frame_needed = 0, uses_anonymous_args = 0
 362              		@ link register save eliminated.
 369:Drivers/STM32F1xx_HAL_Driver/Src/stm32f1xx_hal.c ****   /* Enable SysTick Interrupt */
 370:Drivers/STM32F1xx_HAL_Driver/Src/stm32f1xx_hal.c ****   SET_BIT(SysTick->CTRL,SysTick_CTRL_TICKINT_Msk);
 363              		.loc 1 370 3 view .LVU57
 364 0000 4FF0E022 		mov	r2, #-536813568
 365 0004 1369     		ldr	r3, [r2, #16]
 366 0006 43F00203 		orr	r3, r3, #2
 367 000a 1361     		str	r3, [r2, #16]
 371:Drivers/STM32F1xx_HAL_Driver/Src/stm32f1xx_hal.c **** }
 368              		.loc 1 371 1 is_stmt 0 view .LVU58
 369 000c 7047     		bx	lr
 370              		.cfi_endproc
ARM GAS  /tmp/ccDqU66n.s 			page 14


 371              	.LFE75:
 373              		.section	.text.HAL_GetHalVersion,"ax",%progbits
 374              		.align	1
 375              		.global	HAL_GetHalVersion
 376              		.syntax unified
 377              		.thumb
 378              		.thumb_func
 379              		.fpu softvfp
 381              	HAL_GetHalVersion:
 382              	.LFB76:
 372:Drivers/STM32F1xx_HAL_Driver/Src/stm32f1xx_hal.c **** 
 373:Drivers/STM32F1xx_HAL_Driver/Src/stm32f1xx_hal.c **** /**
 374:Drivers/STM32F1xx_HAL_Driver/Src/stm32f1xx_hal.c ****   * @brief  Returns the HAL revision
 375:Drivers/STM32F1xx_HAL_Driver/Src/stm32f1xx_hal.c ****   * @retval version : 0xXYZR (8bits for each decimal, R for RC)
 376:Drivers/STM32F1xx_HAL_Driver/Src/stm32f1xx_hal.c ****   */
 377:Drivers/STM32F1xx_HAL_Driver/Src/stm32f1xx_hal.c **** uint32_t HAL_GetHalVersion(void)
 378:Drivers/STM32F1xx_HAL_Driver/Src/stm32f1xx_hal.c **** {
 383              		.loc 1 378 1 is_stmt 1 view -0
 384              		.cfi_startproc
 385              		@ args = 0, pretend = 0, frame = 0
 386              		@ frame_needed = 0, uses_anonymous_args = 0
 387              		@ link register save eliminated.
 379:Drivers/STM32F1xx_HAL_Driver/Src/stm32f1xx_hal.c ****  return __STM32F1xx_HAL_VERSION;
 388              		.loc 1 379 2 view .LVU60
 380:Drivers/STM32F1xx_HAL_Driver/Src/stm32f1xx_hal.c **** }
 389              		.loc 1 380 1 is_stmt 0 view .LVU61
 390 0000 0048     		ldr	r0, .L28
 391 0002 7047     		bx	lr
 392              	.L29:
 393              		.align	2
 394              	.L28:
 395 0004 00010101 		.word	16843008
 396              		.cfi_endproc
 397              	.LFE76:
 399              		.section	.text.HAL_GetREVID,"ax",%progbits
 400              		.align	1
 401              		.global	HAL_GetREVID
 402              		.syntax unified
 403              		.thumb
 404              		.thumb_func
 405              		.fpu softvfp
 407              	HAL_GetREVID:
 408              	.LFB77:
 381:Drivers/STM32F1xx_HAL_Driver/Src/stm32f1xx_hal.c **** 
 382:Drivers/STM32F1xx_HAL_Driver/Src/stm32f1xx_hal.c **** /**
 383:Drivers/STM32F1xx_HAL_Driver/Src/stm32f1xx_hal.c ****   * @brief Returns the device revision identifier.
 384:Drivers/STM32F1xx_HAL_Driver/Src/stm32f1xx_hal.c ****   * Note: On devices STM32F10xx8 and STM32F10xxB,
 385:Drivers/STM32F1xx_HAL_Driver/Src/stm32f1xx_hal.c ****   *                  STM32F101xC/D/E and STM32F103xC/D/E,
 386:Drivers/STM32F1xx_HAL_Driver/Src/stm32f1xx_hal.c ****   *                  STM32F101xF/G and STM32F103xF/G
 387:Drivers/STM32F1xx_HAL_Driver/Src/stm32f1xx_hal.c ****   *                  STM32F10xx4 and STM32F10xx6
 388:Drivers/STM32F1xx_HAL_Driver/Src/stm32f1xx_hal.c ****   *       Debug registers DBGMCU_IDCODE and DBGMCU_CR are accessible only in 
 389:Drivers/STM32F1xx_HAL_Driver/Src/stm32f1xx_hal.c ****   *       debug mode (not accessible by the user software in normal mode).
 390:Drivers/STM32F1xx_HAL_Driver/Src/stm32f1xx_hal.c ****   *       Refer to errata sheet of these devices for more details.
 391:Drivers/STM32F1xx_HAL_Driver/Src/stm32f1xx_hal.c ****   * @retval Device revision identifier
 392:Drivers/STM32F1xx_HAL_Driver/Src/stm32f1xx_hal.c ****   */
 393:Drivers/STM32F1xx_HAL_Driver/Src/stm32f1xx_hal.c **** uint32_t HAL_GetREVID(void)
 394:Drivers/STM32F1xx_HAL_Driver/Src/stm32f1xx_hal.c **** {
ARM GAS  /tmp/ccDqU66n.s 			page 15


 409              		.loc 1 394 1 is_stmt 1 view -0
 410              		.cfi_startproc
 411              		@ args = 0, pretend = 0, frame = 0
 412              		@ frame_needed = 0, uses_anonymous_args = 0
 413              		@ link register save eliminated.
 395:Drivers/STM32F1xx_HAL_Driver/Src/stm32f1xx_hal.c ****   return((DBGMCU->IDCODE) >> DBGMCU_IDCODE_REV_ID_Pos);
 414              		.loc 1 395 3 view .LVU63
 415              		.loc 1 395 17 is_stmt 0 view .LVU64
 416 0000 014B     		ldr	r3, .L31
 417 0002 1868     		ldr	r0, [r3]
 396:Drivers/STM32F1xx_HAL_Driver/Src/stm32f1xx_hal.c **** }
 418              		.loc 1 396 1 view .LVU65
 419 0004 000C     		lsrs	r0, r0, #16
 420 0006 7047     		bx	lr
 421              	.L32:
 422              		.align	2
 423              	.L31:
 424 0008 002004E0 		.word	-536600576
 425              		.cfi_endproc
 426              	.LFE77:
 428              		.section	.text.HAL_GetDEVID,"ax",%progbits
 429              		.align	1
 430              		.global	HAL_GetDEVID
 431              		.syntax unified
 432              		.thumb
 433              		.thumb_func
 434              		.fpu softvfp
 436              	HAL_GetDEVID:
 437              	.LFB78:
 397:Drivers/STM32F1xx_HAL_Driver/Src/stm32f1xx_hal.c **** 
 398:Drivers/STM32F1xx_HAL_Driver/Src/stm32f1xx_hal.c **** /**
 399:Drivers/STM32F1xx_HAL_Driver/Src/stm32f1xx_hal.c ****   * @brief  Returns the device identifier.
 400:Drivers/STM32F1xx_HAL_Driver/Src/stm32f1xx_hal.c ****   * Note: On devices STM32F10xx8 and STM32F10xxB,
 401:Drivers/STM32F1xx_HAL_Driver/Src/stm32f1xx_hal.c ****   *                  STM32F101xC/D/E and STM32F103xC/D/E,
 402:Drivers/STM32F1xx_HAL_Driver/Src/stm32f1xx_hal.c ****   *                  STM32F101xF/G and STM32F103xF/G
 403:Drivers/STM32F1xx_HAL_Driver/Src/stm32f1xx_hal.c ****   *                  STM32F10xx4 and STM32F10xx6
 404:Drivers/STM32F1xx_HAL_Driver/Src/stm32f1xx_hal.c ****   *       Debug registers DBGMCU_IDCODE and DBGMCU_CR are accessible only in 
 405:Drivers/STM32F1xx_HAL_Driver/Src/stm32f1xx_hal.c ****   *       debug mode (not accessible by the user software in normal mode).
 406:Drivers/STM32F1xx_HAL_Driver/Src/stm32f1xx_hal.c ****   *       Refer to errata sheet of these devices for more details.
 407:Drivers/STM32F1xx_HAL_Driver/Src/stm32f1xx_hal.c ****   * @retval Device identifier
 408:Drivers/STM32F1xx_HAL_Driver/Src/stm32f1xx_hal.c ****   */
 409:Drivers/STM32F1xx_HAL_Driver/Src/stm32f1xx_hal.c **** uint32_t HAL_GetDEVID(void)
 410:Drivers/STM32F1xx_HAL_Driver/Src/stm32f1xx_hal.c **** {
 438              		.loc 1 410 1 is_stmt 1 view -0
 439              		.cfi_startproc
 440              		@ args = 0, pretend = 0, frame = 0
 441              		@ frame_needed = 0, uses_anonymous_args = 0
 442              		@ link register save eliminated.
 411:Drivers/STM32F1xx_HAL_Driver/Src/stm32f1xx_hal.c ****    return((DBGMCU->IDCODE) & IDCODE_DEVID_MASK);
 443              		.loc 1 411 4 view .LVU67
 444              		.loc 1 411 18 is_stmt 0 view .LVU68
 445 0000 024B     		ldr	r3, .L34
 446 0002 1868     		ldr	r0, [r3]
 412:Drivers/STM32F1xx_HAL_Driver/Src/stm32f1xx_hal.c **** }
 447              		.loc 1 412 1 view .LVU69
 448 0004 C0F30B00 		ubfx	r0, r0, #0, #12
 449 0008 7047     		bx	lr
ARM GAS  /tmp/ccDqU66n.s 			page 16


 450              	.L35:
 451 000a 00BF     		.align	2
 452              	.L34:
 453 000c 002004E0 		.word	-536600576
 454              		.cfi_endproc
 455              	.LFE78:
 457              		.section	.text.HAL_DBGMCU_EnableDBGSleepMode,"ax",%progbits
 458              		.align	1
 459              		.global	HAL_DBGMCU_EnableDBGSleepMode
 460              		.syntax unified
 461              		.thumb
 462              		.thumb_func
 463              		.fpu softvfp
 465              	HAL_DBGMCU_EnableDBGSleepMode:
 466              	.LFB79:
 413:Drivers/STM32F1xx_HAL_Driver/Src/stm32f1xx_hal.c **** 
 414:Drivers/STM32F1xx_HAL_Driver/Src/stm32f1xx_hal.c **** /**
 415:Drivers/STM32F1xx_HAL_Driver/Src/stm32f1xx_hal.c ****   * @brief  Enable the Debug Module during SLEEP mode
 416:Drivers/STM32F1xx_HAL_Driver/Src/stm32f1xx_hal.c ****   * @retval None
 417:Drivers/STM32F1xx_HAL_Driver/Src/stm32f1xx_hal.c ****   */
 418:Drivers/STM32F1xx_HAL_Driver/Src/stm32f1xx_hal.c **** void HAL_DBGMCU_EnableDBGSleepMode(void)
 419:Drivers/STM32F1xx_HAL_Driver/Src/stm32f1xx_hal.c **** {
 467              		.loc 1 419 1 is_stmt 1 view -0
 468              		.cfi_startproc
 469              		@ args = 0, pretend = 0, frame = 0
 470              		@ frame_needed = 0, uses_anonymous_args = 0
 471              		@ link register save eliminated.
 420:Drivers/STM32F1xx_HAL_Driver/Src/stm32f1xx_hal.c ****   SET_BIT(DBGMCU->CR, DBGMCU_CR_DBG_SLEEP);
 472              		.loc 1 420 3 view .LVU71
 473 0000 024A     		ldr	r2, .L37
 474 0002 5368     		ldr	r3, [r2, #4]
 475 0004 43F00103 		orr	r3, r3, #1
 476 0008 5360     		str	r3, [r2, #4]
 421:Drivers/STM32F1xx_HAL_Driver/Src/stm32f1xx_hal.c **** }
 477              		.loc 1 421 1 is_stmt 0 view .LVU72
 478 000a 7047     		bx	lr
 479              	.L38:
 480              		.align	2
 481              	.L37:
 482 000c 002004E0 		.word	-536600576
 483              		.cfi_endproc
 484              	.LFE79:
 486              		.section	.text.HAL_DBGMCU_DisableDBGSleepMode,"ax",%progbits
 487              		.align	1
 488              		.global	HAL_DBGMCU_DisableDBGSleepMode
 489              		.syntax unified
 490              		.thumb
 491              		.thumb_func
 492              		.fpu softvfp
 494              	HAL_DBGMCU_DisableDBGSleepMode:
 495              	.LFB80:
 422:Drivers/STM32F1xx_HAL_Driver/Src/stm32f1xx_hal.c **** 
 423:Drivers/STM32F1xx_HAL_Driver/Src/stm32f1xx_hal.c **** /**
 424:Drivers/STM32F1xx_HAL_Driver/Src/stm32f1xx_hal.c ****   * @brief  Disable the Debug Module during SLEEP mode
 425:Drivers/STM32F1xx_HAL_Driver/Src/stm32f1xx_hal.c ****   * Note: On devices STM32F10xx8 and STM32F10xxB,
 426:Drivers/STM32F1xx_HAL_Driver/Src/stm32f1xx_hal.c ****   *                  STM32F101xC/D/E and STM32F103xC/D/E,
 427:Drivers/STM32F1xx_HAL_Driver/Src/stm32f1xx_hal.c ****   *                  STM32F101xF/G and STM32F103xF/G
ARM GAS  /tmp/ccDqU66n.s 			page 17


 428:Drivers/STM32F1xx_HAL_Driver/Src/stm32f1xx_hal.c ****   *                  STM32F10xx4 and STM32F10xx6
 429:Drivers/STM32F1xx_HAL_Driver/Src/stm32f1xx_hal.c ****   *       Debug registers DBGMCU_IDCODE and DBGMCU_CR are accessible only in 
 430:Drivers/STM32F1xx_HAL_Driver/Src/stm32f1xx_hal.c ****   *       debug mode (not accessible by the user software in normal mode).
 431:Drivers/STM32F1xx_HAL_Driver/Src/stm32f1xx_hal.c ****   *       Refer to errata sheet of these devices for more details.
 432:Drivers/STM32F1xx_HAL_Driver/Src/stm32f1xx_hal.c ****   * @retval None
 433:Drivers/STM32F1xx_HAL_Driver/Src/stm32f1xx_hal.c ****   */
 434:Drivers/STM32F1xx_HAL_Driver/Src/stm32f1xx_hal.c **** void HAL_DBGMCU_DisableDBGSleepMode(void)
 435:Drivers/STM32F1xx_HAL_Driver/Src/stm32f1xx_hal.c **** {
 496              		.loc 1 435 1 is_stmt 1 view -0
 497              		.cfi_startproc
 498              		@ args = 0, pretend = 0, frame = 0
 499              		@ frame_needed = 0, uses_anonymous_args = 0
 500              		@ link register save eliminated.
 436:Drivers/STM32F1xx_HAL_Driver/Src/stm32f1xx_hal.c ****   CLEAR_BIT(DBGMCU->CR, DBGMCU_CR_DBG_SLEEP);
 501              		.loc 1 436 3 view .LVU74
 502 0000 024A     		ldr	r2, .L40
 503 0002 5368     		ldr	r3, [r2, #4]
 504 0004 23F00103 		bic	r3, r3, #1
 505 0008 5360     		str	r3, [r2, #4]
 437:Drivers/STM32F1xx_HAL_Driver/Src/stm32f1xx_hal.c **** }
 506              		.loc 1 437 1 is_stmt 0 view .LVU75
 507 000a 7047     		bx	lr
 508              	.L41:
 509              		.align	2
 510              	.L40:
 511 000c 002004E0 		.word	-536600576
 512              		.cfi_endproc
 513              	.LFE80:
 515              		.section	.text.HAL_DBGMCU_EnableDBGStopMode,"ax",%progbits
 516              		.align	1
 517              		.global	HAL_DBGMCU_EnableDBGStopMode
 518              		.syntax unified
 519              		.thumb
 520              		.thumb_func
 521              		.fpu softvfp
 523              	HAL_DBGMCU_EnableDBGStopMode:
 524              	.LFB81:
 438:Drivers/STM32F1xx_HAL_Driver/Src/stm32f1xx_hal.c **** 
 439:Drivers/STM32F1xx_HAL_Driver/Src/stm32f1xx_hal.c **** /**
 440:Drivers/STM32F1xx_HAL_Driver/Src/stm32f1xx_hal.c ****   * @brief  Enable the Debug Module during STOP mode
 441:Drivers/STM32F1xx_HAL_Driver/Src/stm32f1xx_hal.c ****   * Note: On devices STM32F10xx8 and STM32F10xxB,
 442:Drivers/STM32F1xx_HAL_Driver/Src/stm32f1xx_hal.c ****   *                  STM32F101xC/D/E and STM32F103xC/D/E,
 443:Drivers/STM32F1xx_HAL_Driver/Src/stm32f1xx_hal.c ****   *                  STM32F101xF/G and STM32F103xF/G
 444:Drivers/STM32F1xx_HAL_Driver/Src/stm32f1xx_hal.c ****   *                  STM32F10xx4 and STM32F10xx6
 445:Drivers/STM32F1xx_HAL_Driver/Src/stm32f1xx_hal.c ****   *       Debug registers DBGMCU_IDCODE and DBGMCU_CR are accessible only in 
 446:Drivers/STM32F1xx_HAL_Driver/Src/stm32f1xx_hal.c ****   *       debug mode (not accessible by the user software in normal mode).
 447:Drivers/STM32F1xx_HAL_Driver/Src/stm32f1xx_hal.c ****   *       Refer to errata sheet of these devices for more details.
 448:Drivers/STM32F1xx_HAL_Driver/Src/stm32f1xx_hal.c ****   * Note: On all STM32F1 devices:
 449:Drivers/STM32F1xx_HAL_Driver/Src/stm32f1xx_hal.c ****   *       If the system tick timer interrupt is enabled during the Stop mode 
 450:Drivers/STM32F1xx_HAL_Driver/Src/stm32f1xx_hal.c ****   *       debug (DBG_STOP bit set in the DBGMCU_CR register ), it will wakeup
 451:Drivers/STM32F1xx_HAL_Driver/Src/stm32f1xx_hal.c ****   *       the system from Stop mode.
 452:Drivers/STM32F1xx_HAL_Driver/Src/stm32f1xx_hal.c ****   *       Workaround: To debug the Stop mode, disable the system tick timer 
 453:Drivers/STM32F1xx_HAL_Driver/Src/stm32f1xx_hal.c ****   *       interrupt.
 454:Drivers/STM32F1xx_HAL_Driver/Src/stm32f1xx_hal.c ****   *       Refer to errata sheet of these devices for more details.
 455:Drivers/STM32F1xx_HAL_Driver/Src/stm32f1xx_hal.c ****   * Note: On all STM32F1 devices:
 456:Drivers/STM32F1xx_HAL_Driver/Src/stm32f1xx_hal.c ****   *       If the system tick timer interrupt is enabled during the Stop mode  
 457:Drivers/STM32F1xx_HAL_Driver/Src/stm32f1xx_hal.c ****   *       debug (DBG_STOP bit set in the DBGMCU_CR register ), it will wakeup
ARM GAS  /tmp/ccDqU66n.s 			page 18


 458:Drivers/STM32F1xx_HAL_Driver/Src/stm32f1xx_hal.c ****   *       the system from Stop mode.
 459:Drivers/STM32F1xx_HAL_Driver/Src/stm32f1xx_hal.c ****   *       Workaround: To debug the Stop mode, disable the system tick timer
 460:Drivers/STM32F1xx_HAL_Driver/Src/stm32f1xx_hal.c ****   *       interrupt.
 461:Drivers/STM32F1xx_HAL_Driver/Src/stm32f1xx_hal.c ****   *       Refer to errata sheet of these devices for more details.
 462:Drivers/STM32F1xx_HAL_Driver/Src/stm32f1xx_hal.c ****   * @retval None
 463:Drivers/STM32F1xx_HAL_Driver/Src/stm32f1xx_hal.c ****   */
 464:Drivers/STM32F1xx_HAL_Driver/Src/stm32f1xx_hal.c **** void HAL_DBGMCU_EnableDBGStopMode(void)
 465:Drivers/STM32F1xx_HAL_Driver/Src/stm32f1xx_hal.c **** {
 525              		.loc 1 465 1 is_stmt 1 view -0
 526              		.cfi_startproc
 527              		@ args = 0, pretend = 0, frame = 0
 528              		@ frame_needed = 0, uses_anonymous_args = 0
 529              		@ link register save eliminated.
 466:Drivers/STM32F1xx_HAL_Driver/Src/stm32f1xx_hal.c ****   SET_BIT(DBGMCU->CR, DBGMCU_CR_DBG_STOP);
 530              		.loc 1 466 3 view .LVU77
 531 0000 024A     		ldr	r2, .L43
 532 0002 5368     		ldr	r3, [r2, #4]
 533 0004 43F00203 		orr	r3, r3, #2
 534 0008 5360     		str	r3, [r2, #4]
 467:Drivers/STM32F1xx_HAL_Driver/Src/stm32f1xx_hal.c **** }
 535              		.loc 1 467 1 is_stmt 0 view .LVU78
 536 000a 7047     		bx	lr
 537              	.L44:
 538              		.align	2
 539              	.L43:
 540 000c 002004E0 		.word	-536600576
 541              		.cfi_endproc
 542              	.LFE81:
 544              		.section	.text.HAL_DBGMCU_DisableDBGStopMode,"ax",%progbits
 545              		.align	1
 546              		.global	HAL_DBGMCU_DisableDBGStopMode
 547              		.syntax unified
 548              		.thumb
 549              		.thumb_func
 550              		.fpu softvfp
 552              	HAL_DBGMCU_DisableDBGStopMode:
 553              	.LFB82:
 468:Drivers/STM32F1xx_HAL_Driver/Src/stm32f1xx_hal.c **** 
 469:Drivers/STM32F1xx_HAL_Driver/Src/stm32f1xx_hal.c **** /**
 470:Drivers/STM32F1xx_HAL_Driver/Src/stm32f1xx_hal.c ****   * @brief  Disable the Debug Module during STOP mode
 471:Drivers/STM32F1xx_HAL_Driver/Src/stm32f1xx_hal.c ****   * Note: On devices STM32F10xx8 and STM32F10xxB,
 472:Drivers/STM32F1xx_HAL_Driver/Src/stm32f1xx_hal.c ****   *                  STM32F101xC/D/E and STM32F103xC/D/E,
 473:Drivers/STM32F1xx_HAL_Driver/Src/stm32f1xx_hal.c ****   *                  STM32F101xF/G and STM32F103xF/G
 474:Drivers/STM32F1xx_HAL_Driver/Src/stm32f1xx_hal.c ****   *                  STM32F10xx4 and STM32F10xx6
 475:Drivers/STM32F1xx_HAL_Driver/Src/stm32f1xx_hal.c ****   *       Debug registers DBGMCU_IDCODE and DBGMCU_CR are accessible only in 
 476:Drivers/STM32F1xx_HAL_Driver/Src/stm32f1xx_hal.c ****   *       debug mode (not accessible by the user software in normal mode).
 477:Drivers/STM32F1xx_HAL_Driver/Src/stm32f1xx_hal.c ****   *       Refer to errata sheet of these devices for more details.
 478:Drivers/STM32F1xx_HAL_Driver/Src/stm32f1xx_hal.c ****   * @retval None
 479:Drivers/STM32F1xx_HAL_Driver/Src/stm32f1xx_hal.c ****   */
 480:Drivers/STM32F1xx_HAL_Driver/Src/stm32f1xx_hal.c **** void HAL_DBGMCU_DisableDBGStopMode(void)
 481:Drivers/STM32F1xx_HAL_Driver/Src/stm32f1xx_hal.c **** {
 554              		.loc 1 481 1 is_stmt 1 view -0
 555              		.cfi_startproc
 556              		@ args = 0, pretend = 0, frame = 0
 557              		@ frame_needed = 0, uses_anonymous_args = 0
 558              		@ link register save eliminated.
 482:Drivers/STM32F1xx_HAL_Driver/Src/stm32f1xx_hal.c ****   CLEAR_BIT(DBGMCU->CR, DBGMCU_CR_DBG_STOP);
ARM GAS  /tmp/ccDqU66n.s 			page 19


 559              		.loc 1 482 3 view .LVU80
 560 0000 024A     		ldr	r2, .L46
 561 0002 5368     		ldr	r3, [r2, #4]
 562 0004 23F00203 		bic	r3, r3, #2
 563 0008 5360     		str	r3, [r2, #4]
 483:Drivers/STM32F1xx_HAL_Driver/Src/stm32f1xx_hal.c **** }
 564              		.loc 1 483 1 is_stmt 0 view .LVU81
 565 000a 7047     		bx	lr
 566              	.L47:
 567              		.align	2
 568              	.L46:
 569 000c 002004E0 		.word	-536600576
 570              		.cfi_endproc
 571              	.LFE82:
 573              		.section	.text.HAL_DBGMCU_EnableDBGStandbyMode,"ax",%progbits
 574              		.align	1
 575              		.global	HAL_DBGMCU_EnableDBGStandbyMode
 576              		.syntax unified
 577              		.thumb
 578              		.thumb_func
 579              		.fpu softvfp
 581              	HAL_DBGMCU_EnableDBGStandbyMode:
 582              	.LFB83:
 484:Drivers/STM32F1xx_HAL_Driver/Src/stm32f1xx_hal.c **** 
 485:Drivers/STM32F1xx_HAL_Driver/Src/stm32f1xx_hal.c **** /**
 486:Drivers/STM32F1xx_HAL_Driver/Src/stm32f1xx_hal.c ****   * @brief  Enable the Debug Module during STANDBY mode
 487:Drivers/STM32F1xx_HAL_Driver/Src/stm32f1xx_hal.c ****   * Note: On devices STM32F10xx8 and STM32F10xxB,
 488:Drivers/STM32F1xx_HAL_Driver/Src/stm32f1xx_hal.c ****   *                  STM32F101xC/D/E and STM32F103xC/D/E,
 489:Drivers/STM32F1xx_HAL_Driver/Src/stm32f1xx_hal.c ****   *                  STM32F101xF/G and STM32F103xF/G
 490:Drivers/STM32F1xx_HAL_Driver/Src/stm32f1xx_hal.c ****   *                  STM32F10xx4 and STM32F10xx6
 491:Drivers/STM32F1xx_HAL_Driver/Src/stm32f1xx_hal.c ****   *       Debug registers DBGMCU_IDCODE and DBGMCU_CR are accessible only in 
 492:Drivers/STM32F1xx_HAL_Driver/Src/stm32f1xx_hal.c ****   *       debug mode (not accessible by the user software in normal mode).
 493:Drivers/STM32F1xx_HAL_Driver/Src/stm32f1xx_hal.c ****   *       Refer to errata sheet of these devices for more details.
 494:Drivers/STM32F1xx_HAL_Driver/Src/stm32f1xx_hal.c ****   * @retval None
 495:Drivers/STM32F1xx_HAL_Driver/Src/stm32f1xx_hal.c ****   */
 496:Drivers/STM32F1xx_HAL_Driver/Src/stm32f1xx_hal.c **** void HAL_DBGMCU_EnableDBGStandbyMode(void)
 497:Drivers/STM32F1xx_HAL_Driver/Src/stm32f1xx_hal.c **** {
 583              		.loc 1 497 1 is_stmt 1 view -0
 584              		.cfi_startproc
 585              		@ args = 0, pretend = 0, frame = 0
 586              		@ frame_needed = 0, uses_anonymous_args = 0
 587              		@ link register save eliminated.
 498:Drivers/STM32F1xx_HAL_Driver/Src/stm32f1xx_hal.c ****   SET_BIT(DBGMCU->CR, DBGMCU_CR_DBG_STANDBY);
 588              		.loc 1 498 3 view .LVU83
 589 0000 024A     		ldr	r2, .L49
 590 0002 5368     		ldr	r3, [r2, #4]
 591 0004 43F00403 		orr	r3, r3, #4
 592 0008 5360     		str	r3, [r2, #4]
 499:Drivers/STM32F1xx_HAL_Driver/Src/stm32f1xx_hal.c **** }
 593              		.loc 1 499 1 is_stmt 0 view .LVU84
 594 000a 7047     		bx	lr
 595              	.L50:
 596              		.align	2
 597              	.L49:
 598 000c 002004E0 		.word	-536600576
 599              		.cfi_endproc
 600              	.LFE83:
ARM GAS  /tmp/ccDqU66n.s 			page 20


 602              		.section	.text.HAL_DBGMCU_DisableDBGStandbyMode,"ax",%progbits
 603              		.align	1
 604              		.global	HAL_DBGMCU_DisableDBGStandbyMode
 605              		.syntax unified
 606              		.thumb
 607              		.thumb_func
 608              		.fpu softvfp
 610              	HAL_DBGMCU_DisableDBGStandbyMode:
 611              	.LFB84:
 500:Drivers/STM32F1xx_HAL_Driver/Src/stm32f1xx_hal.c **** 
 501:Drivers/STM32F1xx_HAL_Driver/Src/stm32f1xx_hal.c **** /**
 502:Drivers/STM32F1xx_HAL_Driver/Src/stm32f1xx_hal.c ****   * @brief  Disable the Debug Module during STANDBY mode
 503:Drivers/STM32F1xx_HAL_Driver/Src/stm32f1xx_hal.c ****   * Note: On devices STM32F10xx8 and STM32F10xxB,
 504:Drivers/STM32F1xx_HAL_Driver/Src/stm32f1xx_hal.c ****   *                  STM32F101xC/D/E and STM32F103xC/D/E,
 505:Drivers/STM32F1xx_HAL_Driver/Src/stm32f1xx_hal.c ****   *                  STM32F101xF/G and STM32F103xF/G
 506:Drivers/STM32F1xx_HAL_Driver/Src/stm32f1xx_hal.c ****   *                  STM32F10xx4 and STM32F10xx6
 507:Drivers/STM32F1xx_HAL_Driver/Src/stm32f1xx_hal.c ****   *       Debug registers DBGMCU_IDCODE and DBGMCU_CR are accessible only in 
 508:Drivers/STM32F1xx_HAL_Driver/Src/stm32f1xx_hal.c ****   *       debug mode (not accessible by the user software in normal mode).
 509:Drivers/STM32F1xx_HAL_Driver/Src/stm32f1xx_hal.c ****   *       Refer to errata sheet of these devices for more details.
 510:Drivers/STM32F1xx_HAL_Driver/Src/stm32f1xx_hal.c ****   * @retval None
 511:Drivers/STM32F1xx_HAL_Driver/Src/stm32f1xx_hal.c ****   */
 512:Drivers/STM32F1xx_HAL_Driver/Src/stm32f1xx_hal.c **** void HAL_DBGMCU_DisableDBGStandbyMode(void)
 513:Drivers/STM32F1xx_HAL_Driver/Src/stm32f1xx_hal.c **** {
 612              		.loc 1 513 1 is_stmt 1 view -0
 613              		.cfi_startproc
 614              		@ args = 0, pretend = 0, frame = 0
 615              		@ frame_needed = 0, uses_anonymous_args = 0
 616              		@ link register save eliminated.
 514:Drivers/STM32F1xx_HAL_Driver/Src/stm32f1xx_hal.c ****   CLEAR_BIT(DBGMCU->CR, DBGMCU_CR_DBG_STANDBY);
 617              		.loc 1 514 3 view .LVU86
 618 0000 024A     		ldr	r2, .L52
 619 0002 5368     		ldr	r3, [r2, #4]
 620 0004 23F00403 		bic	r3, r3, #4
 621 0008 5360     		str	r3, [r2, #4]
 515:Drivers/STM32F1xx_HAL_Driver/Src/stm32f1xx_hal.c **** }
 622              		.loc 1 515 1 is_stmt 0 view .LVU87
 623 000a 7047     		bx	lr
 624              	.L53:
 625              		.align	2
 626              	.L52:
 627 000c 002004E0 		.word	-536600576
 628              		.cfi_endproc
 629              	.LFE84:
 631              		.section	.text.HAL_GetUID,"ax",%progbits
 632              		.align	1
 633              		.global	HAL_GetUID
 634              		.syntax unified
 635              		.thumb
 636              		.thumb_func
 637              		.fpu softvfp
 639              	HAL_GetUID:
 640              	.LVL15:
 641              	.LFB85:
 516:Drivers/STM32F1xx_HAL_Driver/Src/stm32f1xx_hal.c **** 
 517:Drivers/STM32F1xx_HAL_Driver/Src/stm32f1xx_hal.c **** /**
 518:Drivers/STM32F1xx_HAL_Driver/Src/stm32f1xx_hal.c ****   * @brief Return the unique device identifier (UID based on 96 bits)
 519:Drivers/STM32F1xx_HAL_Driver/Src/stm32f1xx_hal.c ****   * @param UID: pointer to 3 words array.
ARM GAS  /tmp/ccDqU66n.s 			page 21


 520:Drivers/STM32F1xx_HAL_Driver/Src/stm32f1xx_hal.c ****   * @retval Device identifier
 521:Drivers/STM32F1xx_HAL_Driver/Src/stm32f1xx_hal.c ****   */
 522:Drivers/STM32F1xx_HAL_Driver/Src/stm32f1xx_hal.c **** void HAL_GetUID(uint32_t *UID)
 523:Drivers/STM32F1xx_HAL_Driver/Src/stm32f1xx_hal.c **** {
 642              		.loc 1 523 1 is_stmt 1 view -0
 643              		.cfi_startproc
 644              		@ args = 0, pretend = 0, frame = 0
 645              		@ frame_needed = 0, uses_anonymous_args = 0
 646              		@ link register save eliminated.
 524:Drivers/STM32F1xx_HAL_Driver/Src/stm32f1xx_hal.c ****   UID[0] = (uint32_t)(READ_REG(*((uint32_t *)UID_BASE)));
 647              		.loc 1 524 3 view .LVU89
 648              		.loc 1 524 12 is_stmt 0 view .LVU90
 649 0000 054B     		ldr	r3, .L55
 650 0002 D3F8E827 		ldr	r2, [r3, #2024]
 651              		.loc 1 524 10 view .LVU91
 652 0006 0260     		str	r2, [r0]
 525:Drivers/STM32F1xx_HAL_Driver/Src/stm32f1xx_hal.c ****   UID[1] = (uint32_t)(READ_REG(*((uint32_t *)(UID_BASE + 4U))));
 653              		.loc 1 525 3 is_stmt 1 view .LVU92
 654              		.loc 1 525 12 is_stmt 0 view .LVU93
 655 0008 D3F8EC27 		ldr	r2, [r3, #2028]
 656              		.loc 1 525 10 view .LVU94
 657 000c 4260     		str	r2, [r0, #4]
 526:Drivers/STM32F1xx_HAL_Driver/Src/stm32f1xx_hal.c ****   UID[2] = (uint32_t)(READ_REG(*((uint32_t *)(UID_BASE + 8U))));
 658              		.loc 1 526 3 is_stmt 1 view .LVU95
 659              		.loc 1 526 12 is_stmt 0 view .LVU96
 660 000e D3F8F037 		ldr	r3, [r3, #2032]
 661              		.loc 1 526 10 view .LVU97
 662 0012 8360     		str	r3, [r0, #8]
 527:Drivers/STM32F1xx_HAL_Driver/Src/stm32f1xx_hal.c **** }
 663              		.loc 1 527 1 view .LVU98
 664 0014 7047     		bx	lr
 665              	.L56:
 666 0016 00BF     		.align	2
 667              	.L55:
 668 0018 00F0FF1F 		.word	536866816
 669              		.cfi_endproc
 670              	.LFE85:
 672              		.global	uwTick
 673              		.section	.bss.uwTick,"aw",%nobits
 674              		.align	2
 675              		.set	.LANCHOR0,. + 0
 678              	uwTick:
 679 0000 00000000 		.space	4
 680              		.text
 681              	.Letext0:
 682              		.file 2 "Drivers/CMSIS/Include/core_cm3.h"
 683              		.file 3 "/usr/lib/gcc/arm-none-eabi/10.3.1/include/stdint.h"
 684              		.file 4 "Drivers/CMSIS/Device/ST/STM32F1xx/Include/stm32f103xe.h"
 685              		.file 5 "Drivers/STM32F1xx_HAL_Driver/Inc/stm32f1xx_hal_def.h"
 686              		.file 6 "Drivers/CMSIS/Device/ST/STM32F1xx/Include/system_stm32f1xx.h"
 687              		.file 7 "Drivers/STM32F1xx_HAL_Driver/Inc/stm32f1xx_hal_cortex.h"
ARM GAS  /tmp/ccDqU66n.s 			page 22


DEFINED SYMBOLS
                            *ABS*:0000000000000000 stm32f1xx_hal.c
     /tmp/ccDqU66n.s:16     .text.HAL_MspInit:0000000000000000 $t
     /tmp/ccDqU66n.s:24     .text.HAL_MspInit:0000000000000000 HAL_MspInit
     /tmp/ccDqU66n.s:38     .text.HAL_MspDeInit:0000000000000000 $t
     /tmp/ccDqU66n.s:45     .text.HAL_MspDeInit:0000000000000000 HAL_MspDeInit
     /tmp/ccDqU66n.s:58     .text.HAL_DeInit:0000000000000000 $t
     /tmp/ccDqU66n.s:65     .text.HAL_DeInit:0000000000000000 HAL_DeInit
     /tmp/ccDqU66n.s:97     .text.HAL_DeInit:000000000000001c $d
     /tmp/ccDqU66n.s:102    .text.HAL_InitTick:0000000000000000 $t
     /tmp/ccDqU66n.s:109    .text.HAL_InitTick:0000000000000000 HAL_InitTick
     /tmp/ccDqU66n.s:148    .text.HAL_InitTick:0000000000000024 $d
     /tmp/ccDqU66n.s:154    .text.HAL_Init:0000000000000000 $t
     /tmp/ccDqU66n.s:161    .text.HAL_Init:0000000000000000 HAL_Init
     /tmp/ccDqU66n.s:195    .text.HAL_Init:0000000000000020 $d
     /tmp/ccDqU66n.s:200    .text.HAL_IncTick:0000000000000000 $t
     /tmp/ccDqU66n.s:207    .text.HAL_IncTick:0000000000000000 HAL_IncTick
     /tmp/ccDqU66n.s:225    .text.HAL_IncTick:000000000000000c $d
     /tmp/ccDqU66n.s:230    .text.HAL_GetTick:0000000000000000 $t
     /tmp/ccDqU66n.s:237    .text.HAL_GetTick:0000000000000000 HAL_GetTick
     /tmp/ccDqU66n.s:253    .text.HAL_GetTick:0000000000000008 $d
     /tmp/ccDqU66n.s:258    .text.HAL_Delay:0000000000000000 $t
     /tmp/ccDqU66n.s:265    .text.HAL_Delay:0000000000000000 HAL_Delay
     /tmp/ccDqU66n.s:324    .text.HAL_SuspendTick:0000000000000000 $t
     /tmp/ccDqU66n.s:331    .text.HAL_SuspendTick:0000000000000000 HAL_SuspendTick
     /tmp/ccDqU66n.s:349    .text.HAL_ResumeTick:0000000000000000 $t
     /tmp/ccDqU66n.s:356    .text.HAL_ResumeTick:0000000000000000 HAL_ResumeTick
     /tmp/ccDqU66n.s:374    .text.HAL_GetHalVersion:0000000000000000 $t
     /tmp/ccDqU66n.s:381    .text.HAL_GetHalVersion:0000000000000000 HAL_GetHalVersion
     /tmp/ccDqU66n.s:395    .text.HAL_GetHalVersion:0000000000000004 $d
     /tmp/ccDqU66n.s:400    .text.HAL_GetREVID:0000000000000000 $t
     /tmp/ccDqU66n.s:407    .text.HAL_GetREVID:0000000000000000 HAL_GetREVID
     /tmp/ccDqU66n.s:424    .text.HAL_GetREVID:0000000000000008 $d
     /tmp/ccDqU66n.s:429    .text.HAL_GetDEVID:0000000000000000 $t
     /tmp/ccDqU66n.s:436    .text.HAL_GetDEVID:0000000000000000 HAL_GetDEVID
     /tmp/ccDqU66n.s:453    .text.HAL_GetDEVID:000000000000000c $d
     /tmp/ccDqU66n.s:458    .text.HAL_DBGMCU_EnableDBGSleepMode:0000000000000000 $t
     /tmp/ccDqU66n.s:465    .text.HAL_DBGMCU_EnableDBGSleepMode:0000000000000000 HAL_DBGMCU_EnableDBGSleepMode
     /tmp/ccDqU66n.s:482    .text.HAL_DBGMCU_EnableDBGSleepMode:000000000000000c $d
     /tmp/ccDqU66n.s:487    .text.HAL_DBGMCU_DisableDBGSleepMode:0000000000000000 $t
     /tmp/ccDqU66n.s:494    .text.HAL_DBGMCU_DisableDBGSleepMode:0000000000000000 HAL_DBGMCU_DisableDBGSleepMode
     /tmp/ccDqU66n.s:511    .text.HAL_DBGMCU_DisableDBGSleepMode:000000000000000c $d
     /tmp/ccDqU66n.s:516    .text.HAL_DBGMCU_EnableDBGStopMode:0000000000000000 $t
     /tmp/ccDqU66n.s:523    .text.HAL_DBGMCU_EnableDBGStopMode:0000000000000000 HAL_DBGMCU_EnableDBGStopMode
     /tmp/ccDqU66n.s:540    .text.HAL_DBGMCU_EnableDBGStopMode:000000000000000c $d
     /tmp/ccDqU66n.s:545    .text.HAL_DBGMCU_DisableDBGStopMode:0000000000000000 $t
     /tmp/ccDqU66n.s:552    .text.HAL_DBGMCU_DisableDBGStopMode:0000000000000000 HAL_DBGMCU_DisableDBGStopMode
     /tmp/ccDqU66n.s:569    .text.HAL_DBGMCU_DisableDBGStopMode:000000000000000c $d
     /tmp/ccDqU66n.s:574    .text.HAL_DBGMCU_EnableDBGStandbyMode:0000000000000000 $t
     /tmp/ccDqU66n.s:581    .text.HAL_DBGMCU_EnableDBGStandbyMode:0000000000000000 HAL_DBGMCU_EnableDBGStandbyMode
     /tmp/ccDqU66n.s:598    .text.HAL_DBGMCU_EnableDBGStandbyMode:000000000000000c $d
     /tmp/ccDqU66n.s:603    .text.HAL_DBGMCU_DisableDBGStandbyMode:0000000000000000 $t
     /tmp/ccDqU66n.s:610    .text.HAL_DBGMCU_DisableDBGStandbyMode:0000000000000000 HAL_DBGMCU_DisableDBGStandbyMode
     /tmp/ccDqU66n.s:627    .text.HAL_DBGMCU_DisableDBGStandbyMode:000000000000000c $d
     /tmp/ccDqU66n.s:632    .text.HAL_GetUID:0000000000000000 $t
     /tmp/ccDqU66n.s:639    .text.HAL_GetUID:0000000000000000 HAL_GetUID
     /tmp/ccDqU66n.s:668    .text.HAL_GetUID:0000000000000018 $d
ARM GAS  /tmp/ccDqU66n.s 			page 23


     /tmp/ccDqU66n.s:678    .bss.uwTick:0000000000000000 uwTick
     /tmp/ccDqU66n.s:674    .bss.uwTick:0000000000000000 $d

UNDEFINED SYMBOLS
HAL_SYSTICK_Config
HAL_NVIC_SetPriority
SystemCoreClock
HAL_NVIC_SetPriorityGrouping
